#
# A fatal error has been detected by the Java Runtime Environment:
#
#  EXCEPTION_ACCESS_VIOLATION (0xc0000005) at pc=0x00007ffd01369670, pid=10516, tid=7248
#
# JRE version: OpenJDK Runtime Environment (11.0.2+9) (build 11.0.2+9)
# Java VM: OpenJDK 64-Bit Server VM (11.0.2+9, mixed mode, tiered, compressed oops, g1 gc, windows-amd64)
# Problematic frame:
# C  0x00007ffd01369670
#
# No core dump will be written. Minidumps are not enabled by default on client versions of Windows
#
# If you would like to submit a bug report, please visit:
#   http://bugreport.java.com/bugreport/crash.jsp
# The crash happened outside the Java Virtual Machine in native code.
# See problematic frame for where to report the bug.
#

---------------  S U M M A R Y ------------

Command Line: -Dsun.java2d.pmoffscreen=false -Dhttps.protocols=TLSv1,TLSv1.1,TLSv1.2 -Dsun.java2d.xrender=false -Dsun.java2d.d3d=false -Dsun.awt.nopixfmt=true -Dsun.java2d.dpiaware=true -Dsun.java2d.uiScale.enabled=false -Xverify:none -Dswing.aatext=true -XX:-UsePerfData -Djdk.map.althashing.threshold=512 -XX:StringTableSize=4072 --add-opens=java.base/java.nio=ALL-UNNAMED --add-opens=java.desktop/sun.swing=ALL-UNNAMED --add-opens=java.desktop/javax.swing=ALL-UNNAMED --add-opens=java.desktop/javax.swing.tree=ALL-UNNAMED --add-opens=java.desktop/javax.swing.plaf.basic=ALL-UNNAMED --add-opens=java.desktop/javax.swing.plaf.synth=ALL-UNNAMED --add-opens=java.desktop/com.sun.awt=ALL-UNNAMED -XX:NewSize=60m -XX:MaxNewSize=60m -Xms128m -Xmx3072m -Xss5m 

Host: AMD Ryzen 5 3600 6-Core Processor              , 12 cores, 31G,  Windows 10 , 64 bit Build 19041 (10.0.19041.3636)
Time: Thu Jan 25 22:13:57 2024 Est elapsed time: 446 seconds (0d 0h 7m 26s)

---------------  T H R E A D  ---------------

Current thread (0x000001a880ee3800):  JavaThread "AWT-EventQueue-0" [_thread_in_native, id=7248, stack(0x0000001f21b00000,0x0000001f22000000)]

Stack: [0x0000001f21b00000,0x0000001f22000000],  sp=0x0000001f21ff3a58,  free space=5070k
Native frames: (J=compiled Java code, j=interpreted, Vv=VM code, C=native code)
C  0x00007ffd01369670

Java frames: (J=compiled Java code, j=interpreted, Vv=VM code)
J 20936  ui.views.waveform.waveformi.WVExecutive_getGraphicsDataSize(J)J (0 bytes) @ 0x000001a8d2861311 [0x000001a8d28612c0+0x0000000000000051]
J 20935 c1 ui.views.waveform.executive.a.klK()Ljava/io/ByteArrayInputStream; (93 bytes) @ 0x000001a8cb0ec22c [0x000001a8cb0ec140+0x00000000000000ec]
J 20934 c1 ui.views.waveform.b.a.klh()V (144 bytes) @ 0x000001a8cb977134 [0x000001a8cb9770a0+0x0000000000000094]
J 20802 c1 ui.views.waveform.w.aH(ZZ)V (48 bytes) @ 0x000001a8cd769464 [0x000001a8cd768f60+0x0000000000000504]
J 19961 c1 ui.views.waveform.c.b.j(Lui/frmwork/a/l;)V (605 bytes) @ 0x000001a8cd50c35c [0x000001a8cd503880+0x0000000000008adc]
J 19960 c1 ui.views.waveform.w.handleTclEvent(Lui/frmwork/a/l;)V (17 bytes) @ 0x000001a8cd5023bc [0x000001a8cd5022e0+0x00000000000000dc]
J 21234 c2 ui.frmwork.E.i(JZ)V (471 bytes) @ 0x000001a8d3459730 [0x000001a8d34588e0+0x0000000000000e50]
J 18643 c1 ui.frmwork.E.fireTclEvent(J)I (113 bytes) @ 0x000001a8cd17f6c4 [0x000001a8cd17ef20+0x00000000000007a4]
v  ~StubRoutines::call_stub
j  ui.views.waveform.waveformi.WVExecutive_processModelEvent(JJ)V+0
j  ui.views.waveform.executive.a.gb(J)V+5
j  ui.views.waveform.c.b.ga(J)V+8
J 19961 c1 ui.views.waveform.c.b.j(Lui/frmwork/a/l;)V (605 bytes) @ 0x000001a8cd50d0f4 [0x000001a8cd503880+0x0000000000009874]
J 19960 c1 ui.views.waveform.w.handleTclEvent(Lui/frmwork/a/l;)V (17 bytes) @ 0x000001a8cd5023bc [0x000001a8cd5022e0+0x00000000000000dc]
J 21234 c2 ui.frmwork.E.i(JZ)V (471 bytes) @ 0x000001a8d3459730 [0x000001a8d34588e0+0x0000000000000e50]
J 18643 c1 ui.frmwork.E.fireTclEvent(J)I (113 bytes) @ 0x000001a8cd17f6c4 [0x000001a8cd17ef20+0x00000000000007a4]
v  ~StubRoutines::call_stub
j  ui.views.waveform.waveformi.WVExecutive_processModelEvent(JJ)V+0
j  ui.views.waveform.executive.a.gb(J)V+5
j  ui.views.waveform.c.b.ga(J)V+8
j  ui.views.waveform.c.e.actionPerformed(Ljava/awt/event/ActionEvent;)V+8
J 17847 c2 javax.swing.Timer.fireActionPerformed(Ljava/awt/event/ActionEvent;)V java.desktop@11.0.2 (46 bytes) @ 0x000001a8d2b35860 [0x000001a8d2b35740+0x0000000000000120]
J 18995 c1 javax.swing.Timer$DoPostEvent.run()V java.desktop@11.0.2 (82 bytes) @ 0x000001a8cd2be514 [0x000001a8cd2bdd60+0x00000000000007b4]
J 13459 c2 java.awt.event.InvocationEvent.dispatch()V java.desktop@11.0.2 (69 bytes) @ 0x000001a8d2944e1c [0x000001a8d2944dc0+0x000000000000005c]
J 14703 c2 java.awt.EventQueue$4.run()Ljava/lang/Object; java.desktop@11.0.2 (5 bytes) @ 0x000001a8d2bbd31c [0x000001a8d2bbd260+0x00000000000000bc]
v  ~StubRoutines::call_stub
J 4211  java.security.AccessController.doPrivileged(Ljava/security/PrivilegedAction;Ljava/security/AccessControlContext;)Ljava/lang/Object; java.base@11.0.2 (0 bytes) @ 0x000001a8d224e736 [0x000001a8d224e6c0+0x0000000000000076]
J 18992 c2 java.awt.EventQueue.dispatchEvent(Ljava/awt/AWTEvent;)V java.desktop@11.0.2 (80 bytes) @ 0x000001a8d31802f4 [0x000001a8d317ffc0+0x0000000000000334]
J 19619 c2 ui.frmwork.a.d.dispatchEvent(Ljava/awt/AWTEvent;)V (42 bytes) @ 0x000001a8d3236d74 [0x000001a8d3236c80+0x00000000000000f4]
J 21118 c2 java.awt.EventDispatchThread.pumpEventsForFilter(ILjava/awt/Conditional;Ljava/awt/EventFilter;)V java.desktop@11.0.2 (47 bytes) @ 0x000001a8d2d24de0 [0x000001a8d2d24b40+0x00000000000002a0]
j  java.awt.EventDispatchThread.pumpEventsForFilter(Ljava/awt/Conditional;Ljava/awt/EventFilter;)V+4 java.desktop@11.0.2
j  java.awt.WaitDispatchSupport$2.run()V+59 java.desktop@11.0.2
j  java.awt.WaitDispatchSupport$4.run()Ljava/lang/Void;+4 java.desktop@11.0.2
j  java.awt.WaitDispatchSupport$4.run()Ljava/lang/Object;+1 java.desktop@11.0.2
v  ~StubRoutines::call_stub
J 951  java.security.AccessController.doPrivileged(Ljava/security/PrivilegedAction;)Ljava/lang/Object; java.base@11.0.2 (0 bytes) @ 0x000001a8d2073ea2 [0x000001a8d2073e40+0x0000000000000062]
j  java.awt.WaitDispatchSupport.enter()Z+260 java.desktop@11.0.2
j  java.awt.Dialog.show()V+224 java.desktop@11.0.2
J 11731 c1 java.awt.Component.setVisible(Z)V java.desktop@11.0.2 (6 bytes) @ 0x000001a8cabb1a64 [0x000001a8cabb1860+0x0000000000000204]
j  java.awt.Window.setVisible(Z)V+2 java.desktop@11.0.2
j  java.awt.Dialog.setVisible(Z)V+2 java.desktop@11.0.2
j  ui.dlg.c.g.setVisible(Z)V+2
j  ui.dlg.c.bz.bIi()V+64
j  ui.dlg.c.bI.actionPerformed(Ljava/awt/event/ActionEvent;)V+8
j  ui.dlg.c.bz.fud()V+388
j  ui.views.c.t.b.a.run()V+60
j  ui.frmwork.cmd.a.hsT()Z+66
j  ui.frmwork.cmd.d.htb()V+42
j  ui.bm.actionPerformed(Ljava/awt/event/ActionEvent;)V+25
j  javax.swing.AbstractButton.fireActionPerformed(Ljava/awt/event/ActionEvent;)V+83 java.desktop@11.0.2
j  ui.utils.swing.b.E.fireActionPerformed(Ljava/awt/event/ActionEvent;)V+7
j  javax.swing.AbstractButton$Handler.actionPerformed(Ljava/awt/event/ActionEvent;)V+5 java.desktop@11.0.2
j  javax.swing.DefaultButtonModel.fireActionPerformed(Ljava/awt/event/ActionEvent;)V+34 java.desktop@11.0.2
j  javax.swing.DefaultButtonModel.setPressed(Z)V+117 java.desktop@11.0.2
j  javax.swing.plaf.basic.BasicButtonListener.mouseReleased(Ljava/awt/event/MouseEvent;)V+35 java.desktop@11.0.2
j  com.jidesoft.plaf.basic.BasicJideButtonListener.mouseReleased(Ljava/awt/event/MouseEvent;)V+61
j  java.awt.AWTEventMulticaster.mouseReleased(Ljava/awt/event/MouseEvent;)V+8 java.desktop@11.0.2
j  java.awt.AWTEventMulticaster.mouseReleased(Ljava/awt/event/MouseEvent;)V+8 java.desktop@11.0.2
j  java.awt.AWTEventMulticaster.mouseReleased(Ljava/awt/event/MouseEvent;)V+8 java.desktop@11.0.2
j  java.awt.AWTEventMulticaster.mouseReleased(Ljava/awt/event/MouseEvent;)V+8 java.desktop@11.0.2
J 13832 c1 java.awt.Component.processMouseEvent(Ljava/awt/event/MouseEvent;)V java.desktop@11.0.2 (100 bytes) @ 0x000001a8cc7e4c3c [0x000001a8cc7e47c0+0x000000000000047c]
J 13831 c1 javax.swing.JComponent.processMouseEvent(Ljava/awt/event/MouseEvent;)V java.desktop@11.0.2 (27 bytes) @ 0x000001a8cc7e42f4 [0x000001a8cc7e40e0+0x0000000000000214]
J 20968 c2 java.awt.Container.processEvent(Ljava/awt/AWTEvent;)V java.desktop@11.0.2 (22 bytes) @ 0x000001a8d298ae24 [0x000001a8d298aba0+0x0000000000000284]
J 20452 c2 java.awt.Component.dispatchEventImpl(Ljava/awt/AWTEvent;)V java.desktop@11.0.2 (777 bytes) @ 0x000001a8d33709a4 [0x000001a8d33700a0+0x0000000000000904]
J 15962 c2 java.awt.Container.dispatchEventImpl(Ljava/awt/AWTEvent;)V java.desktop@11.0.2 (129 bytes) @ 0x000001a8d2d94f38 [0x000001a8d2d94680+0x00000000000008b8]
J 15957 c2 java.awt.LightweightDispatcher.retargetMouseEvent(Ljava/awt/Component;ILjava/awt/event/MouseEvent;)V java.desktop@11.0.2 (372 bytes) @ 0x000001a8d2d92728 [0x000001a8d2d92160+0x00000000000005c8]
J 15962 c2 java.awt.Container.dispatchEventImpl(Ljava/awt/AWTEvent;)V java.desktop@11.0.2 (129 bytes) @ 0x000001a8d2d953d0 [0x000001a8d2d94680+0x0000000000000d50]
J 14734 c2 java.awt.Window.dispatchEventImpl(Ljava/awt/AWTEvent;)V java.desktop@11.0.2 (23 bytes) @ 0x000001a8d2bc2b0c [0x000001a8d2bc2ac0+0x000000000000004c]
J 14703 c2 java.awt.EventQueue$4.run()Ljava/lang/Object; java.desktop@11.0.2 (5 bytes) @ 0x000001a8d2bbd3b0 [0x000001a8d2bbd260+0x0000000000000150]
v  ~StubRoutines::call_stub
J 4211  java.security.AccessController.doPrivileged(Ljava/security/PrivilegedAction;Ljava/security/AccessControlContext;)Ljava/lang/Object; java.base@11.0.2 (0 bytes) @ 0x000001a8d224e736 [0x000001a8d224e6c0+0x0000000000000076]
J 13635 c2 java.awt.EventQueue$5.run()Ljava/lang/Object; java.desktop@11.0.2 (5 bytes) @ 0x000001a8d2995e3c [0x000001a8d2995be0+0x000000000000025c]
v  ~StubRoutines::call_stub
J 4211  java.security.AccessController.doPrivileged(Ljava/security/PrivilegedAction;Ljava/security/AccessControlContext;)Ljava/lang/Object; java.base@11.0.2 (0 bytes) @ 0x000001a8d224e736 [0x000001a8d224e6c0+0x0000000000000076]
J 18992 c2 java.awt.EventQueue.dispatchEvent(Ljava/awt/AWTEvent;)V java.desktop@11.0.2 (80 bytes) @ 0x000001a8d318054c [0x000001a8d317ffc0+0x000000000000058c]
J 19619 c2 ui.frmwork.a.d.dispatchEvent(Ljava/awt/AWTEvent;)V (42 bytes) @ 0x000001a8d3236d74 [0x000001a8d3236c80+0x00000000000000f4]
J 20864% c2 java.awt.EventDispatchThread.pumpEventsForFilter(ILjava/awt/Conditional;Ljava/awt/EventFilter;)V java.desktop@11.0.2 (47 bytes) @ 0x000001a8d2313358 [0x000001a8d2313040+0x0000000000000318]
j  java.awt.EventDispatchThread.pumpEventsForHierarchy(ILjava/awt/Conditional;Ljava/awt/Component;)V+11 java.desktop@11.0.2
j  java.awt.EventDispatchThread.pumpEvents(ILjava/awt/Conditional;)V+4 java.desktop@11.0.2
j  java.awt.EventDispatchThread.pumpEvents(Ljava/awt/Conditional;)V+3 java.desktop@11.0.2
j  java.awt.EventDispatchThread.run()V+9 java.desktop@11.0.2
v  ~StubRoutines::call_stub

siginfo: EXCEPTION_ACCESS_VIOLATION (0xc0000005), data execution prevention violation at address 0x00007ffd01369670


Register to memory mapping:

RIP=0x00007ffd01369670 points into unknown readable memory: 01 00 00 00 00 00 00 00
RAX=0x00007ffd01310720 points into unknown readable memory: 00 88 f7 00 fd 7f 00 00
RBX=0x0000000000000001 is an unknown value
RCX=0x000001a899ba5190 points into unknown readable memory: 00 50 32 01 fd 7f 00 00
RDX=0x000001a8f42e0d90 points into unknown readable memory: d8 84 8f f9 fc 7f 00 00
RSP=0x0000001f21ff3a58 is pointing into the stack for thread: 0x000001a880ee3800
RBP=0x0000001f21ff3c50 is pointing into the stack for thread: 0x000001a880ee3800
RSI=0x000001a894441d70 points into unknown readable memory: 30 07 31 01 fd 7f 00 00
RDI=0x000001a899ba5190 points into unknown readable memory: 00 50 32 01 fd 7f 00 00
R8 =0x0000001f21ff3c40 is pointing into the stack for thread: 0x000001a880ee3800
R9 =0x0000001f21ff3c80 is pointing into the stack for thread: 0x000001a880ee3800
R10=0x00007ffdb6020000 VCRUNTIME140.dll
R11=0x07fb0fc0390c5ad2 is an unknown value
R12=0x0000001f21ff3c40 is pointing into the stack for thread: 0x000001a880ee3800
R13=0x0000001f21ff3c80 is pointing into the stack for thread: 0x000001a880ee3800
R14=0x0000001f21ff3d58 is pointing into the stack for thread: 0x000001a880ee3800
R15=0x000001a8f42e0d90 points into unknown readable memory: d8 84 8f f9 fc 7f 00 00


Registers:
RAX=0x00007ffd01310720, RBX=0x0000000000000001, RCX=0x000001a899ba5190, RDX=0x000001a8f42e0d90
RSP=0x0000001f21ff3a58, RBP=0x0000001f21ff3c50, RSI=0x000001a894441d70, RDI=0x000001a899ba5190
R8 =0x0000001f21ff3c40, R9 =0x0000001f21ff3c80, R10=0x00007ffdb6020000, R11=0x07fb0fc0390c5ad2
R12=0x0000001f21ff3c40, R13=0x0000001f21ff3c80, R14=0x0000001f21ff3d58, R15=0x000001a8f42e0d90
RIP=0x00007ffd01369670, EFLAGS=0x0000000000010202

Top of Stack: (sp=0x0000001f21ff3a58)
0x0000001f21ff3a58:   00007ffd01040855 000001a8d2314308
0x0000001f21ff3a68:   00007ffdc987b86b 0000000000930123
0x0000001f21ff3a78:   0000000000000063 fffffffffffffffe
0x0000001f21ff3a88:   000001a8d2312d90 000001a89ad0a800
0x0000001f21ff3a98:   00007ffd3271ec00 000001a800000000
0x0000001f21ff3aa8:   000001a8bb3f1880 000001a880ee3800
0x0000001f21ff3ab8:   000001a8bb3e0000 000001a8bb3e02a4
0x0000001f21ff3ac8:   0000001f21ff4e00 0000000000000010
0x0000001f21ff3ad8:   000001a8bb3e0db0 0000001ff308b920
0x0000001f21ff3ae8:   0000000000000000 000081efb8ecb579
0x0000001f21ff3af8:   0000000000000010 0000000000000008
0x0000001f21ff3b08:   0000000000000000 0000001f21ff3d58
0x0000001f21ff3b18:   000001a89b721af8 000001a899ba5190
0x0000001f21ff3b28:   000001a8f42e0d90 000001a894441d70
0x0000001f21ff3b38:   0000001f21ff3c50 0000000000000001
0x0000001f21ff3b48:   00007ffd010383a6 0000000003b403dc 

Instructions: (pc=0x00007ffd01369670)
0x00007ffd01369650:   00 00 00 00 ff ff ff ff 00 00 00 00 40 00 00 00
0x00007ffd01369660:   20 96 43 00 00 00 00 00 00 00 00 00 00 00 00 00
0x00007ffd01369670:   01 00 00 00 00 00 00 00 00 00 00 00 a0 19 57 00
0x00007ffd01369680:   98 96 43 00 70 96 43 00 00 00 00 00 00 00 00 00 


Stack slot to memory mapping:
stack at sp + 0 slots: 0x00007ffd01040855 points into unknown readable memory: 8b f0 83
stack at sp + 1 slots: 0x000001a8d2314308 is at entry_point+4808 in (nmethod*)0x000001a8d2312d90
stack at sp + 2 slots: 0x00007ffdc987b86b ntdll.dll
stack at sp + 3 slots: 0x0000000000930123 is an unknown value
stack at sp + 4 slots: 0x0000000000000063 is an unknown value
stack at sp + 5 slots: 0xfffffffffffffffe is an unknown value
stack at sp + 6 slots: 0x000001a8d2312d90 is at entry_point+-688 in (nmethod*)0x000001a8d2312d90
stack at sp + 7 slots: 0x000001a89ad0a800 points into unknown readable memory: 00 00 00 00 00 00 00 00


---------------  P R O C E S S  ---------------

Threads class SMR info:
_java_thread_list=0x000001a8ed0787a0, length=54, elements={
0x000001a8fbb9a800, 0x000001a8fe5ae800, 0x000001a8c022e800, 0x000001a8dc6dc800,
0x000001a8dc6dd000, 0x000001a8801b7800, 0x000001a8801b8000, 0x000001a8feac7800,
0x000001a8dbadc000, 0x000001a88049a000, 0x000001a880c02000, 0x000001a880ee4800,
0x000001a880ee1000, 0x000001a880ee6000, 0x000001a880ee3800, 0x000001a880ee5000,
0x000001a880ee2000, 0x000001a880ee7000, 0x000001a8dcee0000, 0x000001a8dcedc800,
0x000001a8dcedd800, 0x000001a8dceda800, 0x000001a8dcedb000, 0x000001a8dcedf000,
0x000001a8dcee5800, 0x000001a8dcee1800, 0x000001a8dcee4000, 0x000001a8dcee2800,
0x000001a8dcee3800, 0x000001a8dcee1000, 0x000001a8dcee5000, 0x000001a8dcee7800,
0x000001a8dcee8000, 0x000001a8dcee9000, 0x000001a8898ce800, 0x000001a8898d1000,
0x000001a8898d3800, 0x000001a8898cd800, 0x000001a8898d5000, 0x000001a8898d4000,
0x000001a8898d2800, 0x000001a8898cf000, 0x000001a8898d6000, 0x000001a8898d0000,
0x000001a8898d6800, 0x000001a8898d7800, 0x000001a8898d1800, 0x000001a8898da800,
0x000001a8898db800, 0x000001a8898d9000, 0x000001a8dcee6800, 0x000001a8898da000,
0x000001a8898dd000, 0x000001a8898dc800
}

Java Threads: ( => current thread )
  0x000001a8fbb9a800 JavaThread "main" [_thread_blocked, id=10824, stack(0x0000001f1bc00000,0x0000001f1bd00000)]
  0x000001a8fe5ae800 JavaThread "Reference Handler" daemon [_thread_blocked, id=12768, stack(0x0000001f1da00000,0x0000001f1df00000)]
  0x000001a8c022e800 JavaThread "Finalizer" daemon [_thread_blocked, id=14200, stack(0x0000001f1df00000,0x0000001f1e400000)]
  0x000001a8dc6dc800 JavaThread "Signal Dispatcher" daemon [_thread_blocked, id=16916, stack(0x0000001f1e400000,0x0000001f1e900000)]
  0x000001a8dc6dd000 JavaThread "Attach Listener" daemon [_thread_blocked, id=2448, stack(0x0000001f1e900000,0x0000001f1ee00000)]
  0x000001a8801b7800 JavaThread "C2 CompilerThread0" daemon [_thread_blocked, id=9476, stack(0x0000001f1ee00000,0x0000001f1ef00000)]
  0x000001a8801b8000 JavaThread "C1 CompilerThread0" daemon [_thread_blocked, id=9788, stack(0x0000001f1ef00000,0x0000001f1f000000)]
  0x000001a8feac7800 JavaThread "Sweeper thread" daemon [_thread_blocked, id=10712, stack(0x0000001f1f000000,0x0000001f1f500000)]
  0x000001a8dbadc000 JavaThread "Common-Cleaner" daemon [_thread_blocked, id=16800, stack(0x0000001f1f500000,0x0000001f1fa00000)]
  0x000001a88049a000 JavaThread "Service Thread" daemon [_thread_blocked, id=14904, stack(0x0000001f1fa00000,0x0000001f1ff00000)]
  0x000001a880c02000 JavaThread "Java2D Disposer" daemon [_thread_blocked, id=8324, stack(0x0000001f20000000,0x0000001f20500000)]
  0x000001a880ee4800 JavaThread "AWT-Shutdown" [_thread_blocked, id=8232, stack(0x0000001f20500000,0x0000001f20a00000)]
  0x000001a880ee1000 JavaThread "AWT-Windows" daemon [_thread_in_native, id=7032, stack(0x0000001f20a00000,0x0000001f20f00000)]
  0x000001a880ee6000 JavaThread "TimerQueue" daemon [_thread_blocked, id=6764, stack(0x0000001f21000000,0x0000001f21500000)]
=>0x000001a880ee3800 JavaThread "AWT-EventQueue-0" [_thread_in_native, id=7248, stack(0x0000001f21b00000,0x0000001f22000000)]
  0x000001a880ee5000 JavaThread "Thread-1" [_thread_in_native, id=11964, stack(0x0000001f1bd00000,0x0000001f1d100000)]
  0x000001a880ee2000 JavaThread "Process Messages Thread" [_thread_blocked, id=10068, stack(0x0000001f22500000,0x0000001f22a00000)]
  0x000001a880ee7000 JavaThread "Batik CleanerThread" daemon [_thread_blocked, id=4908, stack(0x0000001f22000000,0x0000001f22500000)]
  0x000001a8dcee0000 JavaThread "SyntheticaCleanerThread" daemon [_thread_blocked, id=3560, stack(0x0000001f23b00000,0x0000001f24000000)]
  0x000001a8dcedc800 JavaThread "Monitor HEventQueue Thread" [_thread_blocked, id=13808, stack(0x0000001f24300000,0x0000001f24800000)]
  0x000001a8dcedd800 JavaThread "SyntheticaAnimation 50" daemon [_thread_blocked, id=14000, stack(0x0000001f24800000,0x0000001f24d00000)]
  0x000001a8dceda800 JavaThread "SyntheticaAnimation 25" daemon [_thread_blocked, id=1832, stack(0x0000001f24d00000,0x0000001f25200000)]
  0x000001a8dcedb000 JavaThread "SyntheticaAnimation 70" daemon [_thread_blocked, id=6160, stack(0x0000001f25900000,0x0000001f25e00000)]
  0x000001a8dcedf000 JavaThread "Refresh Filesets Swing Worker Thread" [_thread_blocked, id=9204, stack(0x0000001f25e00000,0x0000001f26300000)]
  0x000001a8dcee5800 JavaThread "hw_ila_monitor" [_thread_blocked, id=4508, stack(0x0000001f26300000,0x0000001f26800000)]
  0x000001a8dcee1800 JavaThread "pool-1-thread-1" [_thread_blocked, id=1672, stack(0x0000001f26d00000,0x0000001f27200000)]
  0x000001a8dcee4000 JavaThread "pool-2-thread-1" [_thread_blocked, id=5992, stack(0x0000001f27200000,0x0000001f27700000)]
  0x000001a8dcee2800 JavaThread "pool-3-thread-1" [_thread_blocked, id=8500, stack(0x0000001f27700000,0x0000001f27c00000)]
  0x000001a8dcee3800 JavaThread "pool-4-thread-1" [_thread_blocked, id=6016, stack(0x0000001f27c00000,0x0000001f28100000)]
  0x000001a8dcee1000 JavaThread "pool-5-thread-1" [_thread_blocked, id=16356, stack(0x0000001f28100000,0x0000001f28600000)]
  0x000001a8dcee5000 JavaThread "pool-6-thread-1" [_thread_blocked, id=6848, stack(0x0000001f28600000,0x0000001f28b00000)]
  0x000001a8dcee7800 JavaThread "pool-7-thread-1" [_thread_blocked, id=7724, stack(0x0000001f28b00000,0x0000001f29000000)]
  0x000001a8dcee8000 JavaThread "pool-8-thread-1" [_thread_blocked, id=13528, stack(0x0000001f29000000,0x0000001f29500000)]
  0x000001a8dcee9000 JavaThread "pool-9-thread-1" [_thread_blocked, id=7144, stack(0x0000001f29500000,0x0000001f29a00000)]
  0x000001a8898ce800 JavaThread "pool-10-thread-1" [_thread_blocked, id=4156, stack(0x0000001f29a00000,0x0000001f29f00000)]
  0x000001a8898d1000 JavaThread "pool-11-thread-1" [_thread_blocked, id=14376, stack(0x0000001f29f00000,0x0000001f2a400000)]
  0x000001a8898d3800 JavaThread "pool-12-thread-1" [_thread_blocked, id=1208, stack(0x0000001f2a400000,0x0000001f2a900000)]
  0x000001a8898cd800 JavaThread "pool-13-thread-1" [_thread_blocked, id=11624, stack(0x0000001f2a900000,0x0000001f2ae00000)]
  0x000001a8898d5000 JavaThread "pool-14-thread-1" [_thread_blocked, id=5744, stack(0x0000001f2ae00000,0x0000001f2b300000)]
  0x000001a8898d4000 JavaThread "pool-15-thread-1" [_thread_blocked, id=11216, stack(0x0000001f2b300000,0x0000001f2b800000)]
  0x000001a8898d2800 JavaThread "pool-16-thread-1" [_thread_blocked, id=10412, stack(0x0000001f2b800000,0x0000001f2bd00000)]
  0x000001a8898cf000 JavaThread "pool-17-thread-1" [_thread_blocked, id=16764, stack(0x0000001f2bd00000,0x0000001f2c200000)]
  0x000001a8898d6000 JavaThread "pool-18-thread-1" [_thread_blocked, id=10492, stack(0x0000001f2c200000,0x0000001f2c700000)]
  0x000001a8898d0000 JavaThread "pool-19-thread-1" [_thread_blocked, id=14624, stack(0x0000001f2c700000,0x0000001f2cc00000)]
  0x000001a8898d6800 JavaThread "pool-20-thread-1" [_thread_blocked, id=6600, stack(0x0000001f2cc00000,0x0000001f2d100000)]
  0x000001a8898d7800 JavaThread "pool-21-thread-1" [_thread_blocked, id=11880, stack(0x0000001f2d100000,0x0000001f2d600000)]
  0x000001a8898d1800 JavaThread "pool-22-thread-1" [_thread_blocked, id=1212, stack(0x0000001f2d600000,0x0000001f2db00000)]
  0x000001a8898da800 JavaThread "pool-23-thread-1" [_thread_blocked, id=15424, stack(0x0000001f2db00000,0x0000001f2e000000)]
  0x000001a8898db800 JavaThread "Update Runs Swing Worker Thread" [_thread_blocked, id=4168, stack(0x0000001f2e000000,0x0000001f2e500000)]
  0x000001a8898d9000 JavaThread "SyntheticaAnimation 50" daemon [_thread_blocked, id=13000, stack(0x0000001f2ec00000,0x0000001f2f100000)]
  0x000001a8dcee6800 JavaThread "Thread-69" [_thread_in_native, id=1044, stack(0x0000001f2ea00000,0x0000001f2eb00000)]
  0x000001a8898da000 JavaThread "Swing-Shell" daemon [_thread_blocked, id=4636, stack(0x0000001f30300000,0x0000001f30800000)]
  0x000001a8898dd000 JavaThread "Thread-86" [_thread_in_native, id=4452, stack(0x0000001f2eb00000,0x0000001f2ec00000)]
  0x000001a8898dc800 JavaThread "Relaunch Simulation Thread" [_thread_blocked, id=3340, stack(0x0000001f23500000,0x0000001f23a00000)]

Other Threads:
  0x000001a8ff6e1800 VMThread "VM Thread" [stack: 0x0000001f1d900000,0x0000001f1da00000] [id=12740]
  0x000001a88049d800 WatcherThread [stack: 0x0000001f1ff00000,0x0000001f20000000] [id=3292]
  0x000001a8ff8c8000 GCTaskThread "GC Thread#0" [stack: 0x0000001f1d400000,0x0000001f1d500000] [id=2292]
  0x000001a8ec560800 GCTaskThread "GC Thread#1" [stack: 0x0000001f22a00000,0x0000001f22b00000] [id=1020]
  0x000001a8ec955800 GCTaskThread "GC Thread#2" [stack: 0x0000001f22b00000,0x0000001f22c00000] [id=9024]
  0x000001a8eca3f000 GCTaskThread "GC Thread#3" [stack: 0x0000001f22c00000,0x0000001f22d00000] [id=2744]
  0x000001a8eca40000 GCTaskThread "GC Thread#4" [stack: 0x0000001f22d00000,0x0000001f22e00000] [id=12824]
  0x000001a8ecaec000 GCTaskThread "GC Thread#5" [stack: 0x0000001f22e00000,0x0000001f22f00000] [id=9484]
  0x000001a8ec74e800 GCTaskThread "GC Thread#6" [stack: 0x0000001f22f00000,0x0000001f23000000] [id=16996]
  0x000001a8ec9df000 GCTaskThread "GC Thread#7" [stack: 0x0000001f23000000,0x0000001f23100000] [id=12032]
  0x000001a8edac1000 GCTaskThread "GC Thread#8" [stack: 0x0000001f23100000,0x0000001f23200000] [id=12496]
  0x000001a8edac1800 GCTaskThread "GC Thread#9" [stack: 0x0000001f23200000,0x0000001f23300000] [id=10352]
  0x000001a8db1ef000 ConcurrentGCThread "G1 Main Marker" [stack: 0x0000001f1d500000,0x0000001f1d600000] [id=864]
  0x000001a8ff8c8800 ConcurrentGCThread "G1 Conc#0" [stack: 0x0000001f1d600000,0x0000001f1d700000] [id=1736]
  0x000001a8ec5c4800 ConcurrentGCThread "G1 Conc#1" [stack: 0x0000001f23300000,0x0000001f23400000] [id=11232]
  0x000001a8ece34000 ConcurrentGCThread "G1 Conc#2" [stack: 0x0000001f23400000,0x0000001f23500000] [id=17040]
  0x000001a8803ea800 ConcurrentGCThread "G1 Refine#0" [stack: 0x0000001f1d700000,0x0000001f1d800000] [id=14352]
  0x000001a8edd2f800 ConcurrentGCThread "G1 Refine#1" [stack: 0x0000001f23a00000,0x0000001f23b00000] [id=2624]
  0x000001a8ef7fc800 ConcurrentGCThread "G1 Refine#2" [stack: 0x0000001f25200000,0x0000001f25300000] [id=12044]
  0x000001a8f0848800 ConcurrentGCThread "G1 Refine#3" [stack: 0x0000001f25300000,0x0000001f25400000] [id=1492]
  0x000001a8dc321800 ConcurrentGCThread "G1 Young RemSet Sampling" [stack: 0x0000001f1d800000,0x0000001f1d900000] [id=3364]

Threads with active compile tasks:

VM state:not at safepoint (normal execution)

VM Mutex/Monitor currently owned by a thread: None

Heap address: 0x0000000740000000, size: 3072 MB, Compressed Oops mode: Zero based, Oop shift amount: 3
Narrow klass base: 0x0000000800000000, Narrow klass shift: 0
Compressed class space size: 1073741824 Address: 0x0000000800000000

Heap:
 garbage-first heap   total 314368K, used 147075K [0x0000000740000000, 0x0000000800000000)
  region size 1024K, 55 young (56320K), 1 survivors (1024K)
 Metaspace       used 96127K, capacity 98757K, committed 98864K, reserved 1134592K
  class space    used 13454K, capacity 14664K, committed 14720K, reserved 1048576K
Heap Regions: E=young(eden), S=young(survivor), O=old, HS=humongous(starts), HC=humongous(continues), CS=collection set, F=free, A=archive, TAMS=top-at-mark-start (previous, next)
|   0|0x0000000740000000, 0x0000000740100000, 0x0000000740100000|100%|HS|  |TAMS 0x0000000740100000, 0x0000000740000000| Complete 
|   1|0x0000000740100000, 0x0000000740200000, 0x0000000740200000|100%|HC|  |TAMS 0x0000000740200000, 0x0000000740100000| Complete 
|   2|0x0000000740200000, 0x0000000740300000, 0x0000000740300000|100%|HS|  |TAMS 0x0000000740300000, 0x0000000740200000| Complete 
|   3|0x0000000740300000, 0x0000000740400000, 0x0000000740400000|100%| O|  |TAMS 0x0000000740400000, 0x0000000740300000| Untracked 
|   4|0x0000000740400000, 0x0000000740500000, 0x0000000740500000|100%| O|  |TAMS 0x0000000740500000, 0x0000000740400000| Untracked 
|   5|0x0000000740500000, 0x0000000740600000, 0x0000000740600000|100%| O|  |TAMS 0x0000000740600000, 0x0000000740500000| Untracked 
|   6|0x0000000740600000, 0x00000007406ffff8, 0x0000000740700000| 99%| O|  |TAMS 0x00000007406ffff8, 0x0000000740600000| Untracked 
|   7|0x0000000740700000, 0x00000007407ffff8, 0x0000000740800000| 99%| O|  |TAMS 0x00000007407ffff8, 0x0000000740700000| Untracked 
|   8|0x0000000740800000, 0x0000000740900000, 0x0000000740900000|100%| O|  |TAMS 0x0000000740900000, 0x0000000740800000| Untracked 
|   9|0x0000000740900000, 0x0000000740a00000, 0x0000000740a00000|100%| O|  |TAMS 0x0000000740a00000, 0x0000000740900000| Untracked 
|  10|0x0000000740a00000, 0x0000000740b00000, 0x0000000740b00000|100%| O|  |TAMS 0x0000000740b00000, 0x0000000740a00000| Untracked 
|  11|0x0000000740b00000, 0x0000000740c00000, 0x0000000740c00000|100%| O|  |TAMS 0x0000000740c00000, 0x0000000740b00000| Untracked 
|  12|0x0000000740c00000, 0x0000000740cffff0, 0x0000000740d00000| 99%| O|  |TAMS 0x0000000740cffff0, 0x0000000740c00000| Untracked 
|  13|0x0000000740d00000, 0x0000000740dfffe8, 0x0000000740e00000| 99%| O|  |TAMS 0x0000000740dfffe8, 0x0000000740d00000| Untracked 
|  14|0x0000000740e00000, 0x0000000740effff0, 0x0000000740f00000| 99%| O|  |TAMS 0x0000000740effff0, 0x0000000740e00000| Untracked 
|  15|0x0000000740f00000, 0x0000000741000000, 0x0000000741000000|100%| O|  |TAMS 0x0000000741000000, 0x0000000740f00000| Untracked 
|  16|0x0000000741000000, 0x0000000741100000, 0x0000000741100000|100%| O|  |TAMS 0x0000000741100000, 0x0000000741000000| Untracked 
|  17|0x0000000741100000, 0x00000007411ffff8, 0x0000000741200000| 99%| O|  |TAMS 0x00000007411ffff8, 0x0000000741100000| Untracked 
|  18|0x0000000741200000, 0x00000007412ffff8, 0x0000000741300000| 99%| O|  |TAMS 0x00000007412ffff8, 0x0000000741200000| Untracked 
|  19|0x0000000741300000, 0x00000007413ffff8, 0x0000000741400000| 99%| O|  |TAMS 0x00000007413ffff8, 0x0000000741300000| Untracked 
|  20|0x0000000741400000, 0x00000007414ffff0, 0x0000000741500000| 99%| O|  |TAMS 0x00000007414ffff0, 0x0000000741400000| Untracked 
|  21|0x0000000741500000, 0x00000007415ffff8, 0x0000000741600000| 99%| O|  |TAMS 0x00000007415ffff8, 0x0000000741500000| Untracked 
|  22|0x0000000741600000, 0x00000007416ffff8, 0x0000000741700000| 99%| O|  |TAMS 0x00000007416ffff8, 0x0000000741600000| Untracked 
|  23|0x0000000741700000, 0x00000007417ffff0, 0x0000000741800000| 99%| O|  |TAMS 0x00000007417ffff0, 0x0000000741700000| Untracked 
|  24|0x0000000741800000, 0x00000007418ffff0, 0x0000000741900000| 99%| O|  |TAMS 0x00000007418ffff0, 0x0000000741800000| Untracked 
|  25|0x0000000741900000, 0x0000000741a00000, 0x0000000741a00000|100%| O|  |TAMS 0x0000000741a00000, 0x0000000741900000| Untracked 
|  26|0x0000000741a00000, 0x0000000741affff8, 0x0000000741b00000| 99%| O|  |TAMS 0x0000000741affff8, 0x0000000741a00000| Untracked 
|  27|0x0000000741b00000, 0x0000000741bffff0, 0x0000000741c00000| 99%| O|  |TAMS 0x0000000741bffff0, 0x0000000741b00000| Untracked 
|  28|0x0000000741c00000, 0x0000000741cffff8, 0x0000000741d00000| 99%| O|  |TAMS 0x0000000741cffff8, 0x0000000741c00000| Untracked 
|  29|0x0000000741d00000, 0x0000000741e00000, 0x0000000741e00000|100%| O|  |TAMS 0x0000000741e00000, 0x0000000741d00000| Untracked 
|  30|0x0000000741e00000, 0x0000000741effff8, 0x0000000741f00000| 99%| O|  |TAMS 0x0000000741effff8, 0x0000000741e00000| Untracked 
|  31|0x0000000741f00000, 0x0000000741fffff8, 0x0000000742000000| 99%| O|  |TAMS 0x0000000741fffff8, 0x0000000741f00000| Untracked 
|  32|0x0000000742000000, 0x00000007420ffff8, 0x0000000742100000| 99%| O|  |TAMS 0x00000007420ffff8, 0x0000000742000000| Untracked 
|  33|0x0000000742100000, 0x00000007421ffff0, 0x0000000742200000| 99%| O|  |TAMS 0x00000007421ffff0, 0x0000000742100000| Untracked 
|  34|0x0000000742200000, 0x00000007422ffff8, 0x0000000742300000| 99%| O|  |TAMS 0x00000007422ffff8, 0x0000000742200000| Untracked 
|  35|0x0000000742300000, 0x00000007423ffff8, 0x0000000742400000| 99%| O|  |TAMS 0x00000007423ffff8, 0x0000000742300000| Untracked 
|  36|0x0000000742400000, 0x0000000742500000, 0x0000000742500000|100%| O|  |TAMS 0x0000000742500000, 0x0000000742400000| Untracked 
|  37|0x0000000742500000, 0x00000007425ffff8, 0x0000000742600000| 99%| O|  |TAMS 0x00000007425ffff8, 0x0000000742500000| Untracked 
|  38|0x0000000742600000, 0x0000000742700000, 0x0000000742700000|100%| O|  |TAMS 0x0000000742700000, 0x0000000742600000| Untracked 
|  39|0x0000000742700000, 0x00000007427ffff0, 0x0000000742800000| 99%| O|  |TAMS 0x00000007427ffff0, 0x0000000742700000| Untracked 
|  40|0x0000000742800000, 0x0000000742900000, 0x0000000742900000|100%| O|  |TAMS 0x0000000742900000, 0x0000000742800000| Untracked 
|  41|0x0000000742900000, 0x0000000742a00000, 0x0000000742a00000|100%|HS|  |TAMS 0x0000000742a00000, 0x0000000742900000| Complete 
|  42|0x0000000742a00000, 0x0000000742b00000, 0x0000000742b00000|100%|HC|  |TAMS 0x0000000742b00000, 0x0000000742a00000| Complete 
|  43|0x0000000742b00000, 0x0000000742c00000, 0x0000000742c00000|100%|HC|  |TAMS 0x0000000742c00000, 0x0000000742b00000| Complete 
|  44|0x0000000742c00000, 0x0000000742d00000, 0x0000000742d00000|100%|HC|  |TAMS 0x0000000742d00000, 0x0000000742c00000| Complete 
|  45|0x0000000742d00000, 0x0000000742e00000, 0x0000000742e00000|100%|HC|  |TAMS 0x0000000742e00000, 0x0000000742d00000| Complete 
|  46|0x0000000742e00000, 0x0000000742f00000, 0x0000000742f00000|100%|HC|  |TAMS 0x0000000742f00000, 0x0000000742e00000| Complete 
|  47|0x0000000742f00000, 0x0000000743000000, 0x0000000743000000|100%|HC|  |TAMS 0x0000000743000000, 0x0000000742f00000| Complete 
|  48|0x0000000743000000, 0x0000000743100000, 0x0000000743100000|100%|HC|  |TAMS 0x0000000743100000, 0x0000000743000000| Complete 
|  49|0x0000000743100000, 0x00000007431ffff8, 0x0000000743200000| 99%| O|  |TAMS 0x00000007431ffff8, 0x0000000743100000| Untracked 
|  50|0x0000000743200000, 0x0000000743300000, 0x0000000743300000|100%| O|  |TAMS 0x0000000743300000, 0x0000000743200000| Untracked 
|  51|0x0000000743300000, 0x00000007433ffff8, 0x0000000743400000| 99%| O|  |TAMS 0x00000007433ffff8, 0x0000000743300000| Untracked 
|  52|0x0000000743400000, 0x00000007434ffff8, 0x0000000743500000| 99%| O|  |TAMS 0x00000007434ffff8, 0x0000000743400000| Untracked 
|  53|0x0000000743500000, 0x00000007435ffff8, 0x0000000743600000| 99%| O|  |TAMS 0x00000007435ffff8, 0x0000000743500000| Untracked 
|  54|0x0000000743600000, 0x00000007436ffff8, 0x0000000743700000| 99%| O|  |TAMS 0x00000007436ffff8, 0x0000000743600000| Untracked 
|  55|0x0000000743700000, 0x00000007437ffff0, 0x0000000743800000| 99%| O|  |TAMS 0x00000007437ffff0, 0x0000000743700000| Untracked 
|  56|0x0000000743800000, 0x0000000743900000, 0x0000000743900000|100%| O|  |TAMS 0x0000000743900000, 0x0000000743800000| Untracked 
|  57|0x0000000743900000, 0x00000007439ffff8, 0x0000000743a00000| 99%| O|  |TAMS 0x00000007439ffff8, 0x0000000743900000| Untracked 
|  58|0x0000000743a00000, 0x0000000743b00000, 0x0000000743b00000|100%| O|  |TAMS 0x0000000743b00000, 0x0000000743a00000| Untracked 
|  59|0x0000000743b00000, 0x0000000743c00000, 0x0000000743c00000|100%| O|  |TAMS 0x0000000743c00000, 0x0000000743b00000| Untracked 
|  60|0x0000000743c00000, 0x0000000743d00000, 0x0000000743d00000|100%| O|  |TAMS 0x0000000743d00000, 0x0000000743c00000| Untracked 
|  61|0x0000000743d00000, 0x0000000743dffff0, 0x0000000743e00000| 99%| O|  |TAMS 0x0000000743dffff0, 0x0000000743d00000| Untracked 
|  62|0x0000000743e00000, 0x0000000743f00000, 0x0000000743f00000|100%| O|  |TAMS 0x0000000743f00000, 0x0000000743e00000| Untracked 
|  63|0x0000000743f00000, 0x0000000743fffff8, 0x0000000744000000| 99%| O|  |TAMS 0x0000000743fffff8, 0x0000000743f00000| Untracked 
|  64|0x0000000744000000, 0x0000000744100000, 0x0000000744100000|100%| O|  |TAMS 0x0000000744100000, 0x0000000744000000| Untracked 
|  65|0x0000000744100000, 0x0000000744200000, 0x0000000744200000|100%| O|  |TAMS 0x0000000744200000, 0x0000000744100000| Untracked 
|  66|0x0000000744200000, 0x00000007442ffff0, 0x0000000744300000| 99%| O|  |TAMS 0x00000007442ffff0, 0x0000000744200000| Untracked 
|  67|0x0000000744300000, 0x00000007443ffff8, 0x0000000744400000| 99%| O|  |TAMS 0x00000007443ffff8, 0x0000000744300000| Untracked 
|  68|0x0000000744400000, 0x00000007444ffff8, 0x0000000744500000| 99%| O|  |TAMS 0x00000007444ffff8, 0x0000000744400000| Untracked 
|  69|0x0000000744500000, 0x0000000744600000, 0x0000000744600000|100%| O|  |TAMS 0x0000000744600000, 0x0000000744500000| Untracked 
|  70|0x0000000744600000, 0x00000007446ffff8, 0x0000000744700000| 99%| O|  |TAMS 0x00000007446ffff8, 0x0000000744600000| Untracked 
|  71|0x0000000744700000, 0x00000007447fffe0, 0x0000000744800000| 99%| O|  |TAMS 0x00000007447fffe0, 0x0000000744700000| Untracked 
|  72|0x0000000744800000, 0x0000000744900000, 0x0000000744900000|100%| O|  |TAMS 0x0000000744900000, 0x0000000744800000| Untracked 
|  73|0x0000000744900000, 0x0000000744a00000, 0x0000000744a00000|100%| O|  |TAMS 0x0000000744a00000, 0x0000000744900000| Untracked 
|  74|0x0000000744a00000, 0x0000000744b00000, 0x0000000744b00000|100%| O|  |TAMS 0x0000000744b00000, 0x0000000744a00000| Untracked 
|  75|0x0000000744b00000, 0x0000000744c00000, 0x0000000744c00000|100%| O|  |TAMS 0x0000000744c00000, 0x0000000744b00000| Untracked 
|  76|0x0000000744c00000, 0x0000000744cfffe0, 0x0000000744d00000| 99%| O|  |TAMS 0x0000000744cfffe0, 0x0000000744c00000| Untracked 
|  77|0x0000000744d00000, 0x0000000744dfffe0, 0x0000000744e00000| 99%| O|  |TAMS 0x0000000744dfffe0, 0x0000000744d00000| Untracked 
|  78|0x0000000744e00000, 0x0000000744f00000, 0x0000000744f00000|100%| O|  |TAMS 0x0000000744f00000, 0x0000000744e00000| Untracked 
|  79|0x0000000744f00000, 0x0000000744ffffa0, 0x0000000745000000| 99%| O|  |TAMS 0x0000000744ffffa0, 0x0000000744f00000| Untracked 
|  80|0x0000000745000000, 0x00000007450ffff8, 0x0000000745100000| 99%| O|  |TAMS 0x00000007450ffff8, 0x0000000745000000| Untracked 
|  81|0x0000000745100000, 0x0000000745200000, 0x0000000745200000|100%| O|  |TAMS 0x0000000745200000, 0x0000000745100000| Untracked 
|  82|0x0000000745200000, 0x00000007452ffff0, 0x0000000745300000| 99%| O|  |TAMS 0x00000007452ffff0, 0x0000000745200000| Untracked 
|  83|0x0000000745300000, 0x00000007453ffff8, 0x0000000745400000| 99%| O|  |TAMS 0x00000007453ffff8, 0x0000000745300000| Untracked 
|  84|0x0000000745400000, 0x00000007454ffff8, 0x0000000745500000| 99%| O|  |TAMS 0x00000007454ffff8, 0x0000000745400000| Untracked 
|  85|0x0000000745500000, 0x00000007455fe9c0, 0x0000000745600000| 99%| O|  |TAMS 0x00000007455fe9c0, 0x0000000745500000| Untracked 
|  86|0x0000000745600000, 0x00000007456e8a48, 0x0000000745700000| 90%| O|  |TAMS 0x00000007456e8a48, 0x0000000745600000| Untracked 
|  87|0x0000000745700000, 0x00000007457caab8, 0x0000000745800000| 79%| O|  |TAMS 0x00000007457caab8, 0x0000000745700000| Untracked 
|  88|0x0000000745800000, 0x00000007458167e0, 0x0000000745900000|  8%| O|  |TAMS 0x00000007458167e0, 0x0000000745800000| Untracked 
|  89|0x0000000745900000, 0x0000000745a00000, 0x0000000745a00000|100%|HS|  |TAMS 0x0000000745a00000, 0x0000000745900000| Complete 
|  90|0x0000000745a00000, 0x0000000745b00000, 0x0000000745b00000|100%|HC|  |TAMS 0x0000000745b00000, 0x0000000745a00000| Complete 
|  91|0x0000000745b00000, 0x0000000745b4dd58, 0x0000000745c00000| 30%| O|  |TAMS 0x0000000745b4dd58, 0x0000000745b00000| Untracked 
|  92|0x0000000745c00000, 0x0000000745c00000, 0x0000000745d00000|  0%| F|  |TAMS 0x0000000745c00000, 0x0000000745c00000| Untracked 
|  93|0x0000000745d00000, 0x0000000745d00000, 0x0000000745e00000|  0%| F|  |TAMS 0x0000000745d00000, 0x0000000745d00000| Untracked 
|  94|0x0000000745e00000, 0x0000000745e00000, 0x0000000745f00000|  0%| F|  |TAMS 0x0000000745e00000, 0x0000000745e00000| Untracked 
|  95|0x0000000745f00000, 0x0000000745f00000, 0x0000000746000000|  0%| F|  |TAMS 0x0000000745f00000, 0x0000000745f00000| Untracked 
|  96|0x0000000746000000, 0x0000000746000000, 0x0000000746100000|  0%| F|  |TAMS 0x0000000746000000, 0x0000000746000000| Untracked 
|  97|0x0000000746100000, 0x0000000746100000, 0x0000000746200000|  0%| F|  |TAMS 0x0000000746100000, 0x0000000746100000| Untracked 
|  98|0x0000000746200000, 0x0000000746200000, 0x0000000746300000|  0%| F|  |TAMS 0x0000000746200000, 0x0000000746200000| Untracked 
|  99|0x0000000746300000, 0x0000000746300000, 0x0000000746400000|  0%| F|  |TAMS 0x0000000746300000, 0x0000000746300000| Untracked 
| 100|0x0000000746400000, 0x0000000746400000, 0x0000000746500000|  0%| F|  |TAMS 0x0000000746400000, 0x0000000746400000| Untracked 
| 101|0x0000000746500000, 0x0000000746500000, 0x0000000746600000|  0%| F|  |TAMS 0x0000000746500000, 0x0000000746500000| Untracked 
| 102|0x0000000746600000, 0x0000000746600000, 0x0000000746700000|  0%| F|  |TAMS 0x0000000746600000, 0x0000000746600000| Untracked 
| 103|0x0000000746700000, 0x0000000746700000, 0x0000000746800000|  0%| F|  |TAMS 0x0000000746700000, 0x0000000746700000| Untracked 
| 104|0x0000000746800000, 0x0000000746800000, 0x0000000746900000|  0%| F|  |TAMS 0x0000000746800000, 0x0000000746800000| Untracked 
| 105|0x0000000746900000, 0x0000000746900000, 0x0000000746a00000|  0%| F|  |TAMS 0x0000000746900000, 0x0000000746900000| Untracked 
| 106|0x0000000746a00000, 0x0000000746a00000, 0x0000000746b00000|  0%| F|  |TAMS 0x0000000746a00000, 0x0000000746a00000| Untracked 
| 107|0x0000000746b00000, 0x0000000746b00000, 0x0000000746c00000|  0%| F|  |TAMS 0x0000000746b00000, 0x0000000746b00000| Untracked 
| 108|0x0000000746c00000, 0x0000000746c00000, 0x0000000746d00000|  0%| F|  |TAMS 0x0000000746c00000, 0x0000000746c00000| Untracked 
| 109|0x0000000746d00000, 0x0000000746d00000, 0x0000000746e00000|  0%| F|  |TAMS 0x0000000746d00000, 0x0000000746d00000| Untracked 
| 110|0x0000000746e00000, 0x0000000746e00000, 0x0000000746f00000|  0%| F|  |TAMS 0x0000000746e00000, 0x0000000746e00000| Untracked 
| 111|0x0000000746f00000, 0x0000000746f00000, 0x0000000747000000|  0%| F|  |TAMS 0x0000000746f00000, 0x0000000746f00000| Untracked 
| 112|0x0000000747000000, 0x0000000747000000, 0x0000000747100000|  0%| F|  |TAMS 0x0000000747000000, 0x0000000747000000| Untracked 
| 113|0x0000000747100000, 0x0000000747100000, 0x0000000747200000|  0%| F|  |TAMS 0x0000000747100000, 0x0000000747100000| Untracked 
| 114|0x0000000747200000, 0x0000000747200000, 0x0000000747300000|  0%| F|  |TAMS 0x0000000747200000, 0x0000000747200000| Untracked 
| 115|0x0000000747300000, 0x0000000747300000, 0x0000000747400000|  0%| F|  |TAMS 0x0000000747300000, 0x0000000747300000| Untracked 
| 116|0x0000000747400000, 0x0000000747400000, 0x0000000747500000|  0%| F|  |TAMS 0x0000000747400000, 0x0000000747400000| Untracked 
| 117|0x0000000747500000, 0x0000000747500000, 0x0000000747600000|  0%| F|  |TAMS 0x0000000747500000, 0x0000000747500000| Untracked 
| 118|0x0000000747600000, 0x0000000747600000, 0x0000000747700000|  0%| F|  |TAMS 0x0000000747600000, 0x0000000747600000| Untracked 
| 119|0x0000000747700000, 0x0000000747700000, 0x0000000747800000|  0%| F|  |TAMS 0x0000000747700000, 0x0000000747700000| Untracked 
| 120|0x0000000747800000, 0x0000000747800000, 0x0000000747900000|  0%| F|  |TAMS 0x0000000747800000, 0x0000000747800000| Untracked 
| 121|0x0000000747900000, 0x0000000747900000, 0x0000000747a00000|  0%| F|  |TAMS 0x0000000747900000, 0x0000000747900000| Untracked 
| 122|0x0000000747a00000, 0x0000000747a00000, 0x0000000747b00000|  0%| F|  |TAMS 0x0000000747a00000, 0x0000000747a00000| Untracked 
| 123|0x0000000747b00000, 0x0000000747b00000, 0x0000000747c00000|  0%| F|  |TAMS 0x0000000747b00000, 0x0000000747b00000| Untracked 
| 124|0x0000000747c00000, 0x0000000747c00000, 0x0000000747d00000|  0%| F|  |TAMS 0x0000000747c00000, 0x0000000747c00000| Untracked 
| 125|0x0000000747d00000, 0x0000000747d00000, 0x0000000747e00000|  0%| F|  |TAMS 0x0000000747d00000, 0x0000000747d00000| Untracked 
| 126|0x0000000747e00000, 0x0000000747e00000, 0x0000000747f00000|  0%| F|  |TAMS 0x0000000747e00000, 0x0000000747e00000| Untracked 
| 127|0x0000000747f00000, 0x0000000747f00000, 0x0000000748000000|  0%| F|  |TAMS 0x0000000747f00000, 0x0000000747f00000| Untracked 
| 128|0x0000000748000000, 0x0000000748000000, 0x0000000748100000|  0%| F|  |TAMS 0x0000000748000000, 0x0000000748000000| Untracked 
| 129|0x0000000748100000, 0x0000000748100000, 0x0000000748200000|  0%| F|  |TAMS 0x0000000748100000, 0x0000000748100000| Untracked 
| 130|0x0000000748200000, 0x0000000748200000, 0x0000000748300000|  0%| F|  |TAMS 0x0000000748200000, 0x0000000748200000| Untracked 
| 131|0x0000000748300000, 0x0000000748300000, 0x0000000748400000|  0%| F|  |TAMS 0x0000000748300000, 0x0000000748300000| Untracked 
| 132|0x0000000748400000, 0x0000000748400000, 0x0000000748500000|  0%| F|  |TAMS 0x0000000748400000, 0x0000000748400000| Untracked 
| 133|0x0000000748500000, 0x0000000748500000, 0x0000000748600000|  0%| F|  |TAMS 0x0000000748500000, 0x0000000748500000| Untracked 
| 134|0x0000000748600000, 0x0000000748600000, 0x0000000748700000|  0%| F|  |TAMS 0x0000000748600000, 0x0000000748600000| Untracked 
| 135|0x0000000748700000, 0x0000000748700000, 0x0000000748800000|  0%| F|  |TAMS 0x0000000748700000, 0x0000000748700000| Untracked 
| 136|0x0000000748800000, 0x0000000748800000, 0x0000000748900000|  0%| F|  |TAMS 0x0000000748800000, 0x0000000748800000| Untracked 
| 137|0x0000000748900000, 0x0000000748900000, 0x0000000748a00000|  0%| F|  |TAMS 0x0000000748900000, 0x0000000748900000| Untracked 
| 138|0x0000000748a00000, 0x0000000748a00000, 0x0000000748b00000|  0%| F|  |TAMS 0x0000000748a00000, 0x0000000748a00000| Untracked 
| 139|0x0000000748b00000, 0x0000000748b00000, 0x0000000748c00000|  0%| F|  |TAMS 0x0000000748b00000, 0x0000000748b00000| Untracked 
| 140|0x0000000748c00000, 0x0000000748c00000, 0x0000000748d00000|  0%| F|  |TAMS 0x0000000748c00000, 0x0000000748c00000| Untracked 
| 141|0x0000000748d00000, 0x0000000748d00000, 0x0000000748e00000|  0%| F|  |TAMS 0x0000000748d00000, 0x0000000748d00000| Untracked 
| 142|0x0000000748e00000, 0x0000000748e00000, 0x0000000748f00000|  0%| F|  |TAMS 0x0000000748e00000, 0x0000000748e00000| Untracked 
| 143|0x0000000748f00000, 0x0000000748f00000, 0x0000000749000000|  0%| F|  |TAMS 0x0000000748f00000, 0x0000000748f00000| Untracked 
| 144|0x0000000749000000, 0x0000000749000000, 0x0000000749100000|  0%| F|  |TAMS 0x0000000749000000, 0x0000000749000000| Untracked 
| 145|0x0000000749100000, 0x0000000749100000, 0x0000000749200000|  0%| F|  |TAMS 0x0000000749100000, 0x0000000749100000| Untracked 
| 146|0x0000000749200000, 0x0000000749200000, 0x0000000749300000|  0%| F|  |TAMS 0x0000000749200000, 0x0000000749200000| Untracked 
| 147|0x0000000749300000, 0x0000000749300000, 0x0000000749400000|  0%| F|  |TAMS 0x0000000749300000, 0x0000000749300000| Untracked 
| 148|0x0000000749400000, 0x0000000749400000, 0x0000000749500000|  0%| F|  |TAMS 0x0000000749400000, 0x0000000749400000| Untracked 
| 149|0x0000000749500000, 0x0000000749500000, 0x0000000749600000|  0%| F|  |TAMS 0x0000000749500000, 0x0000000749500000| Untracked 
| 150|0x0000000749600000, 0x0000000749600000, 0x0000000749700000|  0%| F|  |TAMS 0x0000000749600000, 0x0000000749600000| Untracked 
| 151|0x0000000749700000, 0x0000000749700000, 0x0000000749800000|  0%| F|  |TAMS 0x0000000749700000, 0x0000000749700000| Untracked 
| 152|0x0000000749800000, 0x0000000749800000, 0x0000000749900000|  0%| F|  |TAMS 0x0000000749800000, 0x0000000749800000| Untracked 
| 153|0x0000000749900000, 0x0000000749900000, 0x0000000749a00000|  0%| F|  |TAMS 0x0000000749900000, 0x0000000749900000| Untracked 
| 154|0x0000000749a00000, 0x0000000749a00000, 0x0000000749b00000|  0%| F|  |TAMS 0x0000000749a00000, 0x0000000749a00000| Untracked 
| 155|0x0000000749b00000, 0x0000000749b00000, 0x0000000749c00000|  0%| F|  |TAMS 0x0000000749b00000, 0x0000000749b00000| Untracked 
| 156|0x0000000749c00000, 0x0000000749c00000, 0x0000000749d00000|  0%| F|  |TAMS 0x0000000749c00000, 0x0000000749c00000| Untracked 
| 157|0x0000000749d00000, 0x0000000749d00000, 0x0000000749e00000|  0%| F|  |TAMS 0x0000000749d00000, 0x0000000749d00000| Untracked 
| 158|0x0000000749e00000, 0x0000000749e00000, 0x0000000749f00000|  0%| F|  |TAMS 0x0000000749e00000, 0x0000000749e00000| Untracked 
| 159|0x0000000749f00000, 0x0000000749f00000, 0x000000074a000000|  0%| F|  |TAMS 0x0000000749f00000, 0x0000000749f00000| Untracked 
| 160|0x000000074a000000, 0x000000074a000000, 0x000000074a100000|  0%| F|  |TAMS 0x000000074a000000, 0x000000074a000000| Untracked 
| 161|0x000000074a100000, 0x000000074a100000, 0x000000074a200000|  0%| F|  |TAMS 0x000000074a100000, 0x000000074a100000| Untracked 
| 162|0x000000074a200000, 0x000000074a200000, 0x000000074a300000|  0%| F|  |TAMS 0x000000074a200000, 0x000000074a200000| Untracked 
| 163|0x000000074a300000, 0x000000074a300000, 0x000000074a400000|  0%| F|  |TAMS 0x000000074a300000, 0x000000074a300000| Untracked 
| 164|0x000000074a400000, 0x000000074a400000, 0x000000074a500000|  0%| F|  |TAMS 0x000000074a400000, 0x000000074a400000| Untracked 
| 165|0x000000074a500000, 0x000000074a500000, 0x000000074a600000|  0%| F|  |TAMS 0x000000074a500000, 0x000000074a500000| Untracked 
| 166|0x000000074a600000, 0x000000074a600000, 0x000000074a700000|  0%| F|  |TAMS 0x000000074a600000, 0x000000074a600000| Untracked 
| 167|0x000000074a700000, 0x000000074a700000, 0x000000074a800000|  0%| F|  |TAMS 0x000000074a700000, 0x000000074a700000| Untracked 
| 168|0x000000074a800000, 0x000000074a800000, 0x000000074a900000|  0%| F|  |TAMS 0x000000074a800000, 0x000000074a800000| Untracked 
| 169|0x000000074a900000, 0x000000074a900000, 0x000000074aa00000|  0%| F|  |TAMS 0x000000074a900000, 0x000000074a900000| Untracked 
| 170|0x000000074aa00000, 0x000000074aa00000, 0x000000074ab00000|  0%| F|  |TAMS 0x000000074aa00000, 0x000000074aa00000| Untracked 
| 171|0x000000074ab00000, 0x000000074ab00000, 0x000000074ac00000|  0%| F|  |TAMS 0x000000074ab00000, 0x000000074ab00000| Untracked 
| 172|0x000000074ac00000, 0x000000074ac00000, 0x000000074ad00000|  0%| F|  |TAMS 0x000000074ac00000, 0x000000074ac00000| Untracked 
| 173|0x000000074ad00000, 0x000000074ad00000, 0x000000074ae00000|  0%| F|  |TAMS 0x000000074ad00000, 0x000000074ad00000| Untracked 
| 174|0x000000074ae00000, 0x000000074ae00000, 0x000000074af00000|  0%| F|  |TAMS 0x000000074ae00000, 0x000000074ae00000| Untracked 
| 175|0x000000074af00000, 0x000000074af00000, 0x000000074b000000|  0%| F|  |TAMS 0x000000074af00000, 0x000000074af00000| Untracked 
| 176|0x000000074b000000, 0x000000074b000000, 0x000000074b100000|  0%| F|  |TAMS 0x000000074b000000, 0x000000074b000000| Untracked 
| 177|0x000000074b100000, 0x000000074b100000, 0x000000074b200000|  0%| F|  |TAMS 0x000000074b100000, 0x000000074b100000| Untracked 
| 178|0x000000074b200000, 0x000000074b200000, 0x000000074b300000|  0%| F|  |TAMS 0x000000074b200000, 0x000000074b200000| Untracked 
| 179|0x000000074b300000, 0x000000074b300000, 0x000000074b400000|  0%| F|  |TAMS 0x000000074b300000, 0x000000074b300000| Untracked 
| 180|0x000000074b400000, 0x000000074b400000, 0x000000074b500000|  0%| F|  |TAMS 0x000000074b400000, 0x000000074b400000| Untracked 
| 181|0x000000074b500000, 0x000000074b500000, 0x000000074b600000|  0%| F|  |TAMS 0x000000074b500000, 0x000000074b500000| Untracked 
| 182|0x000000074b600000, 0x000000074b600000, 0x000000074b700000|  0%| F|  |TAMS 0x000000074b600000, 0x000000074b600000| Untracked 
| 183|0x000000074b700000, 0x000000074b700000, 0x000000074b800000|  0%| F|  |TAMS 0x000000074b700000, 0x000000074b700000| Untracked 
| 184|0x000000074b800000, 0x000000074b800000, 0x000000074b900000|  0%| F|  |TAMS 0x000000074b800000, 0x000000074b800000| Untracked 
| 185|0x000000074b900000, 0x000000074b900000, 0x000000074ba00000|  0%| F|  |TAMS 0x000000074b900000, 0x000000074b900000| Untracked 
| 186|0x000000074ba00000, 0x000000074ba00000, 0x000000074bb00000|  0%| F|  |TAMS 0x000000074ba00000, 0x000000074ba00000| Untracked 
| 187|0x000000074bb00000, 0x000000074bb00000, 0x000000074bc00000|  0%| F|  |TAMS 0x000000074bb00000, 0x000000074bb00000| Untracked 
| 188|0x000000074bc00000, 0x000000074bc00000, 0x000000074bd00000|  0%| F|  |TAMS 0x000000074bc00000, 0x000000074bc00000| Untracked 
| 189|0x000000074bd00000, 0x000000074bd00000, 0x000000074be00000|  0%| F|  |TAMS 0x000000074bd00000, 0x000000074bd00000| Untracked 
| 190|0x000000074be00000, 0x000000074be00000, 0x000000074bf00000|  0%| F|  |TAMS 0x000000074be00000, 0x000000074be00000| Untracked 
| 191|0x000000074bf00000, 0x000000074bf00000, 0x000000074c000000|  0%| F|  |TAMS 0x000000074bf00000, 0x000000074bf00000| Untracked 
| 192|0x000000074c000000, 0x000000074c000000, 0x000000074c100000|  0%| F|  |TAMS 0x000000074c000000, 0x000000074c000000| Untracked 
| 193|0x000000074c100000, 0x000000074c100000, 0x000000074c200000|  0%| F|  |TAMS 0x000000074c100000, 0x000000074c100000| Untracked 
| 194|0x000000074c200000, 0x000000074c200000, 0x000000074c300000|  0%| F|  |TAMS 0x000000074c200000, 0x000000074c200000| Untracked 
| 195|0x000000074c300000, 0x000000074c300000, 0x000000074c400000|  0%| F|  |TAMS 0x000000074c300000, 0x000000074c300000| Untracked 
| 196|0x000000074c400000, 0x000000074c400000, 0x000000074c500000|  0%| F|  |TAMS 0x000000074c400000, 0x000000074c400000| Untracked 
| 197|0x000000074c500000, 0x000000074c500000, 0x000000074c600000|  0%| F|  |TAMS 0x000000074c500000, 0x000000074c500000| Untracked 
| 198|0x000000074c600000, 0x000000074c600000, 0x000000074c700000|  0%| F|  |TAMS 0x000000074c600000, 0x000000074c600000| Untracked 
| 199|0x000000074c700000, 0x000000074c700000, 0x000000074c800000|  0%| F|  |TAMS 0x000000074c700000, 0x000000074c700000| Untracked 
| 200|0x000000074c800000, 0x000000074c800000, 0x000000074c900000|  0%| F|  |TAMS 0x000000074c800000, 0x000000074c800000| Untracked 
| 201|0x000000074c900000, 0x000000074c900000, 0x000000074ca00000|  0%| F|  |TAMS 0x000000074c900000, 0x000000074c900000| Untracked 
| 202|0x000000074ca00000, 0x000000074ca00000, 0x000000074cb00000|  0%| F|  |TAMS 0x000000074ca00000, 0x000000074ca00000| Untracked 
| 203|0x000000074cb00000, 0x000000074cb00000, 0x000000074cc00000|  0%| F|  |TAMS 0x000000074cb00000, 0x000000074cb00000| Untracked 
| 204|0x000000074cc00000, 0x000000074cc00000, 0x000000074cd00000|  0%| F|  |TAMS 0x000000074cc00000, 0x000000074cc00000| Untracked 
| 205|0x000000074cd00000, 0x000000074cd00000, 0x000000074ce00000|  0%| F|  |TAMS 0x000000074cd00000, 0x000000074cd00000| Untracked 
| 206|0x000000074ce00000, 0x000000074ce00000, 0x000000074cf00000|  0%| F|  |TAMS 0x000000074ce00000, 0x000000074ce00000| Untracked 
| 207|0x000000074cf00000, 0x000000074cf00000, 0x000000074d000000|  0%| F|  |TAMS 0x000000074cf00000, 0x000000074cf00000| Untracked 
| 208|0x000000074d000000, 0x000000074d000000, 0x000000074d100000|  0%| F|  |TAMS 0x000000074d000000, 0x000000074d000000| Untracked 
| 209|0x000000074d100000, 0x000000074d100000, 0x000000074d200000|  0%| F|  |TAMS 0x000000074d100000, 0x000000074d100000| Untracked 
| 210|0x000000074d200000, 0x000000074d200000, 0x000000074d300000|  0%| F|  |TAMS 0x000000074d200000, 0x000000074d200000| Untracked 
| 211|0x000000074d300000, 0x000000074d300000, 0x000000074d400000|  0%| F|  |TAMS 0x000000074d300000, 0x000000074d300000| Untracked 
| 212|0x000000074d400000, 0x000000074d400000, 0x000000074d500000|  0%| F|  |TAMS 0x000000074d400000, 0x000000074d400000| Untracked 
| 213|0x000000074d500000, 0x000000074d500000, 0x000000074d600000|  0%| F|  |TAMS 0x000000074d500000, 0x000000074d500000| Untracked 
| 214|0x000000074d600000, 0x000000074d600000, 0x000000074d700000|  0%| F|  |TAMS 0x000000074d600000, 0x000000074d600000| Untracked 
| 215|0x000000074d700000, 0x000000074d700000, 0x000000074d800000|  0%| F|  |TAMS 0x000000074d700000, 0x000000074d700000| Untracked 
| 216|0x000000074d800000, 0x000000074d800000, 0x000000074d900000|  0%| F|  |TAMS 0x000000074d800000, 0x000000074d800000| Untracked 
| 217|0x000000074d900000, 0x000000074d900000, 0x000000074da00000|  0%| F|  |TAMS 0x000000074d900000, 0x000000074d900000| Untracked 
| 218|0x000000074da00000, 0x000000074da00000, 0x000000074db00000|  0%| F|  |TAMS 0x000000074da00000, 0x000000074da00000| Untracked 
| 219|0x000000074db00000, 0x000000074db00000, 0x000000074dc00000|  0%| F|  |TAMS 0x000000074db00000, 0x000000074db00000| Untracked 
| 220|0x000000074dc00000, 0x000000074dc00000, 0x000000074dd00000|  0%| F|  |TAMS 0x000000074dc00000, 0x000000074dc00000| Untracked 
| 221|0x000000074dd00000, 0x000000074dd00000, 0x000000074de00000|  0%| F|  |TAMS 0x000000074dd00000, 0x000000074dd00000| Untracked 
| 222|0x000000074de00000, 0x000000074de00000, 0x000000074df00000|  0%| F|  |TAMS 0x000000074de00000, 0x000000074de00000| Untracked 
| 223|0x000000074df00000, 0x000000074df00000, 0x000000074e000000|  0%| F|  |TAMS 0x000000074df00000, 0x000000074df00000| Untracked 
| 224|0x000000074e000000, 0x000000074e000000, 0x000000074e100000|  0%| F|  |TAMS 0x000000074e000000, 0x000000074e000000| Untracked 
| 225|0x000000074e100000, 0x000000074e10b160, 0x000000074e200000|  4%| O|  |TAMS 0x000000074e10b160, 0x000000074e100000| Untracked 
| 226|0x000000074e200000, 0x000000074e200000, 0x000000074e300000|  0%| F|  |TAMS 0x000000074e200000, 0x000000074e200000| Untracked 
| 227|0x000000074e300000, 0x000000074e300000, 0x000000074e400000|  0%| F|  |TAMS 0x000000074e300000, 0x000000074e300000| Untracked 
| 228|0x000000074e400000, 0x000000074e400000, 0x000000074e500000|  0%| F|  |TAMS 0x000000074e400000, 0x000000074e400000| Untracked 
| 229|0x000000074e500000, 0x000000074e500000, 0x000000074e600000|  0%| F|  |TAMS 0x000000074e500000, 0x000000074e500000| Untracked 
| 230|0x000000074e600000, 0x000000074e600000, 0x000000074e700000|  0%| F|  |TAMS 0x000000074e600000, 0x000000074e600000| Untracked 
| 231|0x000000074e700000, 0x000000074e700000, 0x000000074e800000|  0%| F|  |TAMS 0x000000074e700000, 0x000000074e700000| Untracked 
| 232|0x000000074e800000, 0x000000074e800000, 0x000000074e900000|  0%| F|  |TAMS 0x000000074e800000, 0x000000074e800000| Untracked 
| 233|0x000000074e900000, 0x000000074e900000, 0x000000074ea00000|  0%| F|  |TAMS 0x000000074e900000, 0x000000074e900000| Untracked 
| 234|0x000000074ea00000, 0x000000074ea00000, 0x000000074eb00000|  0%| F|  |TAMS 0x000000074ea00000, 0x000000074ea00000| Untracked 
| 235|0x000000074eb00000, 0x000000074eb00000, 0x000000074ec00000|  0%| F|  |TAMS 0x000000074eb00000, 0x000000074eb00000| Untracked 
| 236|0x000000074ec00000, 0x000000074ec00000, 0x000000074ed00000|  0%| F|  |TAMS 0x000000074ec00000, 0x000000074ec00000| Untracked 
| 237|0x000000074ed00000, 0x000000074ed00000, 0x000000074ee00000|  0%| F|  |TAMS 0x000000074ed00000, 0x000000074ed00000| Untracked 
| 238|0x000000074ee00000, 0x000000074ee00000, 0x000000074ef00000|  0%| F|  |TAMS 0x000000074ee00000, 0x000000074ee00000| Untracked 
| 239|0x000000074ef00000, 0x000000074ef00000, 0x000000074f000000|  0%| F|  |TAMS 0x000000074ef00000, 0x000000074ef00000| Untracked 
| 240|0x000000074f000000, 0x000000074f000000, 0x000000074f100000|  0%| F|  |TAMS 0x000000074f000000, 0x000000074f000000| Untracked 
| 241|0x000000074f100000, 0x000000074f100000, 0x000000074f200000|  0%| F|  |TAMS 0x000000074f100000, 0x000000074f100000| Untracked 
| 242|0x000000074f200000, 0x000000074f200000, 0x000000074f300000|  0%| F|  |TAMS 0x000000074f200000, 0x000000074f200000| Untracked 
| 243|0x000000074f300000, 0x000000074f300000, 0x000000074f400000|  0%| F|  |TAMS 0x000000074f300000, 0x000000074f300000| Untracked 
| 244|0x000000074f400000, 0x000000074f4751a0, 0x000000074f500000| 45%| S|CS|TAMS 0x000000074f400000, 0x000000074f400000| Complete 
| 245|0x000000074f500000, 0x000000074f500000, 0x000000074f600000|  0%| F|  |TAMS 0x000000074f500000, 0x000000074f500000| Untracked 
| 246|0x000000074f600000, 0x000000074f600000, 0x000000074f700000|  0%| F|  |TAMS 0x000000074f600000, 0x000000074f600000| Untracked 
| 247|0x000000074f700000, 0x000000074f700000, 0x000000074f800000|  0%| F|  |TAMS 0x000000074f700000, 0x000000074f700000| Untracked 
| 248|0x000000074f800000, 0x000000074f800000, 0x000000074f900000|  0%| F|  |TAMS 0x000000074f800000, 0x000000074f800000| Untracked 
| 249|0x000000074f900000, 0x000000074f900000, 0x000000074fa00000|  0%| F|  |TAMS 0x000000074f900000, 0x000000074f900000| Untracked 
| 250|0x000000074fa00000, 0x000000074fa00000, 0x000000074fb00000|  0%| F|  |TAMS 0x000000074fa00000, 0x000000074fa00000| Untracked 
| 251|0x000000074fb00000, 0x000000074fb00000, 0x000000074fc00000|  0%| F|  |TAMS 0x000000074fb00000, 0x000000074fb00000| Untracked 
| 252|0x000000074fc00000, 0x000000074fcd6cf8, 0x000000074fd00000| 83%| E|  |TAMS 0x000000074fc00000, 0x000000074fc00000| Complete 
| 253|0x000000074fd00000, 0x000000074fe00000, 0x000000074fe00000|100%| E|CS|TAMS 0x000000074fd00000, 0x000000074fd00000| Complete 
| 254|0x000000074fe00000, 0x000000074ff00000, 0x000000074ff00000|100%| E|CS|TAMS 0x000000074fe00000, 0x000000074fe00000| Complete 
| 255|0x000000074ff00000, 0x0000000750000000, 0x0000000750000000|100%| E|CS|TAMS 0x000000074ff00000, 0x000000074ff00000| Complete 
| 256|0x0000000750000000, 0x0000000750100000, 0x0000000750100000|100%| E|CS|TAMS 0x0000000750000000, 0x0000000750000000| Complete 
| 257|0x0000000750100000, 0x0000000750200000, 0x0000000750200000|100%| E|CS|TAMS 0x0000000750100000, 0x0000000750100000| Complete 
| 258|0x0000000750200000, 0x0000000750300000, 0x0000000750300000|100%| E|CS|TAMS 0x0000000750200000, 0x0000000750200000| Complete 
| 259|0x0000000750300000, 0x0000000750400000, 0x0000000750400000|100%| E|CS|TAMS 0x0000000750300000, 0x0000000750300000| Complete 
| 260|0x0000000750400000, 0x0000000750500000, 0x0000000750500000|100%| E|CS|TAMS 0x0000000750400000, 0x0000000750400000| Complete 
| 261|0x0000000750500000, 0x0000000750600000, 0x0000000750600000|100%| E|CS|TAMS 0x0000000750500000, 0x0000000750500000| Complete 
| 262|0x0000000750600000, 0x0000000750700000, 0x0000000750700000|100%| E|CS|TAMS 0x0000000750600000, 0x0000000750600000| Complete 
| 263|0x0000000750700000, 0x0000000750800000, 0x0000000750800000|100%| E|CS|TAMS 0x0000000750700000, 0x0000000750700000| Complete 
| 264|0x0000000750800000, 0x0000000750900000, 0x0000000750900000|100%| E|CS|TAMS 0x0000000750800000, 0x0000000750800000| Complete 
| 265|0x0000000750900000, 0x0000000750a00000, 0x0000000750a00000|100%| E|CS|TAMS 0x0000000750900000, 0x0000000750900000| Complete 
| 266|0x0000000750a00000, 0x0000000750b00000, 0x0000000750b00000|100%| E|CS|TAMS 0x0000000750a00000, 0x0000000750a00000| Complete 
| 267|0x0000000750b00000, 0x0000000750c00000, 0x0000000750c00000|100%| E|CS|TAMS 0x0000000750b00000, 0x0000000750b00000| Complete 
| 268|0x0000000750c00000, 0x0000000750d00000, 0x0000000750d00000|100%| E|CS|TAMS 0x0000000750c00000, 0x0000000750c00000| Complete 
| 269|0x0000000750d00000, 0x0000000750e00000, 0x0000000750e00000|100%| E|CS|TAMS 0x0000000750d00000, 0x0000000750d00000| Complete 
| 270|0x0000000750e00000, 0x0000000750f00000, 0x0000000750f00000|100%| E|CS|TAMS 0x0000000750e00000, 0x0000000750e00000| Complete 
| 271|0x0000000750f00000, 0x0000000751000000, 0x0000000751000000|100%| E|CS|TAMS 0x0000000750f00000, 0x0000000750f00000| Complete 
| 272|0x0000000751000000, 0x0000000751100000, 0x0000000751100000|100%| E|CS|TAMS 0x0000000751000000, 0x0000000751000000| Complete 
| 273|0x0000000751100000, 0x0000000751200000, 0x0000000751200000|100%| E|CS|TAMS 0x0000000751100000, 0x0000000751100000| Complete 
| 274|0x0000000751200000, 0x0000000751300000, 0x0000000751300000|100%| E|CS|TAMS 0x0000000751200000, 0x0000000751200000| Complete 
| 275|0x0000000751300000, 0x0000000751400000, 0x0000000751400000|100%| E|CS|TAMS 0x0000000751300000, 0x0000000751300000| Complete 
| 276|0x0000000751400000, 0x0000000751500000, 0x0000000751500000|100%| E|CS|TAMS 0x0000000751400000, 0x0000000751400000| Complete 
| 277|0x0000000751500000, 0x0000000751600000, 0x0000000751600000|100%| E|CS|TAMS 0x0000000751500000, 0x0000000751500000| Complete 
| 278|0x0000000751600000, 0x0000000751700000, 0x0000000751700000|100%| E|CS|TAMS 0x0000000751600000, 0x0000000751600000| Complete 
| 279|0x0000000751700000, 0x0000000751800000, 0x0000000751800000|100%| E|CS|TAMS 0x0000000751700000, 0x0000000751700000| Complete 
| 280|0x0000000751800000, 0x000000075180aa08, 0x0000000751900000|  4%| O|  |TAMS 0x000000075180aa08, 0x0000000751800000| Untracked 
| 281|0x0000000751900000, 0x0000000751a00000, 0x0000000751a00000|100%| E|CS|TAMS 0x0000000751900000, 0x0000000751900000| Complete 
| 282|0x0000000751a00000, 0x0000000751b00000, 0x0000000751b00000|100%| E|CS|TAMS 0x0000000751a00000, 0x0000000751a00000| Complete 
| 283|0x0000000751b00000, 0x0000000751c00000, 0x0000000751c00000|100%| E|CS|TAMS 0x0000000751b00000, 0x0000000751b00000| Complete 
| 284|0x0000000751c00000, 0x0000000751d00000, 0x0000000751d00000|100%| E|CS|TAMS 0x0000000751c00000, 0x0000000751c00000| Complete 
| 285|0x0000000751d00000, 0x0000000751e00000, 0x0000000751e00000|100%| E|CS|TAMS 0x0000000751d00000, 0x0000000751d00000| Complete 
| 286|0x0000000751e00000, 0x0000000751f00000, 0x0000000751f00000|100%| E|CS|TAMS 0x0000000751e00000, 0x0000000751e00000| Complete 
| 287|0x0000000751f00000, 0x0000000752000000, 0x0000000752000000|100%| E|CS|TAMS 0x0000000751f00000, 0x0000000751f00000| Complete 
| 288|0x0000000752000000, 0x0000000752100000, 0x0000000752100000|100%| E|CS|TAMS 0x0000000752000000, 0x0000000752000000| Complete 
| 289|0x0000000752100000, 0x0000000752200000, 0x0000000752200000|100%| E|CS|TAMS 0x0000000752100000, 0x0000000752100000| Complete 
| 290|0x0000000752200000, 0x0000000752300000, 0x0000000752300000|100%| E|CS|TAMS 0x0000000752200000, 0x0000000752200000| Complete 
| 291|0x0000000752300000, 0x0000000752400000, 0x0000000752400000|100%| E|CS|TAMS 0x0000000752300000, 0x0000000752300000| Complete 
| 292|0x0000000752400000, 0x0000000752500000, 0x0000000752500000|100%| E|CS|TAMS 0x0000000752400000, 0x0000000752400000| Complete 
| 293|0x0000000752500000, 0x0000000752600000, 0x0000000752600000|100%| E|CS|TAMS 0x0000000752500000, 0x0000000752500000| Complete 
| 294|0x0000000752600000, 0x0000000752700000, 0x0000000752700000|100%| E|CS|TAMS 0x0000000752600000, 0x0000000752600000| Complete 
| 295|0x0000000752700000, 0x0000000752800000, 0x0000000752800000|100%| E|CS|TAMS 0x0000000752700000, 0x0000000752700000| Complete 
| 296|0x0000000752800000, 0x0000000752900000, 0x0000000752900000|100%| E|CS|TAMS 0x0000000752800000, 0x0000000752800000| Complete 
| 297|0x0000000752900000, 0x0000000752a00000, 0x0000000752a00000|100%| E|CS|TAMS 0x0000000752900000, 0x0000000752900000| Complete 
| 298|0x0000000752a00000, 0x0000000752b00000, 0x0000000752b00000|100%| E|CS|TAMS 0x0000000752a00000, 0x0000000752a00000| Complete 
| 299|0x0000000752b00000, 0x0000000752c00000, 0x0000000752c00000|100%| E|CS|TAMS 0x0000000752b00000, 0x0000000752b00000| Complete 
| 300|0x0000000752c00000, 0x0000000752d00000, 0x0000000752d00000|100%| E|CS|TAMS 0x0000000752c00000, 0x0000000752c00000| Complete 
| 301|0x0000000752d00000, 0x0000000752e00000, 0x0000000752e00000|100%| E|CS|TAMS 0x0000000752d00000, 0x0000000752d00000| Complete 
| 302|0x0000000752e00000, 0x0000000752f00000, 0x0000000752f00000|100%| E|CS|TAMS 0x0000000752e00000, 0x0000000752e00000| Complete 
| 303|0x0000000752f00000, 0x0000000753000000, 0x0000000753000000|100%| E|CS|TAMS 0x0000000752f00000, 0x0000000752f00000| Complete 
| 304|0x0000000753000000, 0x0000000753100000, 0x0000000753100000|100%| E|CS|TAMS 0x0000000753000000, 0x0000000753000000| Complete 
| 305|0x0000000753100000, 0x0000000753200000, 0x0000000753200000|100%| E|CS|TAMS 0x0000000753100000, 0x0000000753100000| Complete 
| 306|0x0000000753200000, 0x0000000753300000, 0x0000000753300000|100%| E|CS|TAMS 0x0000000753200000, 0x0000000753200000| Complete 

Card table byte_map: [0x000001a8d9d70000,0x000001a8da370000] _byte_map_base: 0x000001a8d6370000

Marking Bits (Prev, Next): (CMBitMap*) 0x000001a8dc7e1058, (CMBitMap*) 0x000001a8dc7e1090
 Prev Bits: [0x000001a8e2320000, 0x000001a8e5320000)
 Next Bits: [0x000001a8e5320000, 0x000001a8e8320000)

Polling page: 0x000001a8bce60000

Metaspace:

Usage:
  Non-class:     82.12 MB capacity,    80.74 MB ( 98%) used,     1.05 MB (  1%) free+waste,   350.13 KB ( <1%) overhead. 
      Class:     14.32 MB capacity,    13.14 MB ( 92%) used,     1.01 MB (  7%) free+waste,   171.00 KB (  1%) overhead. 
       Both:     96.44 MB capacity,    93.87 MB ( 97%) used,     2.06 MB (  2%) free+waste,   521.13 KB ( <1%) overhead. 

Virtual space:
  Non-class space:       84.00 MB reserved,      82.17 MB ( 98%) committed 
      Class space:        1.00 GB reserved,      14.38 MB (  1%) committed 
             Both:        1.08 GB reserved,      96.55 MB (  9%) committed 

Chunk freelists:
   Non-Class:  6.38 KB
       Class:  0 bytes
        Both:  6.38 KB

CodeHeap 'non-profiled nmethods': size=120000Kb used=21572Kb max_used=21572Kb free=98427Kb
 bounds [0x000001a8d2020000, 0x000001a8d3540000, 0x000001a8d9550000]
CodeHeap 'profiled nmethods': size=120000Kb used=45955Kb max_used=45955Kb free=74044Kb
 bounds [0x000001a8caaf0000, 0x000001a8cd810000, 0x000001a8d2020000]
CodeHeap 'non-nmethods': size=5760Kb used=1656Kb max_used=1702Kb free=4103Kb
 bounds [0x000001a8ca550000, 0x000001a8ca7c0000, 0x000001a8caaf0000]
 total_blobs=31860 nmethods=17983 adapters=1113
 compilation: enabled
              stopped_count=0, restarted_count=0
 full_count=0

Compilation events (10 events):
Event: 445.662 Thread 0x000001a8801b8000 nmethod 21847 0x000001a8cd808990 code [0x000001a8cd808b40, 0x000001a8cd808d70]
Event: 445.663 Thread 0x000001a8801b7800 nmethod 21844 0x000001a8d352e610 code [0x000001a8d352e7a0, 0x000001a8d352ea58]
Event: 445.663 Thread 0x000001a8801b7800 21848       4       ui.views.U.a::aMQ (6 bytes)
Event: 445.664 Thread 0x000001a8801b7800 nmethod 21848 0x000001a8d352ec10 code [0x000001a8d352edc0, 0x000001a8d352ee68]
Event: 445.665 Thread 0x000001a8801b7800 21849  s    4       com.jidesoft.swing.StyledLabel::addStyleRange (102 bytes)
Event: 445.669 Thread 0x000001a8801b8000 21850       1       ui.views.N.a.n::getColumnCount (2 bytes)
Event: 445.669 Thread 0x000001a8801b8000 nmethod 21850 0x000001a8d352ef10 code [0x000001a8d352f0c0, 0x000001a8d352f1d8]
Event: 445.681 Thread 0x000001a8801b7800 nmethod 21849 0x000001a8d352f290 code [0x000001a8d352f480, 0x000001a8d3530cf8]
Event: 445.988 Thread 0x000001a8801b8000 21851       3       com.jidesoft.marker.MarkerStripe::paintComponent (123 bytes)
Event: 445.989 Thread 0x000001a8801b8000 nmethod 21851 0x000001a8cd808e10 code [0x000001a8cd809060, 0x000001a8cd809be0]

GC Heap History (10 events):
Event: 436.388 GC heap before
{Heap before GC invocations=335 (full 129):
 garbage-first heap   total 314368K, used 153164K [0x0000000740000000, 0x0000000800000000)
  region size 1024K, 60 young (61440K), 1 survivors (1024K)
 Metaspace       used 96054K, capacity 98757K, committed 98864K, reserved 1134592K
  class space    used 13454K, capacity 14664K, committed 14720K, reserved 1048576K
}
Event: 436.389 GC heap after
{Heap after GC invocations=336 (full 129):
 garbage-first heap   total 314368K, used 92923K [0x0000000740000000, 0x0000000800000000)
  region size 1024K, 1 young (1024K), 1 survivors (1024K)
 Metaspace       used 96054K, capacity 98757K, committed 98864K, reserved 1134592K
  class space    used 13454K, capacity 14664K, committed 14720K, reserved 1048576K
}
Event: 438.752 GC heap before
{Heap before GC invocations=336 (full 129):
 garbage-first heap   total 314368K, used 153339K [0x0000000740000000, 0x0000000800000000)
  region size 1024K, 60 young (61440K), 1 survivors (1024K)
 Metaspace       used 96083K, capacity 98757K, committed 98864K, reserved 1134592K
  class space    used 13454K, capacity 14664K, committed 14720K, reserved 1048576K
}
Event: 438.754 GC heap after
{Heap after GC invocations=337 (full 129):
 garbage-first heap   total 314368K, used 92973K [0x0000000740000000, 0x0000000800000000)
  region size 1024K, 1 young (1024K), 1 survivors (1024K)
 Metaspace       used 96083K, capacity 98757K, committed 98864K, reserved 1134592K
  class space    used 13454K, capacity 14664K, committed 14720K, reserved 1048576K
}
Event: 439.583 GC heap before
{Heap before GC invocations=338 (full 129):
 garbage-first heap   total 314368K, used 153389K [0x0000000740000000, 0x0000000800000000)
  region size 1024K, 60 young (61440K), 1 survivors (1024K)
 Metaspace       used 96091K, capacity 98757K, committed 98864K, reserved 1134592K
  class space    used 13454K, capacity 14664K, committed 14720K, reserved 1048576K
}
Event: 439.585 GC heap after
{Heap after GC invocations=339 (full 129):
 garbage-first heap   total 314368K, used 93318K [0x0000000740000000, 0x0000000800000000)
  region size 1024K, 1 young (1024K), 1 survivors (1024K)
 Metaspace       used 96091K, capacity 98757K, committed 98864K, reserved 1134592K
  class space    used 13454K, capacity 14664K, committed 14720K, reserved 1048576K
}
Event: 441.778 GC heap before
{Heap before GC invocations=339 (full 129):
 garbage-first heap   total 314368K, used 123014K [0x0000000740000000, 0x0000000800000000)
  region size 1024K, 31 young (31744K), 1 survivors (1024K)
 Metaspace       used 96104K, capacity 98757K, committed 98864K, reserved 1134592K
  class space    used 13454K, capacity 14664K, committed 14720K, reserved 1048576K
}
Event: 441.843 GC heap after
{Heap after GC invocations=340 (full 130):
 garbage-first heap   total 314368K, used 92373K [0x0000000740000000, 0x0000000800000000)
  region size 1024K, 0 young (0K), 0 survivors (0K)
 Metaspace       used 96104K, capacity 98757K, committed 98864K, reserved 1134592K
  class space    used 13454K, capacity 14664K, committed 14720K, reserved 1048576K
}
Event: 443.879 GC heap before
{Heap before GC invocations=340 (full 130):
 garbage-first heap   total 314368K, used 153813K [0x0000000740000000, 0x0000000800000000)
  region size 1024K, 60 young (61440K), 0 survivors (0K)
 Metaspace       used 96121K, capacity 98757K, committed 98864K, reserved 1134592K
  class space    used 13454K, capacity 14664K, committed 14720K, reserved 1048576K
}
Event: 443.881 GC heap after
{Heap after GC invocations=341 (full 130):
 garbage-first heap   total 314368K, used 92841K [0x0000000740000000, 0x0000000800000000)
  region size 1024K, 1 young (1024K), 1 survivors (1024K)
 Metaspace       used 96121K, capacity 98757K, committed 98864K, reserved 1134592K
  class space    used 13454K, capacity 14664K, committed 14720K, reserved 1048576K
}

Deoptimization events (10 events):
Event: 428.994 Thread 0x000001a880ee3800 Uncommon trap: reason=null_check action=make_not_entrant pc=0x000001a8d313e21c method=ui.views.N.j.g.aiG(Ljava/lang/String;)Lui/d/d; @ 9 c2
Event: 428.994 Thread 0x000001a880ee3800 Uncommon trap: reason=class_check action=maybe_recompile pc=0x000001a8d313671c method=ui.views.waveform.executive.protobuf.WVTree$WVTreeNode.getColumnValuesCount()I @ 4 c2
Event: 432.416 Thread 0x000001a880ee3800 Uncommon trap: reason=class_check action=maybe_recompile pc=0x000001a8d313671c method=ui.views.waveform.executive.protobuf.WVTree$WVTreeNode.getColumnValuesCount()I @ 4 c2
Event: 432.420 Thread 0x000001a880ee3800 Uncommon trap: reason=class_check action=maybe_recompile pc=0x000001a8d313671c method=ui.views.waveform.executive.protobuf.WVTree$WVTreeNode.getColumnValuesCount()I @ 4 c2
Event: 432.420 Thread 0x000001a880ee3800 Uncommon trap: reason=class_check action=maybe_recompile pc=0x000001a8d31399c0 method=ui.views.waveform.executive.protobuf.WVTree$WVTreeNode.getColumnValuesCount()I @ 4 c2
Event: 438.326 Thread 0x000001a880ee3800 Uncommon trap: reason=unstable_if action=reinterpret pc=0x000001a8d2e8f130 method=javax.swing.JComponent.getObscuredState(IIIII)I @ 185 c2
Event: 438.675 Thread 0x000001a880ee3800 Uncommon trap: reason=class_check action=maybe_recompile pc=0x000001a8d2ea72e8 method=com.jidesoft.docking.DefaultDockingManager.handleEvent(Ljava/awt/AWTEvent;)Z @ 2252 c2
Event: 438.758 Thread 0x000001a880ee3800 Uncommon trap: reason=class_check action=maybe_recompile pc=0x000001a8d2ea7394 method=com.jidesoft.docking.DefaultDockingManager.handleEvent(Ljava/awt/AWTEvent;)Z @ 793 c2
Event: 440.955 Thread 0x000001a880ee3800 Uncommon trap: reason=class_check action=maybe_recompile pc=0x000001a8d32ed704 method=sun.java2d.SunGraphics2D.drawBytes([BIIII)V @ 141 c2
Event: 443.876 Thread 0x000001a880ee3800 Uncommon trap: reason=class_check action=maybe_recompile pc=0x000001a8d2ea7394 method=com.jidesoft.docking.DefaultDockingManager.handleEvent(Ljava/awt/AWTEvent;)Z @ 793 c2

Classes redefined (0 events):
No events

Internal exceptions (10 events):
Event: 445.314 Thread 0x000001a880ee3800 Exception <a 'java/io/FileNotFoundException'{0x00000007501b7e90}> (0x00000007501b7e90) thrown at [t:/workspace/open/src/hotspot/share/prims/jni.cpp, line 615]
Event: 445.314 Thread 0x000001a880ee3800 Exception <a 'java/io/FileNotFoundException'{0x00000007501b8610}> (0x00000007501b8610) thrown at [t:/workspace/open/src/hotspot/share/prims/jni.cpp, line 615]
Event: 445.314 Thread 0x000001a880ee3800 Exception <a 'java/io/FileNotFoundException'{0x00000007501b8d90}> (0x00000007501b8d90) thrown at [t:/workspace/open/src/hotspot/share/prims/jni.cpp, line 615]
Event: 445.396 Thread 0x000001a880ee3800 Exception <a 'java/io/FileNotFoundException'{0x00000007501ba7a0}> (0x00000007501ba7a0) thrown at [t:/workspace/open/src/hotspot/share/prims/jni.cpp, line 615]
Event: 445.412 Thread 0x000001a880ee3800 Exception <a 'java/io/FileNotFoundException'{0x00000007501bb080}> (0x00000007501bb080) thrown at [t:/workspace/open/src/hotspot/share/prims/jni.cpp, line 615]
Event: 445.412 Thread 0x000001a880ee3800 Exception <a 'java/io/FileNotFoundException'{0x00000007501bb800}> (0x00000007501bb800) thrown at [t:/workspace/open/src/hotspot/share/prims/jni.cpp, line 615]
Event: 445.454 Thread 0x000001a880ee3800 Exception <a 'java/io/FileNotFoundException'{0x00000007501bdee8}> (0x00000007501bdee8) thrown at [t:/workspace/open/src/hotspot/share/prims/jni.cpp, line 615]
Event: 445.514 Thread 0x000001a880ee3800 Exception <a 'java/io/FileNotFoundException'{0x00000007501c07c8}> (0x00000007501c07c8) thrown at [t:/workspace/open/src/hotspot/share/prims/jni.cpp, line 615]
Event: 445.514 Thread 0x000001a880ee3800 Exception <a 'java/io/FileNotFoundException'{0x00000007501c0f48}> (0x00000007501c0f48) thrown at [t:/workspace/open/src/hotspot/share/prims/jni.cpp, line 615]
Event: 445.617 Thread 0x000001a880ee3800 Exception <a 'java/io/FileNotFoundException'{0x00000007501c6770}> (0x00000007501c6770) thrown at [t:/workspace/open/src/hotspot/share/prims/jni.cpp, line 615]

Events (10 events):
Event: 444.803 Thread 0x000001a8898d8000 Thread exited: 0x000001a8898d8000
Event: 444.804 Executing VM operation: RevokeBias
Event: 444.804 Executing VM operation: RevokeBias done
Event: 445.628 Thread 0x000001a8898dc800 Thread added: 0x000001a8898dc800
Event: 445.630 Executing VM operation: RevokeBias
Event: 445.639 Executing VM operation: RevokeBias done
Event: 445.689 Thread 0x000001a8898d8000 Thread added: 0x000001a8898d8000
Event: 445.694 Thread 0x000001a8898d8000 Thread exited: 0x000001a8898d8000
Event: 446.690 Thread 0x000001a8898d8000 Thread added: 0x000001a8898d8000
Event: 446.694 Thread 0x000001a8898d8000 Thread exited: 0x000001a8898d8000


Dynamic libraries:
0x00007ff77be60000 - 0x00007ff77be8f000 	D:\xilinx\Vivado\2020.2\bin\unwrapped\win64.o\vivado.exe
0x00007ffdc9850000 - 0x00007ffdc9a48000 	C:\Windows\SYSTEM32\ntdll.dll
0x00007ffdc8870000 - 0x00007ffdc892d000 	C:\Windows\System32\KERNEL32.DLL
0x00007ffdc72a0000 - 0x00007ffdc7596000 	C:\Windows\System32\KERNELBASE.dll
0x00007ffdc77a0000 - 0x00007ffdc78a0000 	C:\Windows\System32\ucrtbase.dll
0x00007ffdb6040000 - 0x00007ffdb60ce000 	C:\Windows\SYSTEM32\MSVCP140.dll
0x00007ffd947c0000 - 0x00007ffd947d8000 	D:\xilinx\Vivado\2020.2\lib\win64.o\librdi_commonmain.dll
0x00007ffd93ae0000 - 0x00007ffd93af3000 	D:\xilinx\Vivado\2020.2\lib\win64.o\libboost_signals.dll
0x00007ffdb6020000 - 0x00007ffdb603b000 	C:\Windows\SYSTEM32\VCRUNTIME140.dll
0x00007ffdb5b10000 - 0x00007ffdb5b1c000 	C:\Windows\SYSTEM32\VCRUNTIME140_1.dll
0x00007ffd92b70000 - 0x00007ffd92b92000 	D:\xilinx\Vivado\2020.2\lib\win64.o\libboost_filesystem.dll
0x00007ffdc96a0000 - 0x00007ffdc9753000 	C:\Windows\System32\ADVAPI32.dll
0x00007ffdc8f50000 - 0x00007ffdc8fee000 	C:\Windows\System32\msvcrt.dll
0x00007ffdc78a0000 - 0x00007ffdc793f000 	C:\Windows\System32\sechost.dll
0x00007ffd99a40000 - 0x00007ffd99a49000 	D:\xilinx\Vivado\2020.2\lib\win64.o\librdi_commonversion.dll
0x00007ffdc7b80000 - 0x00007ffdc7ca6000 	C:\Windows\System32\RPCRT4.dll
0x00007ffdc75a0000 - 0x00007ffdc75c7000 	C:\Windows\System32\bcrypt.dll
0x00007ffd83200000 - 0x00007ffd84377000 	D:\xilinx\Vivado\2020.2\lib\win64.o\librdi_common.dll
0x00007ffd84830000 - 0x00007ffd849c9000 	D:\xilinx\Vivado\2020.2\lib\win64.o\librdi_commonxillic.dll
0x00007ffdc79d0000 - 0x00007ffdc7b6e000 	C:\Windows\System32\USER32.dll
0x00007ffdc6fe0000 - 0x00007ffdc7002000 	C:\Windows\System32\win32u.dll
0x00007ffdc8aa0000 - 0x00007ffdc8b0b000 	C:\Windows\System32\WS2_32.dll
0x00007ffdc8a10000 - 0x00007ffdc8a3c000 	C:\Windows\System32\GDI32.dll
0x000000006feb0000 - 0x000000006ffdb000 	D:\xilinx\Vivado\2020.2\lib\win64.o\tcl85t.dll
0x00007ffdc7680000 - 0x00007ffdc779a000 	C:\Windows\System32\gdi32full.dll
0x00007ffdc70a0000 - 0x00007ffdc713d000 	C:\Windows\System32\msvcp_win.dll
0x00007ffd949e0000 - 0x00007ffd949e9000 	D:\xilinx\Vivado\2020.2\lib\win64.o\libboost_system.dll
0x00007ffdc7cb0000 - 0x00007ffdc83f5000 	C:\Windows\System32\SHELL32.dll
0x00007ffd90e20000 - 0x00007ffd90e30000 	D:\xilinx\Vivado\2020.2\lib\win64.o\libboost_date_time.dll
0x00007ffd82e90000 - 0x00007ffd831fe000 	D:\xilinx\Vivado\2020.2\lib\win64.o\libCOIN-all.dll
0x00007ffd84ed0000 - 0x00007ffd84fe1000 	D:\xilinx\Vivado\2020.2\lib\win64.o\libboost_regex.dll
0x00007ffd8f4e0000 - 0x00007ffd8f553000 	D:\xilinx\Vivado\2020.2\lib\win64.o\libboost_program_options.dll
0x00007ffd90e00000 - 0x00007ffd90e1e000 	D:\xilinx\Vivado\2020.2\lib\win64.o\libboost_thread.dll
0x00007ffd8f960000 - 0x00007ffd8f96c000 	D:\xilinx\Vivado\2020.2\lib\win64.o\libboost_xilinx.dll
0x00007ffd8ae60000 - 0x00007ffd8aee2000 	D:\xilinx\Vivado\2020.2\lib\win64.o\libhdlpsolve.dll
0x00007ffd84c00000 - 0x00007ffd84ca5000 	D:\xilinx\Vivado\2020.2\lib\win64.o\libhdxml.dll
0x00007ffd8ae30000 - 0x00007ffd8ae58000 	D:\xilinx\Vivado\2020.2\lib\win64.o\libisl_sysinfo.dll
0x00007ffd8f940000 - 0x00007ffd8f95a000 	D:\xilinx\Vivado\2020.2\lib\win64.o\pthreadVC2.dll
0x00007ffd847c0000 - 0x00007ffd84825000 	D:\xilinx\Vivado\2020.2\lib\win64.o\liblmx6.0.dll
0x00007ffd8f4c0000 - 0x00007ffd8f4dc000 	D:\xilinx\Vivado\2020.2\lib\win64.o\librdiconfig.dll
0x00007ffdc8a40000 - 0x00007ffdc8a95000 	C:\Windows\System32\SHLWAPI.dll
0x00007ffd8ae00000 - 0x00007ffd8ae21000 	D:\xilinx\Vivado\2020.2\lib\win64.o\librdizlib.dll
0x0000000012000000 - 0x0000000012270000 	D:\xilinx\Vivado\2020.2\lib\win64.o\xerces-c_3_1.dll
0x00007ffd82bb0000 - 0x00007ffd82e8b000 	D:\xilinx\Vivado\2020.2\lib\win64.o\libXil_lmgr11.dll
0x00007ffdc95c0000 - 0x00007ffdc969a000 	C:\Windows\System32\COMDLG32.dll
0x00007ffdc8ff0000 - 0x00007ffdc9344000 	C:\Windows\System32\combase.dll
0x00007ffdc8930000 - 0x00007ffdc89dd000 	C:\Windows\System32\shcore.dll
0x00007ffdc94f0000 - 0x00007ffdc95bd000 	C:\Windows\System32\OLEAUT32.dll
0x00007ffdc93c0000 - 0x00007ffdc94eb000 	C:\Windows\System32\ole32.dll
0x00007ffdc6f20000 - 0x00007ffdc6f87000 	C:\Windows\System32\WINTRUST.dll
0x00007ffdc7140000 - 0x00007ffdc729d000 	C:\Windows\System32\CRYPT32.dll
0x00007ffdbc840000 - 0x00007ffdbc859000 	C:\Windows\SYSTEM32\NETAPI32.dll
0x00007ffd40340000 - 0x00007ffd41132600 	D:\xilinx\Vivado\2020.2\lib\win64.o\libisl_iostreams.dll
0x00007ffdb5b40000 - 0x00007ffdb6016000 	C:\Windows\SYSTEM32\WININET.dll
0x00007ffdc0950000 - 0x00007ffdc0a5a000 	C:\Windows\SYSTEM32\WINHTTP.dll
0x00007ffdbd350000 - 0x00007ffdbd53d000 	C:\Windows\SYSTEM32\urlmon.dll
0x00007ffda3550000 - 0x00007ffda3581000 	C:\Windows\SYSTEM32\VCOMP140.DLL
0x00007ffd87340000 - 0x00007ffd87349000 	C:\Windows\SYSTEM32\WSOCK32.dll
0x00007ffd33730000 - 0x00007ffd35647000 	D:\xilinx\Vivado\2020.2\lib\win64.o\gurobi90.dll
0x00007ffd8adf0000 - 0x00007ffd8adfc000 	D:\xilinx\Vivado\2020.2\lib\win64.o\libboost_chrono.dll
0x00007ffdc8ef0000 - 0x00007ffdc8f46000 	C:\Windows\System32\WLDAP32.dll
0x00007ffdbcca0000 - 0x00007ffdbcd50000 	C:\Windows\WinSxS\amd64_microsoft.windows.common-controls_6595b64144ccf1df_5.82.19041.3636_none_7931fb75243f97c8\COMCTL32.dll
0x00007ffdc9350000 - 0x00007ffdc9358000 	C:\Windows\System32\Normaliz.dll
0x00007ffdc16d0000 - 0x00007ffdc16ed000 	C:\Windows\SYSTEM32\dhcpcsvc.DLL
0x00007ffdb7140000 - 0x00007ffdb73fc000 	C:\Windows\SYSTEM32\iertutil.dll
0x00007ffdb8870000 - 0x00007ffdb8898000 	C:\Windows\SYSTEM32\srvcli.dll
0x00007ffd8ad60000 - 0x00007ffd8ad83000 	D:\xilinx\Vivado\2020.2\lib\win64.o\libisl_iosutils.dll
0x00007ffd8ad40000 - 0x00007ffd8ad56000 	D:\xilinx\Vivado\2020.2\lib\win64.o\libboost_iostreams.dll
0x00007ffdc6390000 - 0x00007ffdc639c000 	C:\Windows\SYSTEM32\netutils.dll
0x00007ffdc66b0000 - 0x00007ffdc671a000 	C:\Windows\SYSTEM32\MSWSOCK.DLL
0x00007ffdc89e0000 - 0x00007ffdc8a10000 	C:\Windows\System32\IMM32.DLL
0x00007ffdc6ae0000 - 0x00007ffdc6af2000 	C:\Windows\SYSTEM32\MSASN1.dll
0x00007ffdc4df0000 - 0x00007ffdc4e02000 	C:\Windows\SYSTEM32\kernel.appcore.dll
0x00007ffd32bb0000 - 0x00007ffd330d2000 	D:\xilinx\Vivado\2020.2\lib\win64.o\librdi_commontasks.dll
0x00007ffdc0940000 - 0x00007ffdc094a000 	C:\Windows\SYSTEM32\VERSION.dll
0x00007ffd41290000 - 0x00007ffd41565000 	D:\xilinx\Vivado\2020.2\lib\win64.o\librdi_sio.dll
0x00007ffdc6350000 - 0x00007ffdc638b000 	C:\Windows\SYSTEM32\IPHLPAPI.DLL
0x00007ffd32080000 - 0x00007ffd32ba3000 	D:\xilinx\Vivado\2020.2\tps\win64\jre11.0.2\bin\server\jvm.dll
0x00007ffdc9800000 - 0x00007ffdc9808000 	C:\Windows\System32\PSAPI.DLL
0x00007ffdbb670000 - 0x00007ffdbb697000 	C:\Windows\SYSTEM32\WINMM.dll
0x00007ffdc4ff0000 - 0x00007ffdc578b000 	C:\Windows\SYSTEM32\windows.storage.dll
0x00007ffdc6950000 - 0x00007ffdc697d000 	C:\Windows\SYSTEM32\Wldp.dll
0x00007ffd2f5c0000 - 0x00007ffd3207e000 	D:\xilinx\Vivado\2020.2\lib\win64.o\librdi_tcltasks.dll
0x00007ffd81070000 - 0x00007ffd81223000 	D:\xilinx\Vivado\2020.2\lib\win64.o\librdi_board.dll
0x00007ffd82430000 - 0x00007ffd824ae000 	D:\xilinx\Vivado\2020.2\lib\win64.o\librdi_boarddep.dll
0x00007ffd5e790000 - 0x00007ffd5e886000 	D:\xilinx\Vivado\2020.2\lib\win64.o\librdi_chipscope.dll
0x00007ffd2f110000 - 0x00007ffd2f5b6000 	D:\xilinx\Vivado\2020.2\lib\win64.o\librdi_bitstream.dll
0x00007ffd40150000 - 0x00007ffd4033a000 	D:\xilinx\Vivado\2020.2\lib\win64.o\librdi_chipscopeimpl.dll
0x00007ffd3ffe0000 - 0x00007ffd40141000 	D:\xilinx\Vivado\2020.2\lib\win64.o\librdi_containers.dll
0x00007ffd2d2e0000 - 0x00007ffd2f10c000 	D:\xilinx\Vivado\2020.2\lib\win64.o\librdi_constraints.dll
0x00007ffd2a800000 - 0x00007ffd2af18000 	D:\xilinx\Vivado\2020.2\lib\win64.o\librdi_coregenipxact.dll
0x00007ffd28a90000 - 0x00007ffd2a7f1000 	D:\xilinx\Vivado\2020.2\lib\win64.o\librdi_designutils.dll
0x00007ffd10140000 - 0x00007ffd104a8000 	D:\xilinx\Vivado\2020.2\lib\win64.o\librdi_dlyest.dll
0x00007ffd2af20000 - 0x00007ffd2d2dd000 	D:\xilinx\Vivado\2020.2\lib\win64.o\librdi_coregen.dll
0x00007ffd82240000 - 0x00007ffd822f3000 	D:\xilinx\Vivado\2020.2\lib\win64.o\librdi_dsp.dll
0x00007ffd0fae0000 - 0x00007ffd1013d000 	D:\xilinx\Vivado\2020.2\lib\win64.o\librdi_drc.dll
0x00007ffd823c0000 - 0x00007ffd8242b000 	D:\xilinx\Vivado\2020.2\lib\win64.o\librdi_hdf.dll
0x00007ffd0f0f0000 - 0x00007ffd0f40d000 	D:\xilinx\Vivado\2020.2\lib\win64.o\librdi_guitools.dll
0x00007ffd0f410000 - 0x00007ffd0fad2000 	D:\xilinx\Vivado\2020.2\lib\win64.o\librdi_filemgmt.dll
0x00007ffd0ee70000 - 0x00007ffd0f0e7000 	D:\xilinx\Vivado\2020.2\lib\win64.o\librdi_hip_devdesign.dll
0x00007ffd0ed20000 - 0x00007ffd0ee67000 	D:\xilinx\Vivado\2020.2\lib\win64.o\librdi_hip_perf_analysis.dll
0x00007ffd81670000 - 0x00007ffd816e2000 	D:\xilinx\Vivado\2020.2\lib\win64.o\librdi_memoryarray.dll
0x00007ffd0caf0000 - 0x00007ffd0d13c000 	D:\xilinx\Vivado\2020.2\lib\win64.o\librdi_memdata.dll
0x00007ffd104b0000 - 0x00007ffd28a8f000 	D:\xilinx\Vivado\2020.2\lib\win64.o\librdi_device.dll
0x00007ffd0d140000 - 0x00007ffd0ed14000 	D:\xilinx\Vivado\2020.2\lib\win64.o\librdi_implflow.dll
0x00007ffd814a0000 - 0x00007ffd814f4000 	D:\xilinx\Vivado\2020.2\lib\win64.o\librdi_pfi.dll
0x00007ffd09f70000 - 0x00007ffd0a69c000 	D:\xilinx\Vivado\2020.2\lib\win64.o\librdi_netlist.dll
0x00007ffd069c0000 - 0x00007ffd06d5e000 	D:\xilinx\Vivado\2020.2\lib\win64.o\librdi_platform.dll
0x00007ffd061a0000 - 0x00007ffd069b7000 	D:\xilinx\Vivado\2020.2\lib\win64.o\librdi_power.dll
0x00007ffd053f0000 - 0x00007ffd05b12000 	D:\xilinx\Vivado\2020.2\lib\win64.o\librdi_psta.dll
0x00007ffd05b20000 - 0x00007ffd06194000 	D:\xilinx\Vivado\2020.2\lib\win64.o\librdi_project.dll
0x00007ffd04be0000 - 0x00007ffd053ec000 	D:\xilinx\Vivado\2020.2\lib\win64.o\librdi_rsb.dll
0x00007ffd046b0000 - 0x00007ffd04bdb000 	D:\xilinx\Vivado\2020.2\lib\win64.o\librdi_runs.dll
0x00007ffd06d60000 - 0x00007ffd09f67000 	D:\xilinx\Vivado\2020.2\lib\win64.o\librdi_place.dll
0x00007ffd04430000 - 0x00007ffd046a4000 	D:\xilinx\Vivado\2020.2\lib\win64.o\librdi_simdata.dll
0x00007ffd41180000 - 0x00007ffd41289000 	D:\xilinx\Vivado\2020.2\lib\win64.o\librdi_runsbase.dll
0x00007ffd03380000 - 0x00007ffd03496000 	D:\xilinx\Vivado\2020.2\lib\win64.o\librdi_xhub.dll
0x00007ffd80fc0000 - 0x00007ffd81067000 	D:\xilinx\Vivado\2020.2\lib\win64.o\librdi_xhubtasks.dll
0x00007ffd034a0000 - 0x00007ffd04421000 	D:\xilinx\Vivado\2020.2\lib\win64.o\librdi_timing.dll
0x00007ffd03190000 - 0x00007ffd0337b000 	D:\xilinx\Vivado\2020.2\lib\win64.o\librdi_advchipscopeimpl.dll
0x00007ffd0a6a0000 - 0x00007ffd0cae4000 	D:\xilinx\Vivado\2020.2\lib\win64.o\librdi_mig.dll
0x00007ffd86f90000 - 0x00007ffd86fd7000 	D:\xilinx\Vivado\2020.2\lib\win64.o\libboost_serialization.dll
0x00007ffd41890000 - 0x00007ffd4197b000 	D:\xilinx\Vivado\2020.2\lib\win64.o\librdi_ipconfig_readwrite.dll
0x00007ffd5e720000 - 0x00007ffd5e78a000 	D:\xilinx\Vivado\2020.2\lib\win64.o\librdi_noc_frameworks.dll
0x00007ffd02e90000 - 0x00007ffd0318b000 	D:\xilinx\Vivado\2020.2\lib\win64.o\librdi_hip_config.dll
0x00007ffd02940000 - 0x00007ffd02e8e000 	D:\xilinx\Vivado\2020.2\lib\win64.o\librdi_xdm.dll
0x00007ffd42df0000 - 0x00007ffd42e7d000 	D:\xilinx\Vivado\2020.2\lib\win64.o\treelite_runtime.dll
0x00007ffd01d40000 - 0x00007ffd01dde000 	D:\xilinx\Vivado\2020.2\lib\win64.o\libise.dll

dbghelp: loaded successfully - version: 4.0.5 - missing functions: none
symbol engine: initialized successfully - sym options: 0x614 - pdb path: .;D:\xilinx\Vivado\2020.2\bin\unwrapped\win64.o;C:\Windows\SYSTEM32;D:\xilinx\Vivado\2020.2\lib\win64.o;C:\Windows\WinSxS\amd64_microsoft.windows.common-controls_6595b64144ccf1df_5.82.19041.3636_none_7931fb75243f97c8;D:\xilinx\Vivado\2020.2\tps\win64\jre11.0.2\bin\server;D:\xilinx\Vivado\2020.2\tps\win64\python-3.8.3;D:\xilinx\Vivado\2020.2\tps\win64\jre11.0.2\bin;C:\Windows\WinSxS\amd64_microsoft.windows.common-controls_6595b64144ccf1df_6.0.19041.3636_none_60b6a03d71f818d5;C:\Program Files\Bonjour;C:\Windows\WinSxS\amd64_microsoft.windows.gdiplus_6595b64144ccf1df_1.1.19041.3636_none_91a19322cc8a92a3

VM Arguments:
jvm_args: -Dsun.java2d.pmoffscreen=false -Dhttps.protocols=TLSv1,TLSv1.1,TLSv1.2 -Dsun.java2d.xrender=false -Dsun.java2d.d3d=false -Dsun.awt.nopixfmt=true -Dsun.java2d.dpiaware=true -Dsun.java2d.uiScale.enabled=false -Xverify:none -Dswing.aatext=true -XX:-UsePerfData -Djdk.map.althashing.threshold=512 -XX:StringTableSize=4072 --add-opens=java.base/java.nio=ALL-UNNAMED --add-opens=java.desktop/sun.swing=ALL-UNNAMED --add-opens=java.desktop/javax.swing=ALL-UNNAMED --add-opens=java.desktop/javax.swing.tree=ALL-UNNAMED --add-opens=java.desktop/javax.swing.plaf.basic=ALL-UNNAMED --add-opens=java.desktop/javax.swing.plaf.synth=ALL-UNNAMED --add-opens=java.desktop/com.sun.awt=ALL-UNNAMED -XX:NewSize=60m -XX:MaxNewSize=60m -Xms128m -Xmx3072m -Xss5m 
java_command: <unknown>
java_class_path (initial): D:/xilinx/Vivado/2020.2\lib\classes\alloy.jar;D:/xilinx/Vivado/2020.2\lib\classes\ArchiveSummary.jar;D:/xilinx/Vivado/2020.2\lib\classes\autoesl-models.jar;D:/xilinx/Vivado/2020.2\lib\classes\autopilot.scelaborator.jar;D:/xilinx/Vivado/2020.2\lib\classes\autopilot.sourceprocessor.jar;D:/xilinx/Vivado/2020.2\lib\classes\autopilot.tbprocessor.jar;D:/xilinx/Vivado/2020.2\lib\classes\batik-anim.jar;D:/xilinx/Vivado/2020.2\lib\classes\batik-awt-util.jar;D:/xilinx/Vivado/2020.2\lib\classes\batik-bridge.jar;D:/xilinx/Vivado/2020.2\lib\classes\batik-codec.jar;D:/xilinx/Vivado/2020.2\lib\classes\batik-css.jar;D:/xilinx/Vivado/2020.2\lib\classes\batik-dom.jar;D:/xilinx/Vivado/2020.2\lib\classes\batik-ext.jar;D:/xilinx/Vivado/2020.2\lib\classes\batik-gui-util.jar;D:/xilinx/Vivado/2020.2\lib\classes\batik-gvt.jar;D:/xilinx/Vivado/2020.2\lib\classes\batik-parser.jar;D:/xilinx/Vivado/2020.2\lib\classes\batik-script.jar;D:/xilinx/Vivado/2020.2\lib\classes\batik-svg-dom.jar;D:/xilinx/Vivado/2020.2\lib\classes\batik-swing.jar;D:/xilinx/Vivado/2020.2\lib\classes\batik-transcoder.jar;D:/xilinx/Vivado/2020.2\lib\classes\batik-util.jar;D:/xilinx/Vivado/2020.2\lib\classes\batik-xml.jar;D:/xilinx/Vivado/2020.2\lib\classes\com.google.gson_2.8.2.v20180104-1110.jar;D:/xilinx/Vivado/2020.2\lib\classes\com.google.guava_27.1.0.v20190517-1946.jar;D:/xilinx/Vivado/2020.2\lib\classes\com.ibm.icu_4.4.2.v20110208.jar;D:/xilinx/Vivado/2020.2\lib\classes\com.sigasi.hdt.connection_4.9.0.202009050929.jar;D:/xilinx/Vivado/2020.2\lib\classes\com.sigasi.hdt.epl_4.9.0.202009050929.jar;D:/xilinx/Vivado/2020.2\lib\classes\com.sigasi.hdt.project_4.9.0.202009050929.jar;D:/xilinx/Vivado/2020.2\lib\classes\com.sigasi.hdt.readonlyfilesystem_4.9.0.202009050929.jar;D:/xilinx/Vivado/2020.2\lib\classes\com.sigasi.lcm_4.9.0.202009050929.jar;D:/xilinx/Vivado/2020.2\lib\classes\com.sigasi.sdk.client_4.9.0.202009050929.jar;D:/xilinx/Vivado/2020.2\lib\classes\com.xilinx.hls.services.jar;D:/xili
Launcher Type: generic

[Global flags]
     bool BytecodeVerificationLocal                = false                                     {product} {command line}
     bool BytecodeVerificationRemote               = false                                     {product} {command line}
     intx CICompilerCount                          = 4                                         {product} {ergonomic}
     uint ConcGCThreads                            = 3                                         {product} {ergonomic}
     uint G1ConcRefinementThreads                  = 10                                        {product} {ergonomic}
   size_t G1HeapRegionSize                         = 1048576                                   {product} {ergonomic}
    uintx GCDrainStackTargetSize                   = 64                                        {product} {ergonomic}
   size_t InitialHeapSize                          = 134217728                                 {product} {command line}
   size_t MarkStackSize                            = 4194304                                   {product} {ergonomic}
   size_t MaxHeapSize                              = 3221225472                                {product} {command line}
   size_t MaxNewSize                               = 62914560                                  {product} {command line}
   size_t MinHeapDeltaBytes                        = 1048576                                   {product} {ergonomic}
   size_t NewSize                                  = 62914560                                  {product} {command line}
    uintx NonNMethodCodeHeapSize                   = 5835340                                {pd product} {ergonomic}
    uintx NonProfiledCodeHeapSize                  = 122911450                              {pd product} {ergonomic}
    uintx ProfiledCodeHeapSize                     = 122911450                              {pd product} {ergonomic}
    uintx ReservedCodeCacheSize                    = 251658240                              {pd product} {ergonomic}
     bool SegmentedCodeCache                       = true                                      {product} {ergonomic}
    uintx StringTableSize                          = 4072                                      {product} {command line}
     intx ThreadStackSize                          = 5120                                   {pd product} {command line}
     bool UseCompressedClassPointers               = true                                 {lp64_product} {ergonomic}
     bool UseCompressedOops                        = true                                 {lp64_product} {ergonomic}
     bool UseG1GC                                  = true                                      {product} {ergonomic}
     bool UseLargePagesIndividualAllocation        = false                                  {pd product} {ergonomic}
     bool UsePerfData                              = false                                     {product} {command line}

Logging:
Log output configuration:
 #0: stdout all=warning uptime,level,tags
 #1: stderr all=off uptime,level,tags

Environment Variables:
PATH=D:/xilinx/Vivado/2020.2\gnuwin\bin;D:/xilinx/Vivado/2020.2\gnu\microblaze\nt\bin;D:/xilinx/Vivado/2020.2/bin;D:/xilinx/Vivado/2020.2/tps/win64/javafx-sdk-11.0.2/lib;D:/xilinx/Vivado/2020.2/tps/win64/javafx-sdk-11.0.2/bin;D:/xilinx/Vivado/2020.2/lib/win64.o;D:/xilinx/Vivado/2020.2/tps/win64/jre11.0.2/bin/server;D:/xilinx/Vivado/2020.2/tps/win64/jre11.0.2/bin;D:/xilinx/Vitis/2020.2/bin;D:/xilinx/Vivado/2020.2/ids_lite/ISE/bin/nt64;D:/xilinx/Vivado/2020.2/ids_lite/ISE/lib/nt64;D:/xilinx/Vitis_HLS/2020.2/bin;C:\Program Files (x86)\VMware\VMware Player\bin\;C:\Program Files (x86)\Common Files\Oracle\Java\javapath;C:\Windows\system32;C:\Windows;C:\Windows\System32\Wbem;C:\Windows\System32\WindowsPowerShell\v1.0\;C:\Windows\System32\OpenSSH\;C:\Program Files (x86)\NVIDIA Corporation\PhysX\Common;C:\Program Files\NVIDIA Corporation\NVIDIA NvDLISR;C:\MinGW\bin;C:\Program Files\Microsoft SQL Server\Client SDK\ODBC\170\Tools\Binn\;C:\Program Files (x86)\Microsoft SQL Server\150\Tools\Binn\;C:\Program Files\Microsoft SQL Server\150\Tools\Binn\;C:\Program Files\Microsoft SQL Server\150\DTS\Binn\;C:\Program Files (x86)\Windows Kits\8.1\Windows Performance Toolkit\;C:\Users\Flix\AppData\Local\Microsoft\WindowsApps;C:\Users\Flix\AppData\Local\GitHubDesktop\bin;D:/xilinx/Vivado/2020.2\tps\mingw\6.2.0\win64.o\nt\bin;D:/xilinx/Vivado/2020.2\tps\mingw\6.2.0\win64.o\nt\libexec\gcc\x86_64-w64-mingw32\6.2.0;D:/xilinx/Vivado/2020.2\tps\win64\python-3.8.3;D:/xilinx/Vivado/2020.2\tps\win64\python-3.8.3\bin;D:/xilinx/Vivado/2020.2\tps\win64\python-3.8.3\lib;D:/xilinx/Vivado/2020.2\tps\win64\python-3.8.3\lib\site-packages
USERNAME=Flix
OS=Windows_NT
PROCESSOR_IDENTIFIER=AMD64 Family 23 Model 113 Stepping 0, AuthenticAMD



---------------  S Y S T E M  ---------------

OS: Windows 10 , 64 bit Build 19041 (10.0.19041.3636)

CPU:total 12 (initial active 12) (12 cores per cpu, 2 threads per core) family 23 model 113 stepping 0, cmov, cx8, fxsr, mmx, sse, sse2, sse3, ssse3, sse4.1, sse4.2, popcnt, avx, avx2, aes, clmul, mmxext, 3dnowpref, lzcnt, sse4a, ht, tsc, tscinvbit, tscinv, bmi1, bmi2, adx, sha, fma

Memory: 4k page, system-wide physical 32689M (23774M free)
TotalPageFile size 34737M (AvailPageFile size 23251M)
current process WorkingSet (physical memory assigned to process): 1469M, peak: 1492M
current process commit charge ("private bytes"): 1474M, peak: 2148M

vm_info: OpenJDK 64-Bit Server VM (11.0.2+9) for windows-amd64 JRE (11.0.2+9), built on Jan 18 2019 05:23:22 by "mach5one" with MS VC++ 15.5 (VS2017)

END.
