#-----------------------------------------------------------
# Vivado v2020.2 (64-bit)
# SW Build 3064766 on Wed Nov 18 09:12:45 MST 2020
# IP Build 3064653 on Wed Nov 18 14:17:31 MST 2020
# Start of session at: Thu Jan 25 16:51:43 2024
# Process ID: 6452
# Current directory: D:/GitHub/S4_APP2
# Command line: vivado.exe -gui_launcher_event rodinguilauncherevent13984 D:\GitHub\S4_APP2\pb_logique_seq.xpr
# Log file: D:/GitHub/S4_APP2/vivado.log
# Journal file: D:/GitHub/S4_APP2\vivado.jou
#-----------------------------------------------------------
start_gui
open_project D:/GitHub/S4_APP2/pb_logique_seq.xpr
Scanning sources...
Finished scanning sources
INFO: [IP_Flow 19-234] Refreshing IP repositories
INFO: [IP_Flow 19-1704] No user IP repositories specified
INFO: [IP_Flow 19-2313] Loaded Vivado IP repository 'D:/xilinx/Vivado/2020.2/data/ip'.
WARNING: [IP_Flow 19-3664] IP 'design_1_util_vector_logic_0_0' generated file not found 'd:/GitHub/S4_APP2/pb_logique_seq.gen/sources_1/bd/design_1/ip/design_1_util_vector_logic_0_0/design_1_util_vector_logic_0_0.dcp'. Please regenerate to continue.
WARNING: [IP_Flow 19-3664] IP 'design_1_util_vector_logic_0_0' generated file not found 'd:/GitHub/S4_APP2/pb_logique_seq.gen/sources_1/bd/design_1/ip/design_1_util_vector_logic_0_0/design_1_util_vector_logic_0_0_stub.v'. Please regenerate to continue.
WARNING: [IP_Flow 19-3664] IP 'design_1_util_vector_logic_0_0' generated file not found 'd:/GitHub/S4_APP2/pb_logique_seq.gen/sources_1/bd/design_1/ip/design_1_util_vector_logic_0_0/design_1_util_vector_logic_0_0_stub.vhdl'. Please regenerate to continue.
WARNING: [IP_Flow 19-3664] IP 'design_1_util_vector_logic_0_0' generated file not found 'd:/GitHub/S4_APP2/pb_logique_seq.gen/sources_1/bd/design_1/ip/design_1_util_vector_logic_0_0/design_1_util_vector_logic_0_0_sim_netlist.v'. Please regenerate to continue.
WARNING: [IP_Flow 19-3664] IP 'design_1_util_vector_logic_0_0' generated file not found 'd:/GitHub/S4_APP2/pb_logique_seq.gen/sources_1/bd/design_1/ip/design_1_util_vector_logic_0_0/design_1_util_vector_logic_0_0_sim_netlist.vhdl'. Please regenerate to continue.
WARNING: [IP_Flow 19-3664] IP 'design_1_affhexPmodSSD_v3_0_0' generated file not found 'd:/GitHub/S4_APP2/pb_logique_seq.gen/sources_1/bd/design_1/ip/design_1_affhexPmodSSD_v3_0_0/design_1_affhexPmodSSD_v3_0_0.dcp'. Please regenerate to continue.
WARNING: [IP_Flow 19-3664] IP 'design_1_affhexPmodSSD_v3_0_0' generated file not found 'd:/GitHub/S4_APP2/pb_logique_seq.gen/sources_1/bd/design_1/ip/design_1_affhexPmodSSD_v3_0_0/design_1_affhexPmodSSD_v3_0_0_stub.v'. Please regenerate to continue.
WARNING: [IP_Flow 19-3664] IP 'design_1_affhexPmodSSD_v3_0_0' generated file not found 'd:/GitHub/S4_APP2/pb_logique_seq.gen/sources_1/bd/design_1/ip/design_1_affhexPmodSSD_v3_0_0/design_1_affhexPmodSSD_v3_0_0_stub.vhdl'. Please regenerate to continue.
WARNING: [IP_Flow 19-3664] IP 'design_1_affhexPmodSSD_v3_0_0' generated file not found 'd:/GitHub/S4_APP2/pb_logique_seq.gen/sources_1/bd/design_1/ip/design_1_affhexPmodSSD_v3_0_0/design_1_affhexPmodSSD_v3_0_0_sim_netlist.v'. Please regenerate to continue.
WARNING: [IP_Flow 19-3664] IP 'design_1_affhexPmodSSD_v3_0_0' generated file not found 'd:/GitHub/S4_APP2/pb_logique_seq.gen/sources_1/bd/design_1/ip/design_1_affhexPmodSSD_v3_0_0/design_1_affhexPmodSSD_v3_0_0_sim_netlist.vhdl'. Please regenerate to continue.
open_project: Time (s): cpu = 00:00:10 ; elapsed = 00:00:21 . Memory (MB): peak = 1128.176 ; gain = 0.000
update_compile_order -fileset sources_1
update_module_reference design_1_calcul_param_1_0_0
INFO: [IP_Flow 19-5107] Inferred bus interface 'i_reset' of definition 'xilinx.com:signal:reset:1.0' (from Xilinx Repository).
INFO: [IP_Flow 19-5107] Inferred bus interface 'o_cpt_bit_reset' of definition 'xilinx.com:signal:reset:1.0' (from Xilinx Repository).
INFO: [IP_Flow 19-234] Refreshing IP repositories
INFO: [IP_Flow 19-1704] No user IP repositories specified
Reading block design file <D:/GitHub/S4_APP2/pb_logique_seq.srcs/sources_1/bd/design_1/design_1.bd>...
Adding component instance block -- xilinx.com:ip:xlconstant:1.1 - xlconstant_0
Adding component instance block -- xilinx.com:ip:xlconstant:1.1 - xlconstant_1
Adding component instance block -- xilinx.com:module_ref:reg_24b:1.0 - registre_24bits_droite
Adding component instance block -- xilinx.com:module_ref:reg_24b:1.0 - registre_24bits_gauche
Adding component instance block -- xilinx.com:module_ref:reg_dec_24b:1.0 - registre_decalage_24bits
Adding component instance block -- xilinx.com:module_ref:mef_decod_i2s_v1b:1.0 - MEF_decodeur_i2s
Adding component instance block -- xilinx.com:module_ref:compteur_nbits:1.0 - compteur_7bits
Adding component instance block -- xilinx.com:ip:util_vector_logic:2.0 - util_vector_logic_0
Adding component instance block -- xilinx.com:ip:xlconcat:2.1 - xlconcat_0
Adding component instance block -- xilinx.com:ip:xlconstant:1.1 - xlconstant_0
Adding component instance block -- xilinx.com:ip:xlslice:1.0 - xlslice_0
Adding component instance block -- xilinx.com:module_ref:mef_cod_i2s_vsb:1.0 - mef_cod_i2s_vsb_0
Adding component instance block -- xilinx.com:module_ref:mux2:1.0 - mux2_0
Adding component instance block -- xilinx.com:module_ref:reg_dec_24b_fd:1.0 - reg_dec_24b_fd_0
Adding component instance block -- xilinx.com:module_ref:compteur_nbits:1.0 - compteur_nbits_0
Adding component instance block -- xilinx.com:module_ref:affhexPmodSSD_v3:1.0 - M10_conversion_affichage
Adding component instance block -- xilinx.com:ip:xlconstant:1.1 - parametre_0
Adding component instance block -- xilinx.com:module_ref:calcul_param_2:1.0 - M6_parametre_2
Adding component instance block -- xilinx.com:module_ref:calcul_param_3:1.0 - M7_parametre_3
Adding component instance block -- xilinx.com:module_ref:mux4:1.0 - Multiplexeur_choix_fonction
Adding component instance block -- xilinx.com:module_ref:mux4:1.0 - Multiplexeur_choix_parametre
Adding component instance block -- xilinx.com:module_ref:sig_fct_3:1.0 - M4_fonction3
Adding component instance block -- xilinx.com:module_ref:sig_fct_sat_dure:1.0 - M2_fonction_distortion_dure1
Adding component instance block -- xilinx.com:module_ref:sig_fct_sat_dure:1.0 - M3_fonction_distorsion_dure2
Adding component instance block -- xilinx.com:module_ref:module_commande:1.0 - M8_commande
Adding component instance block -- xilinx.com:module_ref:compteur_nbits:1.0 - compteur_nbits_0
Adding component instance block -- xilinx.com:module_ref:calcul_param_1:1.0 - M5_parametre_1
Successfully read diagram <design_1> from block design file <D:/GitHub/S4_APP2/pb_logique_seq.srcs/sources_1/bd/design_1/design_1.bd>
Upgrading 'D:/GitHub/S4_APP2/pb_logique_seq.srcs/sources_1/bd/design_1/design_1.bd'
INFO: [IP_Flow 19-1972] Upgraded design_1_calcul_param_1_0_0 from calcul_param_1_v1_0 1.0 to calcul_param_1_v1_0 1.0
Wrote  : <D:\GitHub\S4_APP2\pb_logique_seq.srcs\sources_1\bd\design_1\design_1.bd> 
Wrote  : <D:/GitHub/S4_APP2/pb_logique_seq.srcs/sources_1/bd/design_1/ui/bd_1f5defd0.ui> 
Wrote  : <D:/GitHub/S4_APP2/pb_logique_seq.srcs/sources_1/bd/design_1/ui/bd_a93fd001.ui> 
upgrade_ip: Time (s): cpu = 00:00:11 ; elapsed = 00:00:15 . Memory (MB): peak = 1170.758 ; gain = 42.582
update_module_reference: Time (s): cpu = 00:00:11 ; elapsed = 00:00:16 . Memory (MB): peak = 1170.758 ; gain = 42.582
generate_target Simulation [get_files D:/GitHub/S4_APP2/pb_logique_seq.srcs/sources_1/bd/design_1/design_1.bd]
CRITICAL WARNING: [BD 41-1348] Reset pin /M1_decodeur_i2s/registre_24bits_droite/i_reset (associated clock /M1_decodeur_i2s/registre_24bits_droite/i_clk) is connected to asynchronous reset source /M8_commande/o_reset.
This may prevent design from meeting timing. Please add Processor System Reset module to create a reset that is synchronous to the associated clock source /clk_100MHz.
CRITICAL WARNING: [BD 41-1348] Reset pin /M1_decodeur_i2s/registre_24bits_gauche/i_reset (associated clock /M1_decodeur_i2s/registre_24bits_gauche/i_clk) is connected to asynchronous reset source /M8_commande/o_reset.
This may prevent design from meeting timing. Please add Processor System Reset module to create a reset that is synchronous to the associated clock source /clk_100MHz.
CRITICAL WARNING: [BD 41-1348] Reset pin /M1_decodeur_i2s/registre_decalage_24bits/i_reset (associated clock /M1_decodeur_i2s/registre_decalage_24bits/i_clk) is connected to asynchronous reset source /M8_commande/o_reset.
This may prevent design from meeting timing. Please add Processor System Reset module to create a reset that is synchronous to the associated clock source /clk_100MHz.
CRITICAL WARNING: [BD 41-1348] Reset pin /M9_codeur_i2s/reg_dec_24b_fd_0/i_reset (associated clock /M9_codeur_i2s/reg_dec_24b_fd_0/i_clk) is connected to asynchronous reset source /M8_commande/o_reset.
This may prevent design from meeting timing. Please add Processor System Reset module to create a reset that is synchronous to the associated clock source /clk_100MHz.
CRITICAL WARNING: [BD 41-1348] Reset pin /M10_conversion_affichage/reset (associated clock /M10_conversion_affichage/clk) is connected to asynchronous reset source /M8_commande/o_reset.
This may prevent design from meeting timing. Please add Processor System Reset module to create a reset that is synchronous to the associated clock source /clk_100MHz.
Wrote  : <D:\GitHub\S4_APP2\pb_logique_seq.srcs\sources_1\bd\design_1\design_1.bd> 
Wrote  : <D:/GitHub/S4_APP2/pb_logique_seq.srcs/sources_1/bd/design_1/ui/bd_1f5defd0.ui> 
Wrote  : <D:/GitHub/S4_APP2/pb_logique_seq.srcs/sources_1/bd/design_1/ui/bd_a93fd001.ui> 
VHDL Output written to : d:/GitHub/S4_APP2/pb_logique_seq.gen/sources_1/bd/design_1/synth/design_1.vhd
VHDL Output written to : d:/GitHub/S4_APP2/pb_logique_seq.gen/sources_1/bd/design_1/sim/design_1.vhd
VHDL Output written to : d:/GitHub/S4_APP2/pb_logique_seq.gen/sources_1/bd/design_1/hdl/design_1_wrapper.vhd
Wrote  : <D:/GitHub/S4_APP2/pb_logique_seq.srcs/sources_1/bd/design_1/ui/bd_1f5defd0.ui> 
Wrote  : <D:/GitHub/S4_APP2/pb_logique_seq.srcs/sources_1/bd/design_1/ui/bd_a93fd001.ui> 
INFO: [BD 41-1029] Generation completed for the IP Integrator block M1_decodeur_i2s/MEF_decodeur_i2s .
INFO: [BD 41-1029] Generation completed for the IP Integrator block M1_decodeur_i2s/compteur_7bits .
INFO: [BD 41-1029] Generation completed for the IP Integrator block M9_codeur_i2s/compteur_nbits_0 .
INFO: [BD 41-1029] Generation completed for the IP Integrator block compteur_nbits_0 .
INFO: [BD 41-1029] Generation completed for the IP Integrator block M5_parametre_1 .
Exporting to file d:/GitHub/S4_APP2/pb_logique_seq.gen/sources_1/bd/design_1/hw_handoff/design_1.hwh
Generated Block Design Tcl file d:/GitHub/S4_APP2/pb_logique_seq.gen/sources_1/bd/design_1/hw_handoff/design_1_bd.tcl
Generated Hardware Definition File d:/GitHub/S4_APP2/pb_logique_seq.gen/sources_1/bd/design_1/synth/design_1.hwdef
generate_target: Time (s): cpu = 00:00:02 ; elapsed = 00:00:10 . Memory (MB): peak = 1342.785 ; gain = 146.387
export_ip_user_files -of_objects [get_files D:/GitHub/S4_APP2/pb_logique_seq.srcs/sources_1/bd/design_1/design_1.bd] -no_script -sync -force -quiet
export_simulation -of_objects [get_files D:/GitHub/S4_APP2/pb_logique_seq.srcs/sources_1/bd/design_1/design_1.bd] -directory D:/GitHub/S4_APP2/pb_logique_seq.ip_user_files/sim_scripts -ip_user_files_dir D:/GitHub/S4_APP2/pb_logique_seq.ip_user_files -ipstatic_source_dir D:/GitHub/S4_APP2/pb_logique_seq.ip_user_files/ipstatic -lib_map_path [list {modelsim=D:/GitHub/S4_APP2/pb_logique_seq.cache/compile_simlib/modelsim} {questa=D:/GitHub/S4_APP2/pb_logique_seq.cache/compile_simlib/questa} {riviera=D:/GitHub/S4_APP2/pb_logique_seq.cache/compile_simlib/riviera} {activehdl=D:/GitHub/S4_APP2/pb_logique_seq.cache/compile_simlib/activehdl}] -use_ip_compiled_libs -force -quiet
launch_simulation
Command: launch_simulation 
INFO: [Vivado 12-5698] Checking validity of IPs in the design for the 'XSim' simulator...
INFO: [Vivado 12-5682] Launching behavioral simulation in 'D:/GitHub/S4_APP2/pb_logique_seq.sim/sim_1/behav/xsim'
INFO: [Vivado 12-4795] Using compiled simulation libraries for IPs
INFO: [SIM-utils-51] Simulation object is 'sim_1'
INFO: [USF-XSim-7] Finding pre-compiled libraries...
INFO: [USF-XSim-11] File 'D:/xilinx/Vivado/2020.2/data/xsim/xsim.ini' copied to run dir:'D:/GitHub/S4_APP2/pb_logique_seq.sim/sim_1/behav/xsim'
INFO: [SIM-utils-54] Inspecting design source files for 'simul_module_sig_tb' in fileset 'sim_1'...
INFO: [USF-XSim-97] Finding global include files...
INFO: [USF-XSim-98] Fetching design files from 'sim_1'...
INFO: [USF-XSim-2] XSim::Compile design
INFO: [USF-XSim-61] Executing 'COMPILE and ANALYZE' step in 'D:/GitHub/S4_APP2/pb_logique_seq.sim/sim_1/behav/xsim'
"xvlog --incr --relax -prj simul_module_sig_tb_vlog.prj"
"xvhdl --incr --relax -prj simul_module_sig_tb_vhdl.prj"
INFO: [VRFC 10-163] Analyzing VHDL file "D:/GitHub/S4_APP2/pb_logique_seq.srcs/sources_1/imports/new/calcul_param_1.vhd" into library xil_defaultlib
INFO: [VRFC 10-3107] analyzing entity 'calcul_param_1'
INFO: [VRFC 10-163] Analyzing VHDL file "D:/GitHub/S4_APP2/pb_logique_seq.ip_user_files/bd/design_1/ip/design_1_mef_decod_i2s_v1b_0_0/sim/design_1_mef_decod_i2s_v1b_0_0.vhd" into library xil_defaultlib
INFO: [VRFC 10-3107] analyzing entity 'design_1_mef_decod_i2s_v1b_0_0'
INFO: [VRFC 10-163] Analyzing VHDL file "D:/GitHub/S4_APP2/pb_logique_seq.ip_user_files/bd/design_1/ip/design_1_compteur_nbits_0_0/sim/design_1_compteur_nbits_0_0.vhd" into library xil_defaultlib
INFO: [VRFC 10-3107] analyzing entity 'design_1_compteur_nbits_0_0'
INFO: [VRFC 10-163] Analyzing VHDL file "D:/GitHub/S4_APP2/pb_logique_seq.ip_user_files/bd/design_1/ip/design_1_compteur_nbits_0_1/sim/design_1_compteur_nbits_0_1.vhd" into library xil_defaultlib
INFO: [VRFC 10-3107] analyzing entity 'design_1_compteur_nbits_0_1'
INFO: [VRFC 10-163] Analyzing VHDL file "D:/GitHub/S4_APP2/pb_logique_seq.ip_user_files/bd/design_1/ip/design_1_compteur_nbits_0_2/sim/design_1_compteur_nbits_0_2.vhd" into library xil_defaultlib
INFO: [VRFC 10-3107] analyzing entity 'design_1_compteur_nbits_0_2'
INFO: [VRFC 10-163] Analyzing VHDL file "D:/GitHub/S4_APP2/pb_logique_seq.ip_user_files/bd/design_1/ip/design_1_calcul_param_1_0_0/sim/design_1_calcul_param_1_0_0.vhd" into library xil_defaultlib
INFO: [VRFC 10-3107] analyzing entity 'design_1_calcul_param_1_0_0'
INFO: [VRFC 10-163] Analyzing VHDL file "D:/GitHub/S4_APP2/pb_logique_seq.ip_user_files/bd/design_1/sim/design_1.vhd" into library xil_defaultlib
INFO: [VRFC 10-3107] analyzing entity 'M1_decodeur_i2s_imp_17RYJKZ'
INFO: [VRFC 10-3107] analyzing entity 'M9_codeur_i2s_imp_1VJCTGL'
INFO: [VRFC 10-3107] analyzing entity 'design_1'
INFO: [VRFC 10-163] Analyzing VHDL file "D:/GitHub/S4_APP2/pb_logique_seq.srcs/sim_1/imports/new/simul_module_sig_tb.vhd" into library xil_defaultlib
INFO: [VRFC 10-3107] analyzing entity 'simul_module_sig_tb'
INFO: [USF-XSim-69] 'compile' step finished in '5' seconds
INFO: [USF-XSim-3] XSim::Elaborate design
INFO: [USF-XSim-61] Executing 'ELABORATE' step in 'D:/GitHub/S4_APP2/pb_logique_seq.sim/sim_1/behav/xsim'
"xelab -wto ae302d5aa3284400815652c101d33dae --incr --debug typical --relax --mt 2 -L xil_defaultlib -L xlconstant_v1_1_7 -L util_vector_logic_v2_0_1 -L xlconcat_v2_1_4 -L xlslice_v1_0_2 -L unisims_ver -L unimacro_ver -L secureip -L xpm --snapshot simul_module_sig_tb_behav xil_defaultlib.simul_module_sig_tb xil_defaultlib.glbl -log elaborate.log"
Vivado Simulator 2020.2
Copyright 1986-1999, 2001-2020 Xilinx, Inc. All Rights Reserved.
Running: D:/xilinx/Vivado/2020.2/bin/unwrapped/win64.o/xelab.exe -wto ae302d5aa3284400815652c101d33dae --incr --debug typical --relax --mt 2 -L xil_defaultlib -L xlconstant_v1_1_7 -L util_vector_logic_v2_0_1 -L xlconcat_v2_1_4 -L xlslice_v1_0_2 -L unisims_ver -L unimacro_ver -L secureip -L xpm --snapshot simul_module_sig_tb_behav xil_defaultlib.simul_module_sig_tb xil_defaultlib.glbl -log elaborate.log 
Using 2 slave threads.
Starting static elaboration
Pass Through NonSizing Optimizer
ERROR: [VRFC 10-664] expression has 9 elements ; expected 8 [D:/GitHub/S4_APP2/pb_logique_seq.srcs/sources_1/imports/new/calcul_param_1.vhd:129]
ERROR: [XSIM 43-3322] Static elaboration of top level Verilog design unit(s) in library work failed.
INFO: [USF-XSim-69] 'elaborate' step finished in '3' seconds
INFO: [USF-XSim-99] Step results log file:'D:/GitHub/S4_APP2/pb_logique_seq.sim/sim_1/behav/xsim/elaborate.log'
ERROR: [USF-XSim-62] 'elaborate' step failed with error(s). Please check the Tcl console output or 'D:/GitHub/S4_APP2/pb_logique_seq.sim/sim_1/behav/xsim/elaborate.log' file for more information.
ERROR: [Vivado 12-4473] Detected error while running simulation. Please correct the issue and retry this operation.
launch_simulation: Time (s): cpu = 00:00:00 ; elapsed = 00:00:14 . Memory (MB): peak = 1342.785 ; gain = 0.000
ERROR: [Common 17-39] 'launch_simulation' failed due to earlier errors.
update_module_reference design_1_calcul_param_1_0_0
INFO: [IP_Flow 19-5107] Inferred bus interface 'i_reset' of definition 'xilinx.com:signal:reset:1.0' (from Xilinx Repository).
INFO: [IP_Flow 19-5107] Inferred bus interface 'o_cpt_bit_reset' of definition 'xilinx.com:signal:reset:1.0' (from Xilinx Repository).
INFO: [IP_Flow 19-234] Refreshing IP repositories
INFO: [IP_Flow 19-1704] No user IP repositories specified
Upgrading 'D:/GitHub/S4_APP2/pb_logique_seq.srcs/sources_1/bd/design_1/design_1.bd'
INFO: [IP_Flow 19-1972] Upgraded design_1_calcul_param_1_0_0 from calcul_param_1_v1_0 1.0 to calcul_param_1_v1_0 1.0
Wrote  : <D:\GitHub\S4_APP2\pb_logique_seq.srcs\sources_1\bd\design_1\design_1.bd> 
Wrote  : <D:/GitHub/S4_APP2/pb_logique_seq.srcs/sources_1/bd/design_1/ui/bd_1f5defd0.ui> 
Wrote  : <D:/GitHub/S4_APP2/pb_logique_seq.srcs/sources_1/bd/design_1/ui/bd_a93fd001.ui> 
update_module_reference: Time (s): cpu = 00:00:01 ; elapsed = 00:00:10 . Memory (MB): peak = 1363.402 ; gain = 5.047
generate_target Simulation [get_files D:/GitHub/S4_APP2/pb_logique_seq.srcs/sources_1/bd/design_1/design_1.bd]
CRITICAL WARNING: [BD 41-1348] Reset pin /M1_decodeur_i2s/registre_24bits_droite/i_reset (associated clock /M1_decodeur_i2s/registre_24bits_droite/i_clk) is connected to asynchronous reset source /M8_commande/o_reset.
This may prevent design from meeting timing. Please add Processor System Reset module to create a reset that is synchronous to the associated clock source /clk_100MHz.
CRITICAL WARNING: [BD 41-1348] Reset pin /M1_decodeur_i2s/registre_24bits_gauche/i_reset (associated clock /M1_decodeur_i2s/registre_24bits_gauche/i_clk) is connected to asynchronous reset source /M8_commande/o_reset.
This may prevent design from meeting timing. Please add Processor System Reset module to create a reset that is synchronous to the associated clock source /clk_100MHz.
CRITICAL WARNING: [BD 41-1348] Reset pin /M1_decodeur_i2s/registre_decalage_24bits/i_reset (associated clock /M1_decodeur_i2s/registre_decalage_24bits/i_clk) is connected to asynchronous reset source /M8_commande/o_reset.
This may prevent design from meeting timing. Please add Processor System Reset module to create a reset that is synchronous to the associated clock source /clk_100MHz.
CRITICAL WARNING: [BD 41-1348] Reset pin /M9_codeur_i2s/reg_dec_24b_fd_0/i_reset (associated clock /M9_codeur_i2s/reg_dec_24b_fd_0/i_clk) is connected to asynchronous reset source /M8_commande/o_reset.
This may prevent design from meeting timing. Please add Processor System Reset module to create a reset that is synchronous to the associated clock source /clk_100MHz.
CRITICAL WARNING: [BD 41-1348] Reset pin /M10_conversion_affichage/reset (associated clock /M10_conversion_affichage/clk) is connected to asynchronous reset source /M8_commande/o_reset.
This may prevent design from meeting timing. Please add Processor System Reset module to create a reset that is synchronous to the associated clock source /clk_100MHz.
Wrote  : <D:\GitHub\S4_APP2\pb_logique_seq.srcs\sources_1\bd\design_1\design_1.bd> 
Wrote  : <D:/GitHub/S4_APP2/pb_logique_seq.srcs/sources_1/bd/design_1/ui/bd_1f5defd0.ui> 
Wrote  : <D:/GitHub/S4_APP2/pb_logique_seq.srcs/sources_1/bd/design_1/ui/bd_a93fd001.ui> 
VHDL Output written to : d:/GitHub/S4_APP2/pb_logique_seq.gen/sources_1/bd/design_1/synth/design_1.vhd
VHDL Output written to : d:/GitHub/S4_APP2/pb_logique_seq.gen/sources_1/bd/design_1/sim/design_1.vhd
VHDL Output written to : d:/GitHub/S4_APP2/pb_logique_seq.gen/sources_1/bd/design_1/hdl/design_1_wrapper.vhd
Wrote  : <D:/GitHub/S4_APP2/pb_logique_seq.srcs/sources_1/bd/design_1/ui/bd_1f5defd0.ui> 
Wrote  : <D:/GitHub/S4_APP2/pb_logique_seq.srcs/sources_1/bd/design_1/ui/bd_a93fd001.ui> 
INFO: [BD 41-1029] Generation completed for the IP Integrator block M5_parametre_1 .
Exporting to file d:/GitHub/S4_APP2/pb_logique_seq.gen/sources_1/bd/design_1/hw_handoff/design_1.hwh
Generated Block Design Tcl file d:/GitHub/S4_APP2/pb_logique_seq.gen/sources_1/bd/design_1/hw_handoff/design_1_bd.tcl
Generated Hardware Definition File d:/GitHub/S4_APP2/pb_logique_seq.gen/sources_1/bd/design_1/synth/design_1.hwdef
export_ip_user_files -of_objects [get_files D:/GitHub/S4_APP2/pb_logique_seq.srcs/sources_1/bd/design_1/design_1.bd] -no_script -sync -force -quiet
export_simulation -of_objects [get_files D:/GitHub/S4_APP2/pb_logique_seq.srcs/sources_1/bd/design_1/design_1.bd] -directory D:/GitHub/S4_APP2/pb_logique_seq.ip_user_files/sim_scripts -ip_user_files_dir D:/GitHub/S4_APP2/pb_logique_seq.ip_user_files -ipstatic_source_dir D:/GitHub/S4_APP2/pb_logique_seq.ip_user_files/ipstatic -lib_map_path [list {modelsim=D:/GitHub/S4_APP2/pb_logique_seq.cache/compile_simlib/modelsim} {questa=D:/GitHub/S4_APP2/pb_logique_seq.cache/compile_simlib/questa} {riviera=D:/GitHub/S4_APP2/pb_logique_seq.cache/compile_simlib/riviera} {activehdl=D:/GitHub/S4_APP2/pb_logique_seq.cache/compile_simlib/activehdl}] -use_ip_compiled_libs -force -quiet
launch_simulation
Command: launch_simulation 
INFO: [Vivado 12-5698] Checking validity of IPs in the design for the 'XSim' simulator...
INFO: [Vivado 12-5682] Launching behavioral simulation in 'D:/GitHub/S4_APP2/pb_logique_seq.sim/sim_1/behav/xsim'
INFO: [Vivado 12-4795] Using compiled simulation libraries for IPs
INFO: [SIM-utils-51] Simulation object is 'sim_1'
INFO: [USF-XSim-7] Finding pre-compiled libraries...
INFO: [USF-XSim-11] File 'D:/xilinx/Vivado/2020.2/data/xsim/xsim.ini' copied to run dir:'D:/GitHub/S4_APP2/pb_logique_seq.sim/sim_1/behav/xsim'
INFO: [SIM-utils-54] Inspecting design source files for 'simul_module_sig_tb' in fileset 'sim_1'...
INFO: [USF-XSim-97] Finding global include files...
INFO: [USF-XSim-98] Fetching design files from 'sim_1'...
INFO: [USF-XSim-2] XSim::Compile design
INFO: [USF-XSim-61] Executing 'COMPILE and ANALYZE' step in 'D:/GitHub/S4_APP2/pb_logique_seq.sim/sim_1/behav/xsim'
"xvlog --incr --relax -prj simul_module_sig_tb_vlog.prj"
"xvhdl --incr --relax -prj simul_module_sig_tb_vhdl.prj"
INFO: [VRFC 10-163] Analyzing VHDL file "D:/GitHub/S4_APP2/pb_logique_seq.srcs/sources_1/imports/new/calcul_param_1.vhd" into library xil_defaultlib
INFO: [VRFC 10-3107] analyzing entity 'calcul_param_1'
INFO: [VRFC 10-163] Analyzing VHDL file "D:/GitHub/S4_APP2/pb_logique_seq.ip_user_files/bd/design_1/ip/design_1_calcul_param_1_0_0/sim/design_1_calcul_param_1_0_0.vhd" into library xil_defaultlib
INFO: [VRFC 10-3107] analyzing entity 'design_1_calcul_param_1_0_0'
INFO: [VRFC 10-163] Analyzing VHDL file "D:/GitHub/S4_APP2/pb_logique_seq.ip_user_files/bd/design_1/sim/design_1.vhd" into library xil_defaultlib
INFO: [VRFC 10-3107] analyzing entity 'M1_decodeur_i2s_imp_17RYJKZ'
INFO: [VRFC 10-3107] analyzing entity 'M9_codeur_i2s_imp_1VJCTGL'
INFO: [VRFC 10-3107] analyzing entity 'design_1'
INFO: [VRFC 10-163] Analyzing VHDL file "D:/GitHub/S4_APP2/pb_logique_seq.srcs/sim_1/imports/new/simul_module_sig_tb.vhd" into library xil_defaultlib
INFO: [VRFC 10-3107] analyzing entity 'simul_module_sig_tb'
INFO: [USF-XSim-69] 'compile' step finished in '2' seconds
INFO: [USF-XSim-3] XSim::Elaborate design
INFO: [USF-XSim-61] Executing 'ELABORATE' step in 'D:/GitHub/S4_APP2/pb_logique_seq.sim/sim_1/behav/xsim'
"xelab -wto ae302d5aa3284400815652c101d33dae --incr --debug typical --relax --mt 2 -L xil_defaultlib -L xlconstant_v1_1_7 -L util_vector_logic_v2_0_1 -L xlconcat_v2_1_4 -L xlslice_v1_0_2 -L unisims_ver -L unimacro_ver -L secureip -L xpm --snapshot simul_module_sig_tb_behav xil_defaultlib.simul_module_sig_tb xil_defaultlib.glbl -log elaborate.log"
Vivado Simulator 2020.2
Copyright 1986-1999, 2001-2020 Xilinx, Inc. All Rights Reserved.
Running: D:/xilinx/Vivado/2020.2/bin/unwrapped/win64.o/xelab.exe -wto ae302d5aa3284400815652c101d33dae --incr --debug typical --relax --mt 2 -L xil_defaultlib -L xlconstant_v1_1_7 -L util_vector_logic_v2_0_1 -L xlconcat_v2_1_4 -L xlslice_v1_0_2 -L unisims_ver -L unimacro_ver -L secureip -L xpm --snapshot simul_module_sig_tb_behav xil_defaultlib.simul_module_sig_tb xil_defaultlib.glbl -log elaborate.log 
Using 2 slave threads.
Starting static elaboration
Pass Through NonSizing Optimizer
ERROR: [VRFC 10-664] expression has 9 elements ; expected 8 [D:/GitHub/S4_APP2/pb_logique_seq.srcs/sources_1/imports/new/calcul_param_1.vhd:148]
ERROR: [XSIM 43-3322] Static elaboration of top level Verilog design unit(s) in library work failed.
INFO: [USF-XSim-69] 'elaborate' step finished in '2' seconds
INFO: [USF-XSim-99] Step results log file:'D:/GitHub/S4_APP2/pb_logique_seq.sim/sim_1/behav/xsim/elaborate.log'
ERROR: [USF-XSim-62] 'elaborate' step failed with error(s). Please check the Tcl console output or 'D:/GitHub/S4_APP2/pb_logique_seq.sim/sim_1/behav/xsim/elaborate.log' file for more information.
ERROR: [Vivado 12-4473] Detected error while running simulation. Please correct the issue and retry this operation.
launch_simulation: Time (s): cpu = 00:00:00 ; elapsed = 00:00:10 . Memory (MB): peak = 1363.402 ; gain = 0.000
ERROR: [Common 17-39] 'launch_simulation' failed due to earlier errors.
update_module_reference design_1_calcul_param_1_0_0
INFO: [IP_Flow 19-5107] Inferred bus interface 'i_reset' of definition 'xilinx.com:signal:reset:1.0' (from Xilinx Repository).
INFO: [IP_Flow 19-5107] Inferred bus interface 'o_cpt_bit_reset' of definition 'xilinx.com:signal:reset:1.0' (from Xilinx Repository).
INFO: [IP_Flow 19-234] Refreshing IP repositories
INFO: [IP_Flow 19-1704] No user IP repositories specified
Upgrading 'D:/GitHub/S4_APP2/pb_logique_seq.srcs/sources_1/bd/design_1/design_1.bd'
INFO: [IP_Flow 19-1972] Upgraded design_1_calcul_param_1_0_0 from calcul_param_1_v1_0 1.0 to calcul_param_1_v1_0 1.0
Wrote  : <D:\GitHub\S4_APP2\pb_logique_seq.srcs\sources_1\bd\design_1\design_1.bd> 
Wrote  : <D:/GitHub/S4_APP2/pb_logique_seq.srcs/sources_1/bd/design_1/ui/bd_1f5defd0.ui> 
Wrote  : <D:/GitHub/S4_APP2/pb_logique_seq.srcs/sources_1/bd/design_1/ui/bd_a93fd001.ui> 
update_module_reference: Time (s): cpu = 00:00:01 ; elapsed = 00:00:11 . Memory (MB): peak = 1364.379 ; gain = 0.977
update_module_reference design_1_calcul_param_1_0_0
INFO: [IP_Flow 19-5107] Inferred bus interface 'i_reset' of definition 'xilinx.com:signal:reset:1.0' (from Xilinx Repository).
INFO: [IP_Flow 19-5107] Inferred bus interface 'o_cpt_bit_reset' of definition 'xilinx.com:signal:reset:1.0' (from Xilinx Repository).
INFO: [IP_Flow 19-234] Refreshing IP repositories
INFO: [IP_Flow 19-1704] No user IP repositories specified
Upgrading 'D:/GitHub/S4_APP2/pb_logique_seq.srcs/sources_1/bd/design_1/design_1.bd'
INFO: [IP_Flow 19-1972] Upgraded design_1_calcul_param_1_0_0 from calcul_param_1_v1_0 1.0 to calcul_param_1_v1_0 1.0
Wrote  : <D:\GitHub\S4_APP2\pb_logique_seq.srcs\sources_1\bd\design_1\design_1.bd> 
Wrote  : <D:/GitHub/S4_APP2/pb_logique_seq.srcs/sources_1/bd/design_1/ui/bd_1f5defd0.ui> 
Wrote  : <D:/GitHub/S4_APP2/pb_logique_seq.srcs/sources_1/bd/design_1/ui/bd_a93fd001.ui> 
update_module_reference: Time (s): cpu = 00:00:01 ; elapsed = 00:00:08 . Memory (MB): peak = 1381.211 ; gain = 1.391
generate_target Simulation [get_files D:/GitHub/S4_APP2/pb_logique_seq.srcs/sources_1/bd/design_1/design_1.bd]
CRITICAL WARNING: [BD 41-1348] Reset pin /M1_decodeur_i2s/registre_24bits_droite/i_reset (associated clock /M1_decodeur_i2s/registre_24bits_droite/i_clk) is connected to asynchronous reset source /M8_commande/o_reset.
This may prevent design from meeting timing. Please add Processor System Reset module to create a reset that is synchronous to the associated clock source /clk_100MHz.
CRITICAL WARNING: [BD 41-1348] Reset pin /M1_decodeur_i2s/registre_24bits_gauche/i_reset (associated clock /M1_decodeur_i2s/registre_24bits_gauche/i_clk) is connected to asynchronous reset source /M8_commande/o_reset.
This may prevent design from meeting timing. Please add Processor System Reset module to create a reset that is synchronous to the associated clock source /clk_100MHz.
CRITICAL WARNING: [BD 41-1348] Reset pin /M1_decodeur_i2s/registre_decalage_24bits/i_reset (associated clock /M1_decodeur_i2s/registre_decalage_24bits/i_clk) is connected to asynchronous reset source /M8_commande/o_reset.
This may prevent design from meeting timing. Please add Processor System Reset module to create a reset that is synchronous to the associated clock source /clk_100MHz.
CRITICAL WARNING: [BD 41-1348] Reset pin /M9_codeur_i2s/reg_dec_24b_fd_0/i_reset (associated clock /M9_codeur_i2s/reg_dec_24b_fd_0/i_clk) is connected to asynchronous reset source /M8_commande/o_reset.
This may prevent design from meeting timing. Please add Processor System Reset module to create a reset that is synchronous to the associated clock source /clk_100MHz.
CRITICAL WARNING: [BD 41-1348] Reset pin /M10_conversion_affichage/reset (associated clock /M10_conversion_affichage/clk) is connected to asynchronous reset source /M8_commande/o_reset.
This may prevent design from meeting timing. Please add Processor System Reset module to create a reset that is synchronous to the associated clock source /clk_100MHz.
Wrote  : <D:\GitHub\S4_APP2\pb_logique_seq.srcs\sources_1\bd\design_1\design_1.bd> 
Wrote  : <D:/GitHub/S4_APP2/pb_logique_seq.srcs/sources_1/bd/design_1/ui/bd_1f5defd0.ui> 
Wrote  : <D:/GitHub/S4_APP2/pb_logique_seq.srcs/sources_1/bd/design_1/ui/bd_a93fd001.ui> 
VHDL Output written to : d:/GitHub/S4_APP2/pb_logique_seq.gen/sources_1/bd/design_1/synth/design_1.vhd
VHDL Output written to : d:/GitHub/S4_APP2/pb_logique_seq.gen/sources_1/bd/design_1/sim/design_1.vhd
VHDL Output written to : d:/GitHub/S4_APP2/pb_logique_seq.gen/sources_1/bd/design_1/hdl/design_1_wrapper.vhd
Wrote  : <D:/GitHub/S4_APP2/pb_logique_seq.srcs/sources_1/bd/design_1/ui/bd_1f5defd0.ui> 
Wrote  : <D:/GitHub/S4_APP2/pb_logique_seq.srcs/sources_1/bd/design_1/ui/bd_a93fd001.ui> 
INFO: [BD 41-1029] Generation completed for the IP Integrator block M5_parametre_1 .
Exporting to file d:/GitHub/S4_APP2/pb_logique_seq.gen/sources_1/bd/design_1/hw_handoff/design_1.hwh
Generated Block Design Tcl file d:/GitHub/S4_APP2/pb_logique_seq.gen/sources_1/bd/design_1/hw_handoff/design_1_bd.tcl
Generated Hardware Definition File d:/GitHub/S4_APP2/pb_logique_seq.gen/sources_1/bd/design_1/synth/design_1.hwdef
export_ip_user_files -of_objects [get_files D:/GitHub/S4_APP2/pb_logique_seq.srcs/sources_1/bd/design_1/design_1.bd] -no_script -sync -force -quiet
export_simulation -of_objects [get_files D:/GitHub/S4_APP2/pb_logique_seq.srcs/sources_1/bd/design_1/design_1.bd] -directory D:/GitHub/S4_APP2/pb_logique_seq.ip_user_files/sim_scripts -ip_user_files_dir D:/GitHub/S4_APP2/pb_logique_seq.ip_user_files -ipstatic_source_dir D:/GitHub/S4_APP2/pb_logique_seq.ip_user_files/ipstatic -lib_map_path [list {modelsim=D:/GitHub/S4_APP2/pb_logique_seq.cache/compile_simlib/modelsim} {questa=D:/GitHub/S4_APP2/pb_logique_seq.cache/compile_simlib/questa} {riviera=D:/GitHub/S4_APP2/pb_logique_seq.cache/compile_simlib/riviera} {activehdl=D:/GitHub/S4_APP2/pb_logique_seq.cache/compile_simlib/activehdl}] -use_ip_compiled_libs -force -quiet
launch_simulation
Command: launch_simulation 
INFO: [Vivado 12-5698] Checking validity of IPs in the design for the 'XSim' simulator...
INFO: [Vivado 12-5682] Launching behavioral simulation in 'D:/GitHub/S4_APP2/pb_logique_seq.sim/sim_1/behav/xsim'
INFO: [Vivado 12-4795] Using compiled simulation libraries for IPs
INFO: [SIM-utils-51] Simulation object is 'sim_1'
INFO: [USF-XSim-7] Finding pre-compiled libraries...
INFO: [USF-XSim-11] File 'D:/xilinx/Vivado/2020.2/data/xsim/xsim.ini' copied to run dir:'D:/GitHub/S4_APP2/pb_logique_seq.sim/sim_1/behav/xsim'
INFO: [SIM-utils-54] Inspecting design source files for 'simul_module_sig_tb' in fileset 'sim_1'...
INFO: [USF-XSim-97] Finding global include files...
INFO: [USF-XSim-98] Fetching design files from 'sim_1'...
INFO: [USF-XSim-2] XSim::Compile design
INFO: [USF-XSim-61] Executing 'COMPILE and ANALYZE' step in 'D:/GitHub/S4_APP2/pb_logique_seq.sim/sim_1/behav/xsim'
"xvlog --incr --relax -prj simul_module_sig_tb_vlog.prj"
"xvhdl --incr --relax -prj simul_module_sig_tb_vhdl.prj"
INFO: [VRFC 10-163] Analyzing VHDL file "D:/GitHub/S4_APP2/pb_logique_seq.srcs/sources_1/imports/new/calcul_param_1.vhd" into library xil_defaultlib
INFO: [VRFC 10-3107] analyzing entity 'calcul_param_1'
INFO: [VRFC 10-163] Analyzing VHDL file "D:/GitHub/S4_APP2/pb_logique_seq.ip_user_files/bd/design_1/ip/design_1_calcul_param_1_0_0/sim/design_1_calcul_param_1_0_0.vhd" into library xil_defaultlib
INFO: [VRFC 10-3107] analyzing entity 'design_1_calcul_param_1_0_0'
INFO: [VRFC 10-163] Analyzing VHDL file "D:/GitHub/S4_APP2/pb_logique_seq.ip_user_files/bd/design_1/sim/design_1.vhd" into library xil_defaultlib
INFO: [VRFC 10-3107] analyzing entity 'M1_decodeur_i2s_imp_17RYJKZ'
INFO: [VRFC 10-3107] analyzing entity 'M9_codeur_i2s_imp_1VJCTGL'
INFO: [VRFC 10-3107] analyzing entity 'design_1'
INFO: [VRFC 10-163] Analyzing VHDL file "D:/GitHub/S4_APP2/pb_logique_seq.srcs/sim_1/imports/new/simul_module_sig_tb.vhd" into library xil_defaultlib
INFO: [VRFC 10-3107] analyzing entity 'simul_module_sig_tb'
INFO: [USF-XSim-69] 'compile' step finished in '2' seconds
INFO: [USF-XSim-3] XSim::Elaborate design
INFO: [USF-XSim-61] Executing 'ELABORATE' step in 'D:/GitHub/S4_APP2/pb_logique_seq.sim/sim_1/behav/xsim'
"xelab -wto ae302d5aa3284400815652c101d33dae --incr --debug typical --relax --mt 2 -L xil_defaultlib -L xlconstant_v1_1_7 -L util_vector_logic_v2_0_1 -L xlconcat_v2_1_4 -L xlslice_v1_0_2 -L unisims_ver -L unimacro_ver -L secureip -L xpm --snapshot simul_module_sig_tb_behav xil_defaultlib.simul_module_sig_tb xil_defaultlib.glbl -log elaborate.log"
Vivado Simulator 2020.2
Copyright 1986-1999, 2001-2020 Xilinx, Inc. All Rights Reserved.
Running: D:/xilinx/Vivado/2020.2/bin/unwrapped/win64.o/xelab.exe -wto ae302d5aa3284400815652c101d33dae --incr --debug typical --relax --mt 2 -L xil_defaultlib -L xlconstant_v1_1_7 -L util_vector_logic_v2_0_1 -L xlconcat_v2_1_4 -L xlslice_v1_0_2 -L unisims_ver -L unimacro_ver -L secureip -L xpm --snapshot simul_module_sig_tb_behav xil_defaultlib.simul_module_sig_tb xil_defaultlib.glbl -log elaborate.log 
Using 2 slave threads.
Starting static elaboration
Pass Through NonSizing Optimizer
Completed static elaboration
Starting simulation data flow analysis
Completed simulation data flow analysis
Time Resolution for simulation is 1ps
Compiling package std.standard
Compiling package std.textio
Compiling package ieee.std_logic_1164
Compiling package ieee.numeric_std
Compiling package ieee.std_logic_arith
Compiling package ieee.std_logic_unsigned
Compiling package ieee.std_logic_textio
Compiling package unisim.vcomponents
Compiling package vl.vl_types
Compiling module xil_defaultlib.glbl
Compiling architecture behavioral of entity xil_defaultlib.compteur_nbits [compteur_nbits_default]
Compiling architecture behavioral of entity xil_defaultlib.calcul_param_1 [calcul_param_1_default]
Compiling architecture behavioral of entity xil_defaultlib.compteur_nbits [\compteur_nbits(nbits=7)\]
Compiling architecture design_1_compteur_nbits_0_1_arch of entity xil_defaultlib.design_1_compteur_nbits_0_1 [design_1_compteur_nbits_0_1_defa...]
Compiling architecture behavioral of entity xil_defaultlib.mef_cod_i2s_vsb [mef_cod_i2s_vsb_default]
Compiling architecture design_1_mef_cod_i2s_vsb_0_0_arch of entity xil_defaultlib.design_1_mef_cod_i2s_vsb_0_0 [design_1_mef_cod_i2s_vsb_0_0_def...]
Compiling architecture behavioral of entity xil_defaultlib.mux2 [mux2_default]
Compiling architecture design_1_mux2_0_0_arch of entity xil_defaultlib.design_1_mux2_0_0 [design_1_mux2_0_0_default]
Compiling architecture behavioral of entity xil_defaultlib.reg_dec_24b_fd [reg_dec_24b_fd_default]
Compiling architecture design_1_reg_dec_24b_fd_0_0_arch of entity xil_defaultlib.design_1_reg_dec_24b_fd_0_0 [design_1_reg_dec_24b_fd_0_0_defa...]
Compiling module util_vector_logic_v2_0_1.util_vector_logic_v2_0_1_util_ve...
Compiling module xil_defaultlib.design_1_util_vector_logic_0_0
Compiling module xlconcat_v2_1_4.xlconcat_v2_1_4_xlconcat_default
Compiling module xil_defaultlib.design_1_xlconcat_0_0
Compiling module xlconstant_v1_1_7.xlconstant_v1_1_7_xlconstant(CON...
Compiling module xil_defaultlib.design_1_xlconstant_0_1
Compiling module xlslice_v1_0_2.xlslice_v1_0_2_xlslice(DIN_WIDTH...
Compiling module xil_defaultlib.design_1_xlslice_0_0
Compiling architecture structure of entity xil_defaultlib.M9_codeur_i2s_imp_1VJCTGL [m9_codeur_i2s_imp_1vjctgl_defaul...]
Compiling architecture behavioral of entity xil_defaultlib.affhexPmodSSD_v3 [affhexpmodssd_v3_default]
Compiling architecture design_1_affhexpmodssd_v3_0_0_arch of entity xil_defaultlib.design_1_affhexPmodSSD_v3_0_0 [design_1_affhexpmodssd_v3_0_0_de...]
Compiling architecture behavioral of entity xil_defaultlib.mef_decod_i2s_v1b [mef_decod_i2s_v1b_default]
Compiling architecture design_1_mef_decod_i2s_v1b_0_0_arch of entity xil_defaultlib.design_1_mef_decod_i2s_v1b_0_0 [design_1_mef_decod_i2s_v1b_0_0_d...]
Compiling architecture design_1_compteur_nbits_0_0_arch of entity xil_defaultlib.design_1_compteur_nbits_0_0 [design_1_compteur_nbits_0_0_defa...]
Compiling architecture behavioral of entity xil_defaultlib.reg_24b [reg_24b_default]
Compiling architecture design_1_reg_24b_0_0_arch of entity xil_defaultlib.design_1_reg_24b_0_0 [design_1_reg_24b_0_0_default]
Compiling architecture design_1_reg_24b_0_1_arch of entity xil_defaultlib.design_1_reg_24b_0_1 [design_1_reg_24b_0_1_default]
Compiling architecture behavioral of entity xil_defaultlib.reg_dec_24b [reg_dec_24b_default]
Compiling architecture design_1_reg_dec_24b_0_0_arch of entity xil_defaultlib.design_1_reg_dec_24b_0_0 [design_1_reg_dec_24b_0_0_default]
Compiling module xlconstant_v1_1_7.xlconstant_v1_1_7_xlconstant(CON...
Compiling module xil_defaultlib.design_1_xlconstant_0_2
Compiling module xlconstant_v1_1_7.xlconstant_v1_1_7_xlconstant(CON...
Compiling module xil_defaultlib.design_1_xlconstant_0_3
Compiling architecture structure of entity xil_defaultlib.M1_decodeur_i2s_imp_17RYJKZ [m1_decodeur_i2s_imp_17ryjkz_defa...]
Compiling architecture behavioral of entity xil_defaultlib.sig_fct_sat_dure [\sig_fct_sat_dure(c_ech_u24_max=...]
Compiling architecture design_1_sig_fct_sat_dure_0_0_arch of entity xil_defaultlib.design_1_sig_fct_sat_dure_0_0 [design_1_sig_fct_sat_dure_0_0_de...]
Compiling architecture behavioral of entity xil_defaultlib.sig_fct_sat_dure [sig_fct_sat_dure_default]
Compiling architecture design_1_sig_fct_sat_dure_0_1_arch of entity xil_defaultlib.design_1_sig_fct_sat_dure_0_1 [design_1_sig_fct_sat_dure_0_1_de...]
Compiling architecture behavioral of entity xil_defaultlib.sig_fct_3 [sig_fct_3_default]
Compiling architecture design_1_sig_fct_3_0_0_arch of entity xil_defaultlib.design_1_sig_fct_3_0_0 [design_1_sig_fct_3_0_0_default]
Compiling architecture design_1_calcul_param_1_0_0_arch of entity xil_defaultlib.design_1_calcul_param_1_0_0 [design_1_calcul_param_1_0_0_defa...]
Compiling architecture behavioral of entity xil_defaultlib.calcul_param_2 [calcul_param_2_default]
Compiling architecture design_1_calcul_param_2_0_0_arch of entity xil_defaultlib.design_1_calcul_param_2_0_0 [design_1_calcul_param_2_0_0_defa...]
Compiling architecture behavioral of entity xil_defaultlib.calcul_param_3 [calcul_param_3_default]
Compiling architecture design_1_calcul_param_3_0_0_arch of entity xil_defaultlib.design_1_calcul_param_3_0_0 [design_1_calcul_param_3_0_0_defa...]
Compiling architecture behavioral of entity xil_defaultlib.strb_gen [strb_gen_default]
Compiling architecture behavioral of entity xil_defaultlib.conditionne_btn_v7 [conditionne_btn_v7_default]
Compiling architecture behavior of entity xil_defaultlib.module_commande [module_commande_default]
Compiling architecture design_1_module_commande_0_0_arch of entity xil_defaultlib.design_1_module_commande_0_0 [design_1_module_commande_0_0_def...]
Compiling architecture behavioral of entity xil_defaultlib.mux4 [mux4_default]
Compiling architecture design_1_mux4_0_0_arch of entity xil_defaultlib.design_1_mux4_0_0 [design_1_mux4_0_0_default]
Compiling architecture behavioral of entity xil_defaultlib.mux4 [\mux4(input_length=8)\]
Compiling architecture design_1_mux4_0_1_arch of entity xil_defaultlib.design_1_mux4_0_1 [design_1_mux4_0_1_default]
Compiling architecture design_1_compteur_nbits_0_2_arch of entity xil_defaultlib.design_1_compteur_nbits_0_2 [design_1_compteur_nbits_0_2_defa...]
Compiling module xlconstant_v1_1_7.xlconstant_v1_1_7_xlconstant(CON...
Compiling module xil_defaultlib.design_1_xlconstant_0_0
Compiling architecture structure of entity xil_defaultlib.design_1 [design_1_default]
Compiling architecture behavioral of entity xil_defaultlib.simul_module_sig_tb
Built simulation snapshot simul_module_sig_tb_behav
run_program: Time (s): cpu = 00:00:00 ; elapsed = 00:00:08 . Memory (MB): peak = 1381.211 ; gain = 0.000
INFO: [USF-XSim-69] 'elaborate' step finished in '7' seconds
INFO: [USF-XSim-4] XSim::Simulate design
INFO: [USF-XSim-61] Executing 'SIMULATE' step in 'D:/GitHub/S4_APP2/pb_logique_seq.sim/sim_1/behav/xsim'
INFO: [USF-XSim-98] *** Running xsim
   with args "simul_module_sig_tb_behav -key {Behavioral:sim_1:Functional:simul_module_sig_tb} -tclbatch {simul_module_sig_tb.tcl} -protoinst "protoinst_files/design_1.protoinst" -log {simulate.log}"
INFO: [USF-XSim-8] Loading simulator feature
Vivado Simulator 2020.2
INFO: [Wavedata 42-565] Reading protoinst file protoinst_files/design_1.protoinst
Time resolution is 1 ps
source simul_module_sig_tb.tcl
# set curr_wave [current_wave_config]
# if { [string length $curr_wave] == 0 } {
#   if { [llength [get_objects]] > 0} {
#     add_wave /
#     set_property needs_save false [current_wave_config]
#   } else {
#      send_msg_id Add_Wave-1 WARNING "No top level signals found. Simulator will start without a wave window. If you want to open a wave window go to 'File->New Waveform Configuration' or type 'create_wave_config' in the TCL console."
#   }
# }
WARNING: Simulation object /simul_module_sig_tb/leftInputFile was not traceable in the design for the following reason:
Vivado Simulator does not yet support tracing of VHDL variables.
WARNING: Simulation object /simul_module_sig_tb/rightInputFile was not traceable in the design for the following reason:
Vivado Simulator does not yet support tracing of VHDL variables.
WARNING: Simulation object /simul_module_sig_tb/fstatusLeft was not traceable in the design for the following reason:
Vivado Simulator does not yet support tracing of VHDL variables.
WARNING: Simulation object /simul_module_sig_tb/fstatusRight was not traceable in the design for the following reason:
Vivado Simulator does not yet support tracing of VHDL variables.
# run 1000ns
INFO: [USF-XSim-96] XSim completed. Design snapshot 'simul_module_sig_tb_behav' loaded.
INFO: [USF-XSim-97] XSim simulation ran for 1000ns
launch_simulation: Time (s): cpu = 00:00:06 ; elapsed = 00:00:29 . Memory (MB): peak = 1417.184 ; gain = 35.973
run 600 us
ERROR: Array sizes do not match, left array has 9 elements, right array has 16 elements
Time: 556038746 ps  Iteration: 5  Process: /simul_module_sig_tb/UUT_mod_sig/M5_parametre_1/U0/line__90
  File: D:/GitHub/S4_APP2/pb_logique_seq.srcs/sources_1/imports/new/calcul_param_1.vhd

HDL Line: D:/GitHub/S4_APP2/pb_logique_seq.srcs/sources_1/imports/new/calcul_param_1.vhd:125
open_bd_design {D:/GitHub/S4_APP2/pb_logique_seq.srcs/sources_1/bd/design_1/design_1.bd}
delete_bd_objs [get_bd_nets compteur_nbits_0_o_val_cpt] [get_bd_nets M5_parametre_1_o_bit_enable] [get_bd_nets M5_parametre_1_o_cpt_bit_reset] [get_bd_cells compteur_nbits_0]
update_module_reference design_1_calcul_param_1_0_0
INFO: [IP_Flow 19-5107] Inferred bus interface 'i_reset' of definition 'xilinx.com:signal:reset:1.0' (from Xilinx Repository).
INFO: [IP_Flow 19-234] Refreshing IP repositories
INFO: [IP_Flow 19-1704] No user IP repositories specified
Upgrading 'D:/GitHub/S4_APP2/pb_logique_seq.srcs/sources_1/bd/design_1/design_1.bd'
INFO: [IP_Flow 19-1972] Upgraded design_1_calcul_param_1_0_0 from calcul_param_1_v1_0 1.0 to calcul_param_1_v1_0 1.0
WARNING: [IP_Flow 19-4699] Upgrade has removed interface 'o_cpt_bit_reset'
WARNING: [IP_Flow 19-3670] Detected external interface differences while upgrading 'design_1_calcul_param_1_0_0'.
WARNING: [IP_Flow 19-4700] Upgrade has removed port 'i_cpt_bits'
WARNING: [IP_Flow 19-4700] Upgrade has removed port 'o_bit_enable'
WARNING: [IP_Flow 19-4700] Upgrade has removed port 'o_cpt_bit_reset'
WARNING: [IP_Flow 19-3298] Detected external port differences while upgrading 'design_1_calcul_param_1_0_0'. These changes may impact your design.
CRITICAL WARNING: [Coretcl 2-1280] The upgrade of 'design_1_calcul_param_1_0_0' has identified issues that may require user intervention. Please verify that the instance is correctly configured, and review any upgrade messages.
Wrote  : <D:\GitHub\S4_APP2\pb_logique_seq.srcs\sources_1\bd\design_1\design_1.bd> 
Wrote  : <D:/GitHub/S4_APP2/pb_logique_seq.srcs/sources_1/bd/design_1/ui/bd_1f5defd0.ui> 
Wrote  : <D:/GitHub/S4_APP2/pb_logique_seq.srcs/sources_1/bd/design_1/ui/bd_a93fd001.ui> 
close_sim
INFO: [Simtcl 6-16] Simulation closed
generate_target Simulation [get_files D:/GitHub/S4_APP2/pb_logique_seq.srcs/sources_1/bd/design_1/design_1.bd]
CRITICAL WARNING: [BD 41-1348] Reset pin /M1_decodeur_i2s/registre_24bits_droite/i_reset (associated clock /M1_decodeur_i2s/registre_24bits_droite/i_clk) is connected to asynchronous reset source /M8_commande/o_reset.
This may prevent design from meeting timing. Please add Processor System Reset module to create a reset that is synchronous to the associated clock source /clk_100MHz.
CRITICAL WARNING: [BD 41-1348] Reset pin /M1_decodeur_i2s/registre_24bits_gauche/i_reset (associated clock /M1_decodeur_i2s/registre_24bits_gauche/i_clk) is connected to asynchronous reset source /M8_commande/o_reset.
This may prevent design from meeting timing. Please add Processor System Reset module to create a reset that is synchronous to the associated clock source /clk_100MHz.
CRITICAL WARNING: [BD 41-1348] Reset pin /M1_decodeur_i2s/registre_decalage_24bits/i_reset (associated clock /M1_decodeur_i2s/registre_decalage_24bits/i_clk) is connected to asynchronous reset source /M8_commande/o_reset.
This may prevent design from meeting timing. Please add Processor System Reset module to create a reset that is synchronous to the associated clock source /clk_100MHz.
CRITICAL WARNING: [BD 41-1348] Reset pin /M9_codeur_i2s/reg_dec_24b_fd_0/i_reset (associated clock /M9_codeur_i2s/reg_dec_24b_fd_0/i_clk) is connected to asynchronous reset source /M8_commande/o_reset.
This may prevent design from meeting timing. Please add Processor System Reset module to create a reset that is synchronous to the associated clock source /clk_100MHz.
CRITICAL WARNING: [BD 41-1348] Reset pin /M10_conversion_affichage/reset (associated clock /M10_conversion_affichage/clk) is connected to asynchronous reset source /M8_commande/o_reset.
This may prevent design from meeting timing. Please add Processor System Reset module to create a reset that is synchronous to the associated clock source /clk_100MHz.
Wrote  : <D:\GitHub\S4_APP2\pb_logique_seq.srcs\sources_1\bd\design_1\design_1.bd> 
Wrote  : <D:/GitHub/S4_APP2/pb_logique_seq.srcs/sources_1/bd/design_1/ui/bd_1f5defd0.ui> 
Wrote  : <D:/GitHub/S4_APP2/pb_logique_seq.srcs/sources_1/bd/design_1/ui/bd_a93fd001.ui> 
VHDL Output written to : d:/GitHub/S4_APP2/pb_logique_seq.gen/sources_1/bd/design_1/synth/design_1.vhd
VHDL Output written to : d:/GitHub/S4_APP2/pb_logique_seq.gen/sources_1/bd/design_1/sim/design_1.vhd
VHDL Output written to : d:/GitHub/S4_APP2/pb_logique_seq.gen/sources_1/bd/design_1/hdl/design_1_wrapper.vhd
Wrote  : <D:/GitHub/S4_APP2/pb_logique_seq.srcs/sources_1/bd/design_1/ui/bd_1f5defd0.ui> 
Wrote  : <D:/GitHub/S4_APP2/pb_logique_seq.srcs/sources_1/bd/design_1/ui/bd_a93fd001.ui> 
INFO: [BD 41-1029] Generation completed for the IP Integrator block M5_parametre_1 .
Exporting to file d:/GitHub/S4_APP2/pb_logique_seq.gen/sources_1/bd/design_1/hw_handoff/design_1.hwh
Generated Block Design Tcl file d:/GitHub/S4_APP2/pb_logique_seq.gen/sources_1/bd/design_1/hw_handoff/design_1_bd.tcl
Generated Hardware Definition File d:/GitHub/S4_APP2/pb_logique_seq.gen/sources_1/bd/design_1/synth/design_1.hwdef
export_ip_user_files -of_objects [get_files D:/GitHub/S4_APP2/pb_logique_seq.srcs/sources_1/bd/design_1/design_1.bd] -no_script -sync -force -quiet
export_simulation -of_objects [get_files D:/GitHub/S4_APP2/pb_logique_seq.srcs/sources_1/bd/design_1/design_1.bd] -directory D:/GitHub/S4_APP2/pb_logique_seq.ip_user_files/sim_scripts -ip_user_files_dir D:/GitHub/S4_APP2/pb_logique_seq.ip_user_files -ipstatic_source_dir D:/GitHub/S4_APP2/pb_logique_seq.ip_user_files/ipstatic -lib_map_path [list {modelsim=D:/GitHub/S4_APP2/pb_logique_seq.cache/compile_simlib/modelsim} {questa=D:/GitHub/S4_APP2/pb_logique_seq.cache/compile_simlib/questa} {riviera=D:/GitHub/S4_APP2/pb_logique_seq.cache/compile_simlib/riviera} {activehdl=D:/GitHub/S4_APP2/pb_logique_seq.cache/compile_simlib/activehdl}] -use_ip_compiled_libs -force -quiet
launch_simulation
Command: launch_simulation 
INFO: [Vivado 12-5698] Checking validity of IPs in the design for the 'XSim' simulator...
INFO: [Vivado 12-5682] Launching behavioral simulation in 'D:/GitHub/S4_APP2/pb_logique_seq.sim/sim_1/behav/xsim'
INFO: [Vivado 12-4795] Using compiled simulation libraries for IPs
INFO: [SIM-utils-51] Simulation object is 'sim_1'
INFO: [USF-XSim-7] Finding pre-compiled libraries...
INFO: [USF-XSim-11] File 'D:/xilinx/Vivado/2020.2/data/xsim/xsim.ini' copied to run dir:'D:/GitHub/S4_APP2/pb_logique_seq.sim/sim_1/behav/xsim'
INFO: [SIM-utils-54] Inspecting design source files for 'simul_module_sig_tb' in fileset 'sim_1'...
INFO: [USF-XSim-97] Finding global include files...
INFO: [USF-XSim-98] Fetching design files from 'sim_1'...
INFO: [USF-XSim-2] XSim::Compile design
INFO: [USF-XSim-61] Executing 'COMPILE and ANALYZE' step in 'D:/GitHub/S4_APP2/pb_logique_seq.sim/sim_1/behav/xsim'
"xvlog --incr --relax -prj simul_module_sig_tb_vlog.prj"
"xvhdl --incr --relax -prj simul_module_sig_tb_vhdl.prj"
INFO: [VRFC 10-163] Analyzing VHDL file "D:/GitHub/S4_APP2/pb_logique_seq.srcs/sources_1/imports/new/calcul_param_1.vhd" into library xil_defaultlib
INFO: [VRFC 10-3107] analyzing entity 'calcul_param_1'
INFO: [VRFC 10-163] Analyzing VHDL file "D:/GitHub/S4_APP2/pb_logique_seq.ip_user_files/bd/design_1/ip/design_1_calcul_param_1_0_0/sim/design_1_calcul_param_1_0_0.vhd" into library xil_defaultlib
INFO: [VRFC 10-3107] analyzing entity 'design_1_calcul_param_1_0_0'
INFO: [VRFC 10-163] Analyzing VHDL file "D:/GitHub/S4_APP2/pb_logique_seq.ip_user_files/bd/design_1/sim/design_1.vhd" into library xil_defaultlib
INFO: [VRFC 10-3107] analyzing entity 'M1_decodeur_i2s_imp_17RYJKZ'
INFO: [VRFC 10-3107] analyzing entity 'M9_codeur_i2s_imp_1VJCTGL'
INFO: [VRFC 10-3107] analyzing entity 'design_1'
INFO: [USF-XSim-69] 'compile' step finished in '3' seconds
INFO: [USF-XSim-3] XSim::Elaborate design
INFO: [USF-XSim-61] Executing 'ELABORATE' step in 'D:/GitHub/S4_APP2/pb_logique_seq.sim/sim_1/behav/xsim'
"xelab -wto ae302d5aa3284400815652c101d33dae --incr --debug typical --relax --mt 2 -L xil_defaultlib -L xlconstant_v1_1_7 -L util_vector_logic_v2_0_1 -L xlconcat_v2_1_4 -L xlslice_v1_0_2 -L unisims_ver -L unimacro_ver -L secureip -L xpm --snapshot simul_module_sig_tb_behav xil_defaultlib.simul_module_sig_tb xil_defaultlib.glbl -log elaborate.log"
Vivado Simulator 2020.2
Copyright 1986-1999, 2001-2020 Xilinx, Inc. All Rights Reserved.
Running: D:/xilinx/Vivado/2020.2/bin/unwrapped/win64.o/xelab.exe -wto ae302d5aa3284400815652c101d33dae --incr --debug typical --relax --mt 2 -L xil_defaultlib -L xlconstant_v1_1_7 -L util_vector_logic_v2_0_1 -L xlconcat_v2_1_4 -L xlslice_v1_0_2 -L unisims_ver -L unimacro_ver -L secureip -L xpm --snapshot simul_module_sig_tb_behav xil_defaultlib.simul_module_sig_tb xil_defaultlib.glbl -log elaborate.log 
Using 2 slave threads.
Starting static elaboration
Pass Through NonSizing Optimizer
ERROR: [VRFC 10-718] formal port <i_cpt_bits> does not exist in entity <calcul_param_1>.  Please compare the definition of block <calcul_param_1> to its component declaration and its instantion to detect the mismatch. [D:/GitHub/S4_APP2/pb_logique_seq.srcs/sim_1/imports/new/simul_module_sig_tb.vhd:89]
ERROR: [VRFC 10-718] formal port <o_bit_enable> does not exist in entity <calcul_param_1>.  Please compare the definition of block <calcul_param_1> to its component declaration and its instantion to detect the mismatch. [D:/GitHub/S4_APP2/pb_logique_seq.srcs/sim_1/imports/new/simul_module_sig_tb.vhd:91]
ERROR: [VRFC 10-718] formal port <o_cpt_bit_reset> does not exist in entity <calcul_param_1>.  Please compare the definition of block <calcul_param_1> to its component declaration and its instantion to detect the mismatch. [D:/GitHub/S4_APP2/pb_logique_seq.srcs/sim_1/imports/new/simul_module_sig_tb.vhd:92]
ERROR: [XSIM 43-3322] Static elaboration of top level Verilog design unit(s) in library work failed.
INFO: [USF-XSim-69] 'elaborate' step finished in '2' seconds
INFO: [USF-XSim-99] Step results log file:'D:/GitHub/S4_APP2/pb_logique_seq.sim/sim_1/behav/xsim/elaborate.log'
ERROR: [USF-XSim-62] 'elaborate' step failed with error(s). Please check the Tcl console output or 'D:/GitHub/S4_APP2/pb_logique_seq.sim/sim_1/behav/xsim/elaborate.log' file for more information.
ERROR: [Vivado 12-4473] Detected error while running simulation. Please correct the issue and retry this operation.
launch_simulation: Time (s): cpu = 00:00:00 ; elapsed = 00:00:11 . Memory (MB): peak = 1457.055 ; gain = 0.000
ERROR: [Common 17-39] 'launch_simulation' failed due to earlier errors.
launch_simulation
Command: launch_simulation 
INFO: [Vivado 12-5698] Checking validity of IPs in the design for the 'XSim' simulator...
INFO: [Vivado 12-5682] Launching behavioral simulation in 'D:/GitHub/S4_APP2/pb_logique_seq.sim/sim_1/behav/xsim'
INFO: [Vivado 12-4795] Using compiled simulation libraries for IPs
INFO: [SIM-utils-51] Simulation object is 'sim_1'
INFO: [USF-XSim-7] Finding pre-compiled libraries...
INFO: [USF-XSim-11] File 'D:/xilinx/Vivado/2020.2/data/xsim/xsim.ini' copied to run dir:'D:/GitHub/S4_APP2/pb_logique_seq.sim/sim_1/behav/xsim'
INFO: [SIM-utils-54] Inspecting design source files for 'simul_module_sig_tb' in fileset 'sim_1'...
INFO: [USF-XSim-97] Finding global include files...
INFO: [USF-XSim-98] Fetching design files from 'sim_1'...
INFO: [USF-XSim-2] XSim::Compile design
INFO: [USF-XSim-61] Executing 'COMPILE and ANALYZE' step in 'D:/GitHub/S4_APP2/pb_logique_seq.sim/sim_1/behav/xsim'
"xvlog --incr --relax -prj simul_module_sig_tb_vlog.prj"
"xvhdl --incr --relax -prj simul_module_sig_tb_vhdl.prj"
INFO: [VRFC 10-163] Analyzing VHDL file "D:/GitHub/S4_APP2/pb_logique_seq.srcs/sim_1/imports/new/simul_module_sig_tb.vhd" into library xil_defaultlib
INFO: [VRFC 10-3107] analyzing entity 'simul_module_sig_tb'
INFO: [USF-XSim-69] 'compile' step finished in '2' seconds
INFO: [USF-XSim-3] XSim::Elaborate design
INFO: [USF-XSim-61] Executing 'ELABORATE' step in 'D:/GitHub/S4_APP2/pb_logique_seq.sim/sim_1/behav/xsim'
"xelab -wto ae302d5aa3284400815652c101d33dae --incr --debug typical --relax --mt 2 -L xil_defaultlib -L xlconstant_v1_1_7 -L util_vector_logic_v2_0_1 -L xlconcat_v2_1_4 -L xlslice_v1_0_2 -L unisims_ver -L unimacro_ver -L secureip -L xpm --snapshot simul_module_sig_tb_behav xil_defaultlib.simul_module_sig_tb xil_defaultlib.glbl -log elaborate.log"
Vivado Simulator 2020.2
Copyright 1986-1999, 2001-2020 Xilinx, Inc. All Rights Reserved.
Running: D:/xilinx/Vivado/2020.2/bin/unwrapped/win64.o/xelab.exe -wto ae302d5aa3284400815652c101d33dae --incr --debug typical --relax --mt 2 -L xil_defaultlib -L xlconstant_v1_1_7 -L util_vector_logic_v2_0_1 -L xlconcat_v2_1_4 -L xlslice_v1_0_2 -L unisims_ver -L unimacro_ver -L secureip -L xpm --snapshot simul_module_sig_tb_behav xil_defaultlib.simul_module_sig_tb xil_defaultlib.glbl -log elaborate.log 
Using 2 slave threads.
Starting static elaboration
Pass Through NonSizing Optimizer
Completed static elaboration
Starting simulation data flow analysis
Completed simulation data flow analysis
Time Resolution for simulation is 1ps
Compiling package std.standard
Compiling package std.textio
Compiling package ieee.std_logic_1164
Compiling package ieee.numeric_std
Compiling package ieee.std_logic_arith
Compiling package ieee.std_logic_unsigned
Compiling package ieee.std_logic_textio
Compiling package unisim.vcomponents
Compiling package vl.vl_types
Compiling module xil_defaultlib.glbl
Compiling architecture behavioral of entity xil_defaultlib.compteur_nbits [compteur_nbits_default]
Compiling architecture behavioral of entity xil_defaultlib.calcul_param_1 [calcul_param_1_default]
Compiling architecture behavioral of entity xil_defaultlib.compteur_nbits [\compteur_nbits(nbits=7)\]
Compiling architecture design_1_compteur_nbits_0_1_arch of entity xil_defaultlib.design_1_compteur_nbits_0_1 [design_1_compteur_nbits_0_1_defa...]
Compiling architecture behavioral of entity xil_defaultlib.mef_cod_i2s_vsb [mef_cod_i2s_vsb_default]
Compiling architecture design_1_mef_cod_i2s_vsb_0_0_arch of entity xil_defaultlib.design_1_mef_cod_i2s_vsb_0_0 [design_1_mef_cod_i2s_vsb_0_0_def...]
Compiling architecture behavioral of entity xil_defaultlib.mux2 [mux2_default]
Compiling architecture design_1_mux2_0_0_arch of entity xil_defaultlib.design_1_mux2_0_0 [design_1_mux2_0_0_default]
Compiling architecture behavioral of entity xil_defaultlib.reg_dec_24b_fd [reg_dec_24b_fd_default]
Compiling architecture design_1_reg_dec_24b_fd_0_0_arch of entity xil_defaultlib.design_1_reg_dec_24b_fd_0_0 [design_1_reg_dec_24b_fd_0_0_defa...]
Compiling module util_vector_logic_v2_0_1.util_vector_logic_v2_0_1_util_ve...
Compiling module xil_defaultlib.design_1_util_vector_logic_0_0
Compiling module xlconcat_v2_1_4.xlconcat_v2_1_4_xlconcat_default
Compiling module xil_defaultlib.design_1_xlconcat_0_0
Compiling module xlconstant_v1_1_7.xlconstant_v1_1_7_xlconstant(CON...
Compiling module xil_defaultlib.design_1_xlconstant_0_1
Compiling module xlslice_v1_0_2.xlslice_v1_0_2_xlslice(DIN_WIDTH...
Compiling module xil_defaultlib.design_1_xlslice_0_0
Compiling architecture structure of entity xil_defaultlib.M9_codeur_i2s_imp_1VJCTGL [m9_codeur_i2s_imp_1vjctgl_defaul...]
Compiling architecture behavioral of entity xil_defaultlib.affhexPmodSSD_v3 [affhexpmodssd_v3_default]
Compiling architecture design_1_affhexpmodssd_v3_0_0_arch of entity xil_defaultlib.design_1_affhexPmodSSD_v3_0_0 [design_1_affhexpmodssd_v3_0_0_de...]
Compiling architecture behavioral of entity xil_defaultlib.mef_decod_i2s_v1b [mef_decod_i2s_v1b_default]
Compiling architecture design_1_mef_decod_i2s_v1b_0_0_arch of entity xil_defaultlib.design_1_mef_decod_i2s_v1b_0_0 [design_1_mef_decod_i2s_v1b_0_0_d...]
Compiling architecture design_1_compteur_nbits_0_0_arch of entity xil_defaultlib.design_1_compteur_nbits_0_0 [design_1_compteur_nbits_0_0_defa...]
Compiling architecture behavioral of entity xil_defaultlib.reg_24b [reg_24b_default]
Compiling architecture design_1_reg_24b_0_0_arch of entity xil_defaultlib.design_1_reg_24b_0_0 [design_1_reg_24b_0_0_default]
Compiling architecture design_1_reg_24b_0_1_arch of entity xil_defaultlib.design_1_reg_24b_0_1 [design_1_reg_24b_0_1_default]
Compiling architecture behavioral of entity xil_defaultlib.reg_dec_24b [reg_dec_24b_default]
Compiling architecture design_1_reg_dec_24b_0_0_arch of entity xil_defaultlib.design_1_reg_dec_24b_0_0 [design_1_reg_dec_24b_0_0_default]
Compiling module xlconstant_v1_1_7.xlconstant_v1_1_7_xlconstant(CON...
Compiling module xil_defaultlib.design_1_xlconstant_0_2
Compiling module xlconstant_v1_1_7.xlconstant_v1_1_7_xlconstant(CON...
Compiling module xil_defaultlib.design_1_xlconstant_0_3
Compiling architecture structure of entity xil_defaultlib.M1_decodeur_i2s_imp_17RYJKZ [m1_decodeur_i2s_imp_17ryjkz_defa...]
Compiling architecture behavioral of entity xil_defaultlib.sig_fct_sat_dure [\sig_fct_sat_dure(c_ech_u24_max=...]
Compiling architecture design_1_sig_fct_sat_dure_0_0_arch of entity xil_defaultlib.design_1_sig_fct_sat_dure_0_0 [design_1_sig_fct_sat_dure_0_0_de...]
Compiling architecture behavioral of entity xil_defaultlib.sig_fct_sat_dure [sig_fct_sat_dure_default]
Compiling architecture design_1_sig_fct_sat_dure_0_1_arch of entity xil_defaultlib.design_1_sig_fct_sat_dure_0_1 [design_1_sig_fct_sat_dure_0_1_de...]
Compiling architecture behavioral of entity xil_defaultlib.sig_fct_3 [sig_fct_3_default]
Compiling architecture design_1_sig_fct_3_0_0_arch of entity xil_defaultlib.design_1_sig_fct_3_0_0 [design_1_sig_fct_3_0_0_default]
Compiling architecture design_1_calcul_param_1_0_0_arch of entity xil_defaultlib.design_1_calcul_param_1_0_0 [design_1_calcul_param_1_0_0_defa...]
Compiling architecture behavioral of entity xil_defaultlib.calcul_param_2 [calcul_param_2_default]
Compiling architecture design_1_calcul_param_2_0_0_arch of entity xil_defaultlib.design_1_calcul_param_2_0_0 [design_1_calcul_param_2_0_0_defa...]
Compiling architecture behavioral of entity xil_defaultlib.calcul_param_3 [calcul_param_3_default]
Compiling architecture design_1_calcul_param_3_0_0_arch of entity xil_defaultlib.design_1_calcul_param_3_0_0 [design_1_calcul_param_3_0_0_defa...]
Compiling architecture behavioral of entity xil_defaultlib.strb_gen [strb_gen_default]
Compiling architecture behavioral of entity xil_defaultlib.conditionne_btn_v7 [conditionne_btn_v7_default]
Compiling architecture behavior of entity xil_defaultlib.module_commande [module_commande_default]
Compiling architecture design_1_module_commande_0_0_arch of entity xil_defaultlib.design_1_module_commande_0_0 [design_1_module_commande_0_0_def...]
Compiling architecture behavioral of entity xil_defaultlib.mux4 [mux4_default]
Compiling architecture design_1_mux4_0_0_arch of entity xil_defaultlib.design_1_mux4_0_0 [design_1_mux4_0_0_default]
Compiling architecture behavioral of entity xil_defaultlib.mux4 [\mux4(input_length=8)\]
Compiling architecture design_1_mux4_0_1_arch of entity xil_defaultlib.design_1_mux4_0_1 [design_1_mux4_0_1_default]
Compiling module xlconstant_v1_1_7.xlconstant_v1_1_7_xlconstant(CON...
Compiling module xil_defaultlib.design_1_xlconstant_0_0
Compiling architecture structure of entity xil_defaultlib.design_1 [design_1_default]
Compiling architecture behavioral of entity xil_defaultlib.simul_module_sig_tb
Built simulation snapshot simul_module_sig_tb_behav

****** Webtalk v2020.2 (64-bit)
  **** SW Build 3064766 on Wed Nov 18 09:12:45 MST 2020
  **** IP Build 3064653 on Wed Nov 18 14:17:31 MST 2020
    ** Copyright 1986-2020 Xilinx, Inc. All Rights Reserved.

source D:/GitHub/S4_APP2/pb_logique_seq.sim/sim_1/behav/xsim/xsim.dir/simul_module_sig_tb_behav/webtalk/xsim_webtalk.tcl -notrace
INFO: [Common 17-206] Exiting Webtalk at Thu Jan 25 19:15:42 2024...
run_program: Time (s): cpu = 00:00:00 ; elapsed = 00:00:05 . Memory (MB): peak = 1457.055 ; gain = 0.000
INFO: [USF-XSim-69] 'elaborate' step finished in '5' seconds
INFO: [USF-XSim-4] XSim::Simulate design
INFO: [USF-XSim-61] Executing 'SIMULATE' step in 'D:/GitHub/S4_APP2/pb_logique_seq.sim/sim_1/behav/xsim'
INFO: [USF-XSim-98] *** Running xsim
   with args "simul_module_sig_tb_behav -key {Behavioral:sim_1:Functional:simul_module_sig_tb} -tclbatch {simul_module_sig_tb.tcl} -protoinst "protoinst_files/design_1.protoinst" -log {simulate.log}"
INFO: [USF-XSim-8] Loading simulator feature
Vivado Simulator 2020.2
INFO: [Wavedata 42-565] Reading protoinst file protoinst_files/design_1.protoinst
Time resolution is 1 ps
source simul_module_sig_tb.tcl
# set curr_wave [current_wave_config]
# if { [string length $curr_wave] == 0 } {
#   if { [llength [get_objects]] > 0} {
#     add_wave /
#     set_property needs_save false [current_wave_config]
#   } else {
#      send_msg_id Add_Wave-1 WARNING "No top level signals found. Simulator will start without a wave window. If you want to open a wave window go to 'File->New Waveform Configuration' or type 'create_wave_config' in the TCL console."
#   }
# }
WARNING: Simulation object /simul_module_sig_tb/leftInputFile was not traceable in the design for the following reason:
Vivado Simulator does not yet support tracing of VHDL variables.
WARNING: Simulation object /simul_module_sig_tb/rightInputFile was not traceable in the design for the following reason:
Vivado Simulator does not yet support tracing of VHDL variables.
WARNING: Simulation object /simul_module_sig_tb/fstatusLeft was not traceable in the design for the following reason:
Vivado Simulator does not yet support tracing of VHDL variables.
WARNING: Simulation object /simul_module_sig_tb/fstatusRight was not traceable in the design for the following reason:
Vivado Simulator does not yet support tracing of VHDL variables.
# run 1000ns
INFO: [USF-XSim-96] XSim completed. Design snapshot 'simul_module_sig_tb_behav' loaded.
INFO: [USF-XSim-97] XSim simulation ran for 1000ns
launch_simulation: Time (s): cpu = 00:00:04 ; elapsed = 00:00:10 . Memory (MB): peak = 1457.680 ; gain = 0.625
run 600 us
FATAL_ERROR: Iteration limit 10000 is reached. Possible zero delay oscillation detected where simulation time can not advance. Please check your source code. Note that the iteration limit can be changed using switch -maxdeltaid.
Time: 555715890 ps  Iteration: 10000
current_wave_config {Untitled 2}
Untitled 2
add_wave {{/simul_module_sig_tb/UUT_calc_param_1}} 
relaunch_sim
Command: launch_simulation -simset sim_1 -mode behavioral
INFO: [Vivado 12-5698] Checking validity of IPs in the design for the 'XSim' simulator...
INFO: [Vivado 12-5682] Launching behavioral simulation in 'D:/GitHub/S4_APP2/pb_logique_seq.sim/sim_1/behav/xsim'
INFO: [Vivado 12-4795] Using compiled simulation libraries for IPs
INFO: [SIM-utils-51] Simulation object is 'sim_1'
INFO: [USF-XSim-7] Finding pre-compiled libraries...
INFO: [USF-XSim-11] File 'D:/xilinx/Vivado/2020.2/data/xsim/xsim.ini' copied to run dir:'D:/GitHub/S4_APP2/pb_logique_seq.sim/sim_1/behav/xsim'
INFO: [SIM-utils-54] Inspecting design source files for 'simul_module_sig_tb' in fileset 'sim_1'...
INFO: [USF-XSim-97] Finding global include files...
INFO: [USF-XSim-98] Fetching design files from 'sim_1'...
INFO: [USF-XSim-2] XSim::Compile design
INFO: [USF-XSim-61] Executing 'COMPILE and ANALYZE' step in 'D:/GitHub/S4_APP2/pb_logique_seq.sim/sim_1/behav/xsim'
"xvlog --incr --relax -prj simul_module_sig_tb_vlog.prj"
"xvhdl --incr --relax -prj simul_module_sig_tb_vhdl.prj"
INFO: [USF-XSim-69] 'compile' step finished in '2' seconds
Command: launch_simulation -simset sim_1 -mode behavioral
INFO: [Vivado 12-5698] Checking validity of IPs in the design for the 'XSim' simulator...
INFO: [Vivado 12-5682] Launching behavioral simulation in 'D:/GitHub/S4_APP2/pb_logique_seq.sim/sim_1/behav/xsim'
INFO: [Vivado 12-4795] Using compiled simulation libraries for IPs
INFO: [USF-XSim-3] XSim::Elaborate design
INFO: [USF-XSim-61] Executing 'ELABORATE' step in 'D:/GitHub/S4_APP2/pb_logique_seq.sim/sim_1/behav/xsim'
"xelab -wto ae302d5aa3284400815652c101d33dae --incr --debug typical --relax --mt 2 -L xil_defaultlib -L xlconstant_v1_1_7 -L util_vector_logic_v2_0_1 -L xlconcat_v2_1_4 -L xlslice_v1_0_2 -L unisims_ver -L unimacro_ver -L secureip -L xpm --snapshot simul_module_sig_tb_behav xil_defaultlib.simul_module_sig_tb xil_defaultlib.glbl -log elaborate.log"
Vivado Simulator 2020.2
Copyright 1986-1999, 2001-2020 Xilinx, Inc. All Rights Reserved.
Running: D:/xilinx/Vivado/2020.2/bin/unwrapped/win64.o/xelab.exe -wto ae302d5aa3284400815652c101d33dae --incr --debug typical --relax --mt 2 -L xil_defaultlib -L xlconstant_v1_1_7 -L util_vector_logic_v2_0_1 -L xlconcat_v2_1_4 -L xlslice_v1_0_2 -L unisims_ver -L unimacro_ver -L secureip -L xpm --snapshot simul_module_sig_tb_behav xil_defaultlib.simul_module_sig_tb xil_defaultlib.glbl -log elaborate.log 
Using 2 slave threads.
Starting static elaboration
Pass Through NonSizing Optimizer
Completed static elaboration
INFO: [XSIM 43-4323] No Change in HDL. Linking previously generated obj files to create kernel
INFO: [USF-XSim-69] 'elaborate' step finished in '2' seconds
Vivado Simulator 2020.2
INFO: [Wavedata 42-565] Reading protoinst file protoinst_files/design_1.protoinst
Time resolution is 1 ps
relaunch_sim: Time (s): cpu = 00:00:03 ; elapsed = 00:00:09 . Memory (MB): peak = 2187.078 ; gain = 0.000
run 600 us
FATAL_ERROR: Iteration limit 10000 is reached. Possible zero delay oscillation detected where simulation time can not advance. Please check your source code. Note that the iteration limit can be changed using switch -maxdeltaid.
Time: 555715890 ps  Iteration: 10000
run 600 us
ERROR: [Simulator 45-1] A fatal run-time error was detected.  Simulation cannot continue.
run 600 us
ERROR: [Simulator 45-1] A fatal run-time error was detected.  Simulation cannot continue.
run 600 us
ERROR: [Simulator 45-1] A fatal run-time error was detected.  Simulation cannot continue.
run 600 us
ERROR: [Simulator 45-1] A fatal run-time error was detected.  Simulation cannot continue.
run 600 us
ERROR: [Simulator 45-1] A fatal run-time error was detected.  Simulation cannot continue.
run 600 us
ERROR: [Simulator 45-1] A fatal run-time error was detected.  Simulation cannot continue.
run 600 us
ERROR: [Simulator 45-1] A fatal run-time error was detected.  Simulation cannot continue.
run 600 us
ERROR: [Simulator 45-1] A fatal run-time error was detected.  Simulation cannot continue.
run 600 us
ERROR: [Simulator 45-1] A fatal run-time error was detected.  Simulation cannot continue.
run 600 us
ERROR: [Simulator 45-1] A fatal run-time error was detected.  Simulation cannot continue.
run 600 us
ERROR: [Simulator 45-1] A fatal run-time error was detected.  Simulation cannot continue.
run 600 us
ERROR: [Simulator 45-1] A fatal run-time error was detected.  Simulation cannot continue.
run 600 us
ERROR: [Simulator 45-1] A fatal run-time error was detected.  Simulation cannot continue.
run 600 us
ERROR: [Simulator 45-1] A fatal run-time error was detected.  Simulation cannot continue.
run 600 us
ERROR: [Simulator 45-1] A fatal run-time error was detected.  Simulation cannot continue.
run 600 us
ERROR: [Simulator 45-1] A fatal run-time error was detected.  Simulation cannot continue.
run 600 us
ERROR: [Simulator 45-1] A fatal run-time error was detected.  Simulation cannot continue.
run 600 us
ERROR: [Simulator 45-1] A fatal run-time error was detected.  Simulation cannot continue.
run 600 us
ERROR: [Simulator 45-1] A fatal run-time error was detected.  Simulation cannot continue.
run 600 us
ERROR: [Simulator 45-1] A fatal run-time error was detected.  Simulation cannot continue.
run 600 us
ERROR: [Simulator 45-1] A fatal run-time error was detected.  Simulation cannot continue.
run 600 us
ERROR: [Simulator 45-1] A fatal run-time error was detected.  Simulation cannot continue.
run 600 us
ERROR: [Simulator 45-1] A fatal run-time error was detected.  Simulation cannot continue.
run 600 us
ERROR: [Simulator 45-1] A fatal run-time error was detected.  Simulation cannot continue.
save_wave_config {D:/GitHub/S4_APP2/simul_module_sig_tb_behav.wcfg}
add_files -fileset sim_1 -norecurse D:/GitHub/S4_APP2/simul_module_sig_tb_behav.wcfg
set_property xsim.view D:/GitHub/S4_APP2/simul_module_sig_tb_behav.wcfg [get_filesets sim_1]
relaunch_sim
Command: launch_simulation -simset sim_1 -mode behavioral
INFO: [Vivado 12-5698] Checking validity of IPs in the design for the 'XSim' simulator...
INFO: [Vivado 12-5682] Launching behavioral simulation in 'D:/GitHub/S4_APP2/pb_logique_seq.sim/sim_1/behav/xsim'
INFO: [Vivado 12-4795] Using compiled simulation libraries for IPs
INFO: [SIM-utils-51] Simulation object is 'sim_1'
INFO: [USF-XSim-7] Finding pre-compiled libraries...
INFO: [USF-XSim-11] File 'D:/xilinx/Vivado/2020.2/data/xsim/xsim.ini' copied to run dir:'D:/GitHub/S4_APP2/pb_logique_seq.sim/sim_1/behav/xsim'
INFO: [SIM-utils-54] Inspecting design source files for 'simul_module_sig_tb' in fileset 'sim_1'...
INFO: [USF-XSim-97] Finding global include files...
INFO: [USF-XSim-98] Fetching design files from 'sim_1'...
INFO: [USF-XSim-2] XSim::Compile design
INFO: [USF-XSim-61] Executing 'COMPILE and ANALYZE' step in 'D:/GitHub/S4_APP2/pb_logique_seq.sim/sim_1/behav/xsim'
"xvlog --incr --relax -prj simul_module_sig_tb_vlog.prj"
"xvhdl --incr --relax -prj simul_module_sig_tb_vhdl.prj"
INFO: [VRFC 10-163] Analyzing VHDL file "D:/GitHub/S4_APP2/pb_logique_seq.srcs/sim_1/imports/new/simul_module_sig_tb.vhd" into library xil_defaultlib
INFO: [VRFC 10-3107] analyzing entity 'simul_module_sig_tb'
INFO: [USF-XSim-69] 'compile' step finished in '3' seconds
launch_simulation: Time (s): cpu = 00:00:01 ; elapsed = 00:00:07 . Memory (MB): peak = 2187.078 ; gain = 0.000
Command: launch_simulation -simset sim_1 -mode behavioral
INFO: [Vivado 12-5698] Checking validity of IPs in the design for the 'XSim' simulator...
INFO: [Vivado 12-5682] Launching behavioral simulation in 'D:/GitHub/S4_APP2/pb_logique_seq.sim/sim_1/behav/xsim'
INFO: [Vivado 12-4795] Using compiled simulation libraries for IPs
INFO: [USF-XSim-3] XSim::Elaborate design
INFO: [USF-XSim-61] Executing 'ELABORATE' step in 'D:/GitHub/S4_APP2/pb_logique_seq.sim/sim_1/behav/xsim'
"xelab -wto ae302d5aa3284400815652c101d33dae --incr --debug typical --relax --mt 2 -L xil_defaultlib -L xlconstant_v1_1_7 -L util_vector_logic_v2_0_1 -L xlconcat_v2_1_4 -L xlslice_v1_0_2 -L unisims_ver -L unimacro_ver -L secureip -L xpm --snapshot simul_module_sig_tb_behav xil_defaultlib.simul_module_sig_tb xil_defaultlib.glbl -log elaborate.log"
Vivado Simulator 2020.2
Copyright 1986-1999, 2001-2020 Xilinx, Inc. All Rights Reserved.
Running: D:/xilinx/Vivado/2020.2/bin/unwrapped/win64.o/xelab.exe -wto ae302d5aa3284400815652c101d33dae --incr --debug typical --relax --mt 2 -L xil_defaultlib -L xlconstant_v1_1_7 -L util_vector_logic_v2_0_1 -L xlconcat_v2_1_4 -L xlslice_v1_0_2 -L unisims_ver -L unimacro_ver -L secureip -L xpm --snapshot simul_module_sig_tb_behav xil_defaultlib.simul_module_sig_tb xil_defaultlib.glbl -log elaborate.log 
Using 2 slave threads.
Starting static elaboration
Pass Through NonSizing Optimizer
Completed static elaboration
Starting simulation data flow analysis
Completed simulation data flow analysis
Time Resolution for simulation is 1ps
Compiling package std.standard
Compiling package std.textio
Compiling package ieee.std_logic_1164
Compiling package ieee.numeric_std
Compiling package ieee.std_logic_arith
Compiling package ieee.std_logic_unsigned
Compiling package ieee.std_logic_textio
Compiling package unisim.vcomponents
Compiling package vl.vl_types
Compiling module xil_defaultlib.glbl
Compiling architecture behavioral of entity xil_defaultlib.calcul_param_1 [calcul_param_1_default]
Compiling architecture behavioral of entity xil_defaultlib.compteur_nbits [\compteur_nbits(nbits=7)\]
Compiling architecture design_1_compteur_nbits_0_1_arch of entity xil_defaultlib.design_1_compteur_nbits_0_1 [design_1_compteur_nbits_0_1_defa...]
Compiling architecture behavioral of entity xil_defaultlib.mef_cod_i2s_vsb [mef_cod_i2s_vsb_default]
Compiling architecture design_1_mef_cod_i2s_vsb_0_0_arch of entity xil_defaultlib.design_1_mef_cod_i2s_vsb_0_0 [design_1_mef_cod_i2s_vsb_0_0_def...]
Compiling architecture behavioral of entity xil_defaultlib.mux2 [mux2_default]
Compiling architecture design_1_mux2_0_0_arch of entity xil_defaultlib.design_1_mux2_0_0 [design_1_mux2_0_0_default]
Compiling architecture behavioral of entity xil_defaultlib.reg_dec_24b_fd [reg_dec_24b_fd_default]
Compiling architecture design_1_reg_dec_24b_fd_0_0_arch of entity xil_defaultlib.design_1_reg_dec_24b_fd_0_0 [design_1_reg_dec_24b_fd_0_0_defa...]
Compiling module util_vector_logic_v2_0_1.util_vector_logic_v2_0_1_util_ve...
Compiling module xil_defaultlib.design_1_util_vector_logic_0_0
Compiling module xlconcat_v2_1_4.xlconcat_v2_1_4_xlconcat_default
Compiling module xil_defaultlib.design_1_xlconcat_0_0
Compiling module xlconstant_v1_1_7.xlconstant_v1_1_7_xlconstant(CON...
Compiling module xil_defaultlib.design_1_xlconstant_0_1
Compiling module xlslice_v1_0_2.xlslice_v1_0_2_xlslice(DIN_WIDTH...
Compiling module xil_defaultlib.design_1_xlslice_0_0
Compiling architecture structure of entity xil_defaultlib.M9_codeur_i2s_imp_1VJCTGL [m9_codeur_i2s_imp_1vjctgl_defaul...]
Compiling architecture behavioral of entity xil_defaultlib.affhexPmodSSD_v3 [affhexpmodssd_v3_default]
Compiling architecture design_1_affhexpmodssd_v3_0_0_arch of entity xil_defaultlib.design_1_affhexPmodSSD_v3_0_0 [design_1_affhexpmodssd_v3_0_0_de...]
Compiling architecture behavioral of entity xil_defaultlib.mef_decod_i2s_v1b [mef_decod_i2s_v1b_default]
Compiling architecture design_1_mef_decod_i2s_v1b_0_0_arch of entity xil_defaultlib.design_1_mef_decod_i2s_v1b_0_0 [design_1_mef_decod_i2s_v1b_0_0_d...]
Compiling architecture design_1_compteur_nbits_0_0_arch of entity xil_defaultlib.design_1_compteur_nbits_0_0 [design_1_compteur_nbits_0_0_defa...]
Compiling architecture behavioral of entity xil_defaultlib.reg_24b [reg_24b_default]
Compiling architecture design_1_reg_24b_0_0_arch of entity xil_defaultlib.design_1_reg_24b_0_0 [design_1_reg_24b_0_0_default]
Compiling architecture design_1_reg_24b_0_1_arch of entity xil_defaultlib.design_1_reg_24b_0_1 [design_1_reg_24b_0_1_default]
Compiling architecture behavioral of entity xil_defaultlib.reg_dec_24b [reg_dec_24b_default]
Compiling architecture design_1_reg_dec_24b_0_0_arch of entity xil_defaultlib.design_1_reg_dec_24b_0_0 [design_1_reg_dec_24b_0_0_default]
Compiling module xlconstant_v1_1_7.xlconstant_v1_1_7_xlconstant(CON...
Compiling module xil_defaultlib.design_1_xlconstant_0_2
Compiling module xlconstant_v1_1_7.xlconstant_v1_1_7_xlconstant(CON...
Compiling module xil_defaultlib.design_1_xlconstant_0_3
Compiling architecture structure of entity xil_defaultlib.M1_decodeur_i2s_imp_17RYJKZ [m1_decodeur_i2s_imp_17ryjkz_defa...]
Compiling architecture behavioral of entity xil_defaultlib.sig_fct_sat_dure [\sig_fct_sat_dure(c_ech_u24_max=...]
Compiling architecture design_1_sig_fct_sat_dure_0_0_arch of entity xil_defaultlib.design_1_sig_fct_sat_dure_0_0 [design_1_sig_fct_sat_dure_0_0_de...]
Compiling architecture behavioral of entity xil_defaultlib.sig_fct_sat_dure [sig_fct_sat_dure_default]
Compiling architecture design_1_sig_fct_sat_dure_0_1_arch of entity xil_defaultlib.design_1_sig_fct_sat_dure_0_1 [design_1_sig_fct_sat_dure_0_1_de...]
Compiling architecture behavioral of entity xil_defaultlib.sig_fct_3 [sig_fct_3_default]
Compiling architecture design_1_sig_fct_3_0_0_arch of entity xil_defaultlib.design_1_sig_fct_3_0_0 [design_1_sig_fct_3_0_0_default]
Compiling architecture design_1_calcul_param_1_0_0_arch of entity xil_defaultlib.design_1_calcul_param_1_0_0 [design_1_calcul_param_1_0_0_defa...]
Compiling architecture behavioral of entity xil_defaultlib.calcul_param_2 [calcul_param_2_default]
Compiling architecture design_1_calcul_param_2_0_0_arch of entity xil_defaultlib.design_1_calcul_param_2_0_0 [design_1_calcul_param_2_0_0_defa...]
Compiling architecture behavioral of entity xil_defaultlib.calcul_param_3 [calcul_param_3_default]
Compiling architecture design_1_calcul_param_3_0_0_arch of entity xil_defaultlib.design_1_calcul_param_3_0_0 [design_1_calcul_param_3_0_0_defa...]
Compiling architecture behavioral of entity xil_defaultlib.strb_gen [strb_gen_default]
Compiling architecture behavioral of entity xil_defaultlib.conditionne_btn_v7 [conditionne_btn_v7_default]
Compiling architecture behavior of entity xil_defaultlib.module_commande [module_commande_default]
Compiling architecture design_1_module_commande_0_0_arch of entity xil_defaultlib.design_1_module_commande_0_0 [design_1_module_commande_0_0_def...]
Compiling architecture behavioral of entity xil_defaultlib.mux4 [mux4_default]
Compiling architecture design_1_mux4_0_0_arch of entity xil_defaultlib.design_1_mux4_0_0 [design_1_mux4_0_0_default]
Compiling architecture behavioral of entity xil_defaultlib.mux4 [\mux4(input_length=8)\]
Compiling architecture design_1_mux4_0_1_arch of entity xil_defaultlib.design_1_mux4_0_1 [design_1_mux4_0_1_default]
Compiling module xlconstant_v1_1_7.xlconstant_v1_1_7_xlconstant(CON...
Compiling module xil_defaultlib.design_1_xlconstant_0_0
Compiling architecture structure of entity xil_defaultlib.design_1 [design_1_default]
Compiling architecture behavioral of entity xil_defaultlib.simul_module_sig_tb
Built simulation snapshot simul_module_sig_tb_behav
INFO: [USF-XSim-69] 'elaborate' step finished in '4' seconds
Vivado Simulator 2020.2
INFO: [Wavedata 42-565] Reading protoinst file protoinst_files/design_1.protoinst
Time resolution is 1 ps
relaunch_sim: Time (s): cpu = 00:00:03 ; elapsed = 00:00:15 . Memory (MB): peak = 2187.078 ; gain = 0.000
run 600 us
FATAL_ERROR: Iteration limit 10000 is reached. Possible zero delay oscillation detected where simulation time can not advance. Please check your source code. Note that the iteration limit can be changed using switch -maxdeltaid.
Time: 555715890 ps  Iteration: 10000
relaunch_sim
Command: launch_simulation -simset sim_1 -mode behavioral
INFO: [Vivado 12-5698] Checking validity of IPs in the design for the 'XSim' simulator...
INFO: [Vivado 12-5682] Launching behavioral simulation in 'D:/GitHub/S4_APP2/pb_logique_seq.sim/sim_1/behav/xsim'
INFO: [Vivado 12-4795] Using compiled simulation libraries for IPs
INFO: [SIM-utils-51] Simulation object is 'sim_1'
INFO: [USF-XSim-7] Finding pre-compiled libraries...
INFO: [USF-XSim-11] File 'D:/xilinx/Vivado/2020.2/data/xsim/xsim.ini' copied to run dir:'D:/GitHub/S4_APP2/pb_logique_seq.sim/sim_1/behav/xsim'
INFO: [SIM-utils-54] Inspecting design source files for 'simul_module_sig_tb' in fileset 'sim_1'...
INFO: [USF-XSim-97] Finding global include files...
INFO: [USF-XSim-98] Fetching design files from 'sim_1'...
INFO: [USF-XSim-2] XSim::Compile design
INFO: [USF-XSim-61] Executing 'COMPILE and ANALYZE' step in 'D:/GitHub/S4_APP2/pb_logique_seq.sim/sim_1/behav/xsim'
"xvlog --incr --relax -prj simul_module_sig_tb_vlog.prj"
"xvhdl --incr --relax -prj simul_module_sig_tb_vhdl.prj"
INFO: [VRFC 10-163] Analyzing VHDL file "D:/GitHub/S4_APP2/pb_logique_seq.srcs/sources_1/imports/new/calcul_param_1.vhd" into library xil_defaultlib
INFO: [VRFC 10-3107] analyzing entity 'calcul_param_1'
INFO: [USF-XSim-69] 'compile' step finished in '3' seconds
launch_simulation: Time (s): cpu = 00:00:01 ; elapsed = 00:00:20 . Memory (MB): peak = 2209.211 ; gain = 0.000
Command: launch_simulation -simset sim_1 -mode behavioral
INFO: [Vivado 12-5698] Checking validity of IPs in the design for the 'XSim' simulator...
INFO: [Vivado 12-5682] Launching behavioral simulation in 'D:/GitHub/S4_APP2/pb_logique_seq.sim/sim_1/behav/xsim'
INFO: [Vivado 12-4795] Using compiled simulation libraries for IPs
INFO: [USF-XSim-3] XSim::Elaborate design
INFO: [USF-XSim-61] Executing 'ELABORATE' step in 'D:/GitHub/S4_APP2/pb_logique_seq.sim/sim_1/behav/xsim'
"xelab -wto ae302d5aa3284400815652c101d33dae --incr --debug typical --relax --mt 2 -L xil_defaultlib -L xlconstant_v1_1_7 -L util_vector_logic_v2_0_1 -L xlconcat_v2_1_4 -L xlslice_v1_0_2 -L unisims_ver -L unimacro_ver -L secureip -L xpm --snapshot simul_module_sig_tb_behav xil_defaultlib.simul_module_sig_tb xil_defaultlib.glbl -log elaborate.log"
Vivado Simulator 2020.2
Copyright 1986-1999, 2001-2020 Xilinx, Inc. All Rights Reserved.
Running: D:/xilinx/Vivado/2020.2/bin/unwrapped/win64.o/xelab.exe -wto ae302d5aa3284400815652c101d33dae --incr --debug typical --relax --mt 2 -L xil_defaultlib -L xlconstant_v1_1_7 -L util_vector_logic_v2_0_1 -L xlconcat_v2_1_4 -L xlslice_v1_0_2 -L unisims_ver -L unimacro_ver -L secureip -L xpm --snapshot simul_module_sig_tb_behav xil_defaultlib.simul_module_sig_tb xil_defaultlib.glbl -log elaborate.log 
Using 2 slave threads.
Starting static elaboration
Pass Through NonSizing Optimizer
Completed static elaboration
INFO: [XSIM 43-4323] No Change in HDL. Linking previously generated obj files to create kernel
INFO: [USF-XSim-69] 'elaborate' step finished in '2' seconds
Vivado Simulator 2020.2
INFO: [Wavedata 42-565] Reading protoinst file protoinst_files/design_1.protoinst
Time resolution is 1 ps
relaunch_sim: Time (s): cpu = 00:00:04 ; elapsed = 00:00:26 . Memory (MB): peak = 2209.211 ; gain = 0.000
run 600 us
FATAL_ERROR: Iteration limit 10000 is reached. Possible zero delay oscillation detected where simulation time can not advance. Please check your source code. Note that the iteration limit can be changed using switch -maxdeltaid.
Time: 555715890 ps  Iteration: 10000
relaunch_sim
Command: launch_simulation -simset sim_1 -mode behavioral
INFO: [Vivado 12-5698] Checking validity of IPs in the design for the 'XSim' simulator...
INFO: [Vivado 12-5682] Launching behavioral simulation in 'D:/GitHub/S4_APP2/pb_logique_seq.sim/sim_1/behav/xsim'
INFO: [Vivado 12-4795] Using compiled simulation libraries for IPs
INFO: [SIM-utils-51] Simulation object is 'sim_1'
INFO: [USF-XSim-7] Finding pre-compiled libraries...
INFO: [USF-XSim-11] File 'D:/xilinx/Vivado/2020.2/data/xsim/xsim.ini' copied to run dir:'D:/GitHub/S4_APP2/pb_logique_seq.sim/sim_1/behav/xsim'
INFO: [SIM-utils-54] Inspecting design source files for 'simul_module_sig_tb' in fileset 'sim_1'...
INFO: [USF-XSim-97] Finding global include files...
INFO: [USF-XSim-98] Fetching design files from 'sim_1'...
INFO: [USF-XSim-2] XSim::Compile design
INFO: [USF-XSim-61] Executing 'COMPILE and ANALYZE' step in 'D:/GitHub/S4_APP2/pb_logique_seq.sim/sim_1/behav/xsim'
"xvlog --incr --relax -prj simul_module_sig_tb_vlog.prj"
"xvhdl --incr --relax -prj simul_module_sig_tb_vhdl.prj"
INFO: [VRFC 10-163] Analyzing VHDL file "D:/GitHub/S4_APP2/pb_logique_seq.srcs/sources_1/imports/new/calcul_param_1.vhd" into library xil_defaultlib
INFO: [VRFC 10-3107] analyzing entity 'calcul_param_1'
INFO: [USF-XSim-69] 'compile' step finished in '3' seconds
launch_simulation: Time (s): cpu = 00:00:01 ; elapsed = 00:00:11 . Memory (MB): peak = 2209.211 ; gain = 0.000
Command: launch_simulation -simset sim_1 -mode behavioral
INFO: [Vivado 12-5698] Checking validity of IPs in the design for the 'XSim' simulator...
INFO: [Vivado 12-5682] Launching behavioral simulation in 'D:/GitHub/S4_APP2/pb_logique_seq.sim/sim_1/behav/xsim'
INFO: [Vivado 12-4795] Using compiled simulation libraries for IPs
INFO: [USF-XSim-3] XSim::Elaborate design
INFO: [USF-XSim-61] Executing 'ELABORATE' step in 'D:/GitHub/S4_APP2/pb_logique_seq.sim/sim_1/behav/xsim'
"xelab -wto ae302d5aa3284400815652c101d33dae --incr --debug typical --relax --mt 2 -L xil_defaultlib -L xlconstant_v1_1_7 -L util_vector_logic_v2_0_1 -L xlconcat_v2_1_4 -L xlslice_v1_0_2 -L unisims_ver -L unimacro_ver -L secureip -L xpm --snapshot simul_module_sig_tb_behav xil_defaultlib.simul_module_sig_tb xil_defaultlib.glbl -log elaborate.log"
Vivado Simulator 2020.2
Copyright 1986-1999, 2001-2020 Xilinx, Inc. All Rights Reserved.
Running: D:/xilinx/Vivado/2020.2/bin/unwrapped/win64.o/xelab.exe -wto ae302d5aa3284400815652c101d33dae --incr --debug typical --relax --mt 2 -L xil_defaultlib -L xlconstant_v1_1_7 -L util_vector_logic_v2_0_1 -L xlconcat_v2_1_4 -L xlslice_v1_0_2 -L unisims_ver -L unimacro_ver -L secureip -L xpm --snapshot simul_module_sig_tb_behav xil_defaultlib.simul_module_sig_tb xil_defaultlib.glbl -log elaborate.log 
Using 2 slave threads.
Starting static elaboration
Pass Through NonSizing Optimizer
Completed static elaboration
INFO: [XSIM 43-4323] No Change in HDL. Linking previously generated obj files to create kernel
INFO: [USF-XSim-69] 'elaborate' step finished in '2' seconds
Vivado Simulator 2020.2
INFO: [Wavedata 42-565] Reading protoinst file protoinst_files/design_1.protoinst
Time resolution is 1 ps
relaunch_sim: Time (s): cpu = 00:00:03 ; elapsed = 00:00:17 . Memory (MB): peak = 2209.211 ; gain = 0.000
run 600 us
FATAL_ERROR: Iteration limit 10000 is reached. Possible zero delay oscillation detected where simulation time can not advance. Please check your source code. Note that the iteration limit can be changed using switch -maxdeltaid.
Time: 555715890 ps  Iteration: 10000
